INFO 2023-08-30 19:03:10,273 autoreload 636 Watching for file changes with StatReloader
INFO 2023-08-30 19:03:18,670 basehttp 161 "GET / HTTP/1.1" 200 10697
INFO 2023-08-30 19:15:36,482 autoreload 636 Watching for file changes with StatReloader
INFO 2023-08-30 19:16:08,528 basehttp 161 "GET / HTTP/1.1" 200 10697
INFO 2023-08-30 19:16:42,706 autoreload 250 E:\PythonProject\meiduo_project\meiduo_mall\meiduo_mall\settings.py changed, reloading.
INFO 2023-08-30 19:16:43,501 autoreload 636 Watching for file changes with StatReloader
INFO 2023-08-30 21:39:57,805 basehttp 161 "GET / HTTP/1.1" 200 10697
INFO 2023-08-30 22:38:06,377 autoreload 636 Watching for file changes with StatReloader
INFO 2023-08-30 22:40:40,074 autoreload 250 E:\PythonProject\meiduo_project\meiduo_mall\meiduo_mall\settings.py changed, reloading.
INFO 2023-08-30 22:40:40,568 autoreload 636 Watching for file changes with StatReloader
INFO 2023-08-30 22:41:53,210 autoreload 636 Watching for file changes with StatReloader
INFO 2023-08-30 22:45:22,661 autoreload 636 Watching for file changes with StatReloader
INFO 2023-08-30 22:45:42,557 autoreload 250 E:\PythonProject\meiduo_project\meiduo_mall\apps\users\apps.py changed, reloading.
INFO 2023-08-30 22:45:43,042 autoreload 636 Watching for file changes with StatReloader
INFO 2023-08-30 22:46:21,741 autoreload 636 Watching for file changes with StatReloader
INFO 2023-08-30 22:46:35,554 autoreload 636 Watching for file changes with StatReloader
INFO 2023-08-30 22:46:48,328 autoreload 636 Watching for file changes with StatReloader
INFO 2023-08-30 22:47:11,986 autoreload 250 E:\PythonProject\meiduo_project\meiduo_mall\apps\users\models.py changed, reloading.
INFO 2023-08-30 22:47:12,671 autoreload 636 Watching for file changes with StatReloader
INFO 2023-08-30 22:53:58,757 autoreload 250 E:\PythonProject\meiduo_project\meiduo_mall\apps\users\apps.py changed, reloading.
INFO 2023-08-30 22:53:59,339 autoreload 636 Watching for file changes with StatReloader
INFO 2023-08-30 22:56:36,184 autoreload 636 Watching for file changes with StatReloader
INFO 2023-08-30 23:04:28,742 autoreload 636 Watching for file changes with StatReloader
INFO 2023-08-30 23:04:39,413 autoreload 250 E:\PythonProject\meiduo_project\meiduo_mall\apps\users\apps.py changed, reloading.
INFO 2023-08-30 23:04:40,073 autoreload 636 Watching for file changes with StatReloader
INFO 2023-08-30 23:07:33,165 autoreload 636 Watching for file changes with StatReloader
INFO 2023-08-30 23:09:26,510 autoreload 250 E:\PythonProject\meiduo_project\meiduo_mall\apps\users\apps.py changed, reloading.
INFO 2023-08-30 23:09:27,081 autoreload 636 Watching for file changes with StatReloader
INFO 2023-08-30 23:10:15,993 autoreload 636 Watching for file changes with StatReloader
INFO 2023-08-30 23:36:37,943 autoreload 636 Watching for file changes with StatReloader
INFO 2023-08-30 23:36:40,395 basehttp 161 "GET / HTTP/1.1" 200 10697
INFO 2023-08-31 09:38:57,424 autoreload 636 Watching for file changes with StatReloader
INFO 2023-08-31 09:40:46,297 autoreload 636 Watching for file changes with StatReloader
WARNING 2023-08-31 09:41:20,585 log 224 Not Found: /username/daguo/count/
WARNING 2023-08-31 09:41:20,586 basehttp 161 "GET /username/daguo/count/ HTTP/1.1" 404 2131
INFO 2023-08-31 09:41:52,540 autoreload 636 Watching for file changes with StatReloader
INFO 2023-08-31 09:42:05,445 autoreload 636 Watching for file changes with StatReloader
WARNING 2023-08-31 09:42:08,448 log 224 Not Found: /username/daguo/count/
WARNING 2023-08-31 09:42:08,448 basehttp 161 "GET /username/daguo/count/ HTTP/1.1" 404 2211
WARNING 2023-08-31 09:42:34,049 log 224 Not Found: /usernames/user/count/
WARNING 2023-08-31 09:42:34,049 basehttp 161 "GET /usernames/user/count/ HTTP/1.1" 404 2211
INFO 2023-08-31 09:42:56,629 autoreload 636 Watching for file changes with StatReloader
INFO 2023-08-31 09:42:59,991 basehttp 161 "GET /usernames/user/count/ HTTP/1.1" 200 39
INFO 2023-08-31 09:48:45,346 autoreload 250 E:\PythonProject\meiduo_project\meiduo_mall\apps\users\views.py changed, reloading.
INFO 2023-08-31 09:48:45,918 autoreload 636 Watching for file changes with StatReloader
INFO 2023-08-31 09:48:54,327 basehttp 161 "GET /usernames/user/count/ HTTP/1.1" 200 75
INFO 2023-08-31 09:54:39,681 autoreload 636 Watching for file changes with StatReloader
WARNING 2023-08-31 09:54:44,858 log 224 Not Found: /usernames/user/count/
WARNING 2023-08-31 09:54:44,859 basehttp 161 "GET /usernames/user/count/ HTTP/1.1" 404 2219
INFO 2023-08-31 10:09:52,652 autoreload 250 E:\PythonProject\meiduo_project\meiduo_mall\meiduo_mall\settings.py changed, reloading.
INFO 2023-08-31 10:09:53,190 autoreload 636 Watching for file changes with StatReloader
INFO 2023-08-31 10:11:00,322 autoreload 250 E:\PythonProject\meiduo_project\meiduo_mall\meiduo_mall\settings.py changed, reloading.
INFO 2023-08-31 10:11:00,881 autoreload 636 Watching for file changes with StatReloader
INFO 2023-08-31 10:12:11,047 autoreload 250 E:\PythonProject\meiduo_project\meiduo_mall\meiduo_mall\settings.py changed, reloading.
INFO 2023-08-31 10:12:11,622 autoreload 636 Watching for file changes with StatReloader
INFO 2023-08-31 10:13:05,360 autoreload 250 E:\PythonProject\meiduo_project\meiduo_mall\meiduo_mall\settings.py changed, reloading.
INFO 2023-08-31 10:13:05,941 autoreload 636 Watching for file changes with StatReloader
INFO 2023-08-31 10:16:38,313 autoreload 636 Watching for file changes with StatReloader
WARNING 2023-08-31 10:20:44,145 log 224 Not Found: /usernames/daguo/count/
WARNING 2023-08-31 10:20:44,146 basehttp 161 "GET /usernames/daguo/count/ HTTP/1.1" 404 2222
INFO 2023-08-31 10:21:06,750 autoreload 250 E:\PythonProject\meiduo_project\meiduo_mall\meiduo_mall\settings.py changed, reloading.
INFO 2023-08-31 10:21:07,386 autoreload 636 Watching for file changes with StatReloader
WARNING 2023-08-31 10:21:08,936 log 224 Not Found: /usernames/daguo/count/
WARNING 2023-08-31 10:21:08,936 basehttp 161 "GET /usernames/daguo/count/ HTTP/1.1" 404 2222
WARNING 2023-08-31 10:21:16,020 log 224 Not Found: /usernames/daguo2/count/
WARNING 2023-08-31 10:21:16,020 basehttp 161 "GET /usernames/daguo2/count/ HTTP/1.1" 404 2225
WARNING 2023-08-31 10:21:43,270 log 224 Not Found: /username/daguo/count/
WARNING 2023-08-31 10:21:43,271 basehttp 161 "GET /username/daguo/count/ HTTP/1.1" 404 2219
WARNING 2023-08-31 10:23:38,901 log 224 Not Found: /username/daguo/count/
WARNING 2023-08-31 10:23:38,902 basehttp 161 "GET /username/daguo/count/ HTTP/1.1" 404 2219
INFO 2023-08-31 10:23:44,046 autoreload 250 E:\PythonProject\meiduo_project\meiduo_mall\apps\users\urls.py changed, reloading.
INFO 2023-08-31 10:23:44,653 autoreload 636 Watching for file changes with StatReloader
INFO 2023-08-31 10:23:58,222 autoreload 636 Watching for file changes with StatReloader
WARNING 2023-08-31 10:24:01,526 log 224 Not Found: /username/daguo/count/
WARNING 2023-08-31 10:24:01,527 basehttp 161 "GET /username/daguo/count/ HTTP/1.1" 404 2210
INFO 2023-08-31 10:24:22,424 autoreload 250 E:\PythonProject\meiduo_project\meiduo_mall\meiduo_mall\settings.py changed, reloading.
INFO 2023-08-31 10:24:23,053 autoreload 636 Watching for file changes with StatReloader
WARNING 2023-08-31 10:24:24,703 log 224 Not Found: /username/daguo/count/
WARNING 2023-08-31 10:24:24,704 basehttp 161 "GET /username/daguo/count/ HTTP/1.1" 404 2210
WARNING 2023-08-31 10:24:33,614 log 224 Not Found: /username/daguo2/count/
WARNING 2023-08-31 10:24:33,615 basehttp 161 "GET /username/daguo2/count/ HTTP/1.1" 404 2213
INFO 2023-08-31 10:24:56,430 autoreload 250 E:\PythonProject\meiduo_project\meiduo_mall\apps\users\views.py changed, reloading.
INFO 2023-08-31 10:24:57,017 autoreload 636 Watching for file changes with StatReloader
WARNING 2023-08-31 10:24:59,627 log 224 Not Found: /username/daguo2/count/
WARNING 2023-08-31 10:24:59,627 basehttp 161 "GET /username/daguo2/count/ HTTP/1.1" 404 2213
WARNING 2023-08-31 10:25:02,575 log 224 Not Found: /username/dagu/count/
WARNING 2023-08-31 10:25:02,576 basehttp 161 "GET /username/dagu/count/ HTTP/1.1" 404 2207
WARNING 2023-08-31 10:25:42,648 log 224 Not Found: /
WARNING 2023-08-31 10:25:42,649 basehttp 161 "GET / HTTP/1.1" 404 2129
INFO 2023-08-31 10:25:42,680 autoreload 250 E:\PythonProject\meiduo_project\meiduo_mall\meiduo_mall\settings.py changed, reloading.
INFO 2023-08-31 10:25:43,317 autoreload 636 Watching for file changes with StatReloader
WARNING 2023-08-31 10:25:43,598 log 224 Not Found: /favicon.ico
WARNING 2023-08-31 10:25:43,598 basehttp 161 "GET /favicon.ico HTTP/1.1" 404 2180
INFO 2023-08-31 10:26:05,813 basehttp 161 "GET /usernames/daguo/count/ HTTP/1.1" 200 39
WARNING 2023-08-31 10:26:21,727 log 224 Not Found: /username/dagu0/count/
WARNING 2023-08-31 10:26:21,727 basehttp 161 "GET /username/dagu0/count/ HTTP/1.1" 404 2210
INFO 2023-08-31 10:26:53,341 basehttp 161 "GET /usernames/daguo/count/ HTTP/1.1" 200 39
INFO 2023-08-31 10:27:01,223 basehttp 161 "GET /usernames/daguo/count/ HTTP/1.1" 200 39
INFO 2023-08-31 10:27:12,101 autoreload 250 E:\PythonProject\meiduo_project\meiduo_mall\apps\users\views.py changed, reloading.
INFO 2023-08-31 10:27:12,674 autoreload 636 Watching for file changes with StatReloader
INFO 2023-08-31 10:27:20,219 autoreload 250 E:\PythonProject\meiduo_project\meiduo_mall\apps\users\urls.py changed, reloading.
INFO 2023-08-31 10:27:20,759 autoreload 636 Watching for file changes with StatReloader
WARNING 2023-08-31 10:27:24,622 log 224 Not Found: /usernames/daguo/count/
WARNING 2023-08-31 10:27:24,624 basehttp 161 "GET /usernames/daguo/count/ HTTP/1.1" 404 2222
WARNING 2023-08-31 10:27:28,041 log 224 Not Found: /usernames/daguo/count/
WARNING 2023-08-31 10:27:28,041 basehttp 161 "GET /usernames/daguo/count/ HTTP/1.1" 404 2222
INFO 2023-08-31 10:28:31,241 autoreload 250 E:\PythonProject\meiduo_project\meiduo_mall\utils\converters.py changed, reloading.
INFO 2023-08-31 10:28:31,848 autoreload 636 Watching for file changes with StatReloader
INFO 2023-08-31 10:28:35,206 basehttp 161 "GET /usernames/daguo/count/ HTTP/1.1" 200 39
INFO 2023-08-31 10:28:43,302 basehttp 161 "GET /usernames/daguo/count/ HTTP/1.1" 200 39
WARNING 2023-08-31 10:28:47,400 log 224 Not Found: /usernames/dago/count/
WARNING 2023-08-31 10:28:47,401 basehttp 161 "GET /usernames/dago/count/ HTTP/1.1" 404 2219
INFO 2023-08-31 10:28:52,293 basehttp 161 "GET /usernames/daguo/count/ HTTP/1.1" 200 39
INFO 2023-08-31 10:29:22,696 autoreload 250 E:\PythonProject\meiduo_project\meiduo_mall\apps\users\views.py changed, reloading.
INFO 2023-08-31 10:29:23,232 autoreload 636 Watching for file changes with StatReloader
INFO 2023-08-31 10:35:49,601 autoreload 250 E:\PythonProject\meiduo_project\meiduo_mall\meiduo_mall\settings.py changed, reloading.
INFO 2023-08-31 10:35:50,171 autoreload 636 Watching for file changes with StatReloader
INFO 2023-08-31 10:44:29,619 autoreload 636 Watching for file changes with StatReloader
WARNING 2023-08-31 10:44:36,866 log 224 Not Found: /image_codes/bea83738-fdb0-425c-8a0c-e44aa411bbce/
WARNING 2023-08-31 10:44:36,866 basehttp 161 "GET /image_codes/bea83738-fdb0-425c-8a0c-e44aa411bbce/ HTTP/1.1" 404 2309
WARNING 2023-08-31 10:45:26,486 log 224 Not Found: /
WARNING 2023-08-31 10:45:26,487 basehttp 161 "GET / HTTP/1.1" 404 2144
WARNING 2023-08-31 10:45:26,620 log 224 Not Found: /favicon.ico
WARNING 2023-08-31 10:45:26,621 basehttp 161 "GET /favicon.ico HTTP/1.1" 404 2195
INFO 2023-08-31 10:46:01,688 autoreload 636 Watching for file changes with StatReloader
WARNING 2023-08-31 10:48:55,732 log 224 Not Found: /carts/simple/
WARNING 2023-08-31 10:48:55,732 basehttp 161 "GET /carts/simple/ HTTP/1.1" 404 2201
WARNING 2023-08-31 10:49:07,271 log 224 Not Found: /image_codes/e4466bf4-08be-4efd-94c0-8ca85963344f/
WARNING 2023-08-31 10:49:07,273 basehttp 161 "GET /image_codes/e4466bf4-08be-4efd-94c0-8ca85963344f/ HTTP/1.1" 404 2309
WARNING 2023-08-31 10:49:59,042 log 224 Not Found: /image_codes/15bcd242-73fe-4a3e-8526-40c9c9086318/
WARNING 2023-08-31 10:49:59,042 basehttp 161 "GET /image_codes/15bcd242-73fe-4a3e-8526-40c9c9086318/ HTTP/1.1" 404 2309
INFO 2023-08-31 10:50:16,099 basehttp 161 "GET /usernames/daguo/count/ HTTP/1.1" 200 39
INFO 2023-08-31 10:50:52,564 autoreload 250 E:\PythonProject\meiduo_project\meiduo_mall\meiduo_mall\settings.py changed, reloading.
INFO 2023-08-31 10:50:53,157 autoreload 636 Watching for file changes with StatReloader
WARNING 2023-08-31 10:50:55,427 log 224 Not Found: /image_codes/25ef87c1-1115-498e-9e19-7d63d5cca630/
WARNING 2023-08-31 10:50:55,428 basehttp 161 "GET /image_codes/25ef87c1-1115-498e-9e19-7d63d5cca630/ HTTP/1.1" 404 2309
INFO 2023-08-31 10:50:59,117 basehttp 161 "GET /usernames/daguo/count/ HTTP/1.1" 200 39
INFO 2023-08-31 10:51:02,322 basehttp 161 "GET /usernames/daguo/count/ HTTP/1.1" 200 39
INFO 2023-08-31 10:51:28,335 autoreload 636 Watching for file changes with StatReloader
INFO 2023-08-31 10:51:32,785 basehttp 161 "GET /usernames/daguo/count/ HTTP/1.1" 200 39
WARNING 2023-08-31 10:51:33,226 log 224 Not Found: /carts/simple/
WARNING 2023-08-31 10:51:33,227 basehttp 161 "GET /carts/simple/ HTTP/1.1" 404 2201
WARNING 2023-08-31 10:51:38,360 log 224 Not Found: /image_codes/3a3ddcdc-29f9-4059-8cc1-a10e5b0e8c4f/
WARNING 2023-08-31 10:51:38,360 basehttp 161 "GET /image_codes/3a3ddcdc-29f9-4059-8cc1-a10e5b0e8c4f/ HTTP/1.1" 404 2309
INFO 2023-08-31 10:51:47,883 basehttp 161 "GET /usernames/daguo/count/ HTTP/1.1" 200 39
INFO 2023-08-31 10:51:50,344 basehttp 161 "GET /usernames/daguo/count/ HTTP/1.1" 200 39
INFO 2023-08-31 10:51:51,922 basehttp 161 "GET /usernames/daguo/count/ HTTP/1.1" 200 39
INFO 2023-08-31 10:51:53,026 basehttp 161 "GET /usernames/daguo/count/ HTTP/1.1" 200 39
INFO 2023-08-31 10:51:53,946 basehttp 161 "GET /usernames/daguo/count/ HTTP/1.1" 200 39
INFO 2023-08-31 10:51:54,769 basehttp 161 "GET /usernames/daguo/count/ HTTP/1.1" 200 39
INFO 2023-08-31 10:51:55,036 basehttp 161 "GET /usernames/daguo/count/ HTTP/1.1" 200 39
INFO 2023-08-31 11:06:09,860 autoreload 636 Watching for file changes with StatReloader
INFO 2023-08-31 11:06:12,773 basehttp 161 "GET /mobiles/13856541252/count/ HTTP/1.1" 200 39
WARNING 2023-08-31 11:06:20,167 log 224 Not Found: /mobiles/1385654122/count/
WARNING 2023-08-31 11:06:20,168 basehttp 161 "GET /mobiles/1385654122/count/ HTTP/1.1" 404 2414
INFO 2023-08-31 15:07:12,616 autoreload 636 Watching for file changes with StatReloader
INFO 2023-08-31 15:08:28,982 autoreload 250 E:\PythonProject\meiduo_project\meiduo_mall\meiduo_mall\settings.py changed, reloading.
INFO 2023-08-31 15:08:29,541 autoreload 636 Watching for file changes with StatReloader
INFO 2023-08-31 15:08:37,645 basehttp 161 "POST /register/ HTTP/1.1" 200 51
INFO 2023-08-31 15:09:07,120 basehttp 161 "POST /register/ HTTP/1.1" 200 51
INFO 2023-08-31 15:09:12,817 basehttp 161 "POST /register/ HTTP/1.1" 200 51
INFO 2023-08-31 15:09:44,431 basehttp 161 "POST /register/ HTTP/1.1" 200 75
INFO 2023-08-31 15:09:53,053 basehttp 161 "POST /register/ HTTP/1.1" 200 69
INFO 2023-08-31 15:10:02,255 basehttp 161 "POST /register/ HTTP/1.1" 200 69
INFO 2023-08-31 15:10:11,923 basehttp 161 "POST /register/ HTTP/1.1" 200 75
INFO 2023-08-31 15:10:20,656 basehttp 161 "POST /register/ HTTP/1.1" 200 75
INFO 2023-08-31 15:10:43,585 autoreload 250 E:\PythonProject\meiduo_project\meiduo_mall\apps\users\views.py changed, reloading.
INFO 2023-08-31 15:10:44,163 autoreload 636 Watching for file changes with StatReloader
INFO 2023-08-31 15:10:52,969 basehttp 161 "POST /register/ HTTP/1.1" 200 75
INFO 2023-08-31 15:10:58,640 basehttp 161 "POST /register/ HTTP/1.1" 200 75
INFO 2023-08-31 15:11:45,294 autoreload 250 E:\PythonProject\meiduo_project\meiduo_mall\apps\users\views.py changed, reloading.
INFO 2023-08-31 15:11:45,832 autoreload 636 Watching for file changes with StatReloader
INFO 2023-08-31 15:11:50,188 basehttp 161 "POST /register/ HTTP/1.1" 200 27
INFO 2023-08-31 15:14:03,891 autoreload 250 E:\PythonProject\meiduo_project\meiduo_mall\apps\users\views.py changed, reloading.
INFO 2023-08-31 15:14:04,567 autoreload 636 Watching for file changes with StatReloader
ERROR 2023-08-31 15:14:06,572 log 224 Internal Server Error: /register/
Traceback (most recent call last):
  File "D:\Python310\lib\site-packages\django\db\backends\utils.py", line 84, in _execute
    return self.cursor.execute(sql, params)
  File "D:\Python310\lib\site-packages\django\db\backends\mysql\base.py", line 73, in execute
    return self.cursor.execute(query, args)
  File "D:\Python310\lib\site-packages\MySQLdb\cursors.py", line 179, in execute
    res = self._query(mogrified_query)
  File "D:\Python310\lib\site-packages\MySQLdb\cursors.py", line 330, in _query
    db.query(q)
  File "D:\Python310\lib\site-packages\MySQLdb\connections.py", line 255, in query
    _mysql.connection.query(self, query)
MySQLdb.IntegrityError: (1062, "Duplicate entry 'daguo' for key 'tb_users.username'")

The above exception was the direct cause of the following exception:

Traceback (most recent call last):
  File "D:\Python310\lib\site-packages\django\core\handlers\exception.py", line 47, in inner
    response = get_response(request)
  File "D:\Python310\lib\site-packages\django\core\handlers\base.py", line 181, in _get_response
    response = wrapped_callback(request, *callback_args, **callback_kwargs)
  File "D:\Python310\lib\site-packages\django\views\generic\base.py", line 70, in view
    return self.dispatch(request, *args, **kwargs)
  File "D:\Python310\lib\site-packages\django\views\generic\base.py", line 98, in dispatch
    return handler(request, *args, **kwargs)
  File "E:\PythonProject\meiduo_project\meiduo_mall\apps\users\views.py", line 66, in post
    User.objects.create(username=username, password=password, mobile=mobile)
  File "D:\Python310\lib\site-packages\django\db\models\manager.py", line 85, in manager_method
    return getattr(self.get_queryset(), name)(*args, **kwargs)
  File "D:\Python310\lib\site-packages\django\db\models\query.py", line 453, in create
    obj.save(force_insert=True, using=self.db)
  File "D:\Python310\lib\site-packages\django\contrib\auth\base_user.py", line 67, in save
    super().save(*args, **kwargs)
  File "D:\Python310\lib\site-packages\django\db\models\base.py", line 726, in save
    self.save_base(using=using, force_insert=force_insert,
  File "D:\Python310\lib\site-packages\django\db\models\base.py", line 763, in save_base
    updated = self._save_table(
  File "D:\Python310\lib\site-packages\django\db\models\base.py", line 868, in _save_table
    results = self._do_insert(cls._base_manager, using, fields, returning_fields, raw)
  File "D:\Python310\lib\site-packages\django\db\models\base.py", line 906, in _do_insert
    return manager._insert(
  File "D:\Python310\lib\site-packages\django\db\models\manager.py", line 85, in manager_method
    return getattr(self.get_queryset(), name)(*args, **kwargs)
  File "D:\Python310\lib\site-packages\django\db\models\query.py", line 1270, in _insert
    return query.get_compiler(using=using).execute_sql(returning_fields)
  File "D:\Python310\lib\site-packages\django\db\models\sql\compiler.py", line 1410, in execute_sql
    cursor.execute(sql, params)
  File "D:\Python310\lib\site-packages\django\db\backends\utils.py", line 98, in execute
    return super().execute(sql, params)
  File "D:\Python310\lib\site-packages\django\db\backends\utils.py", line 66, in execute
    return self._execute_with_wrappers(sql, params, many=False, executor=self._execute)
  File "D:\Python310\lib\site-packages\django\db\backends\utils.py", line 75, in _execute_with_wrappers
    return executor(sql, params, many, context)
  File "D:\Python310\lib\site-packages\django\db\backends\utils.py", line 79, in _execute
    with self.db.wrap_database_errors:
  File "D:\Python310\lib\site-packages\django\db\utils.py", line 90, in __exit__
    raise dj_exc_value.with_traceback(traceback) from exc_value
  File "D:\Python310\lib\site-packages\django\db\backends\utils.py", line 84, in _execute
    return self.cursor.execute(sql, params)
  File "D:\Python310\lib\site-packages\django\db\backends\mysql\base.py", line 73, in execute
    return self.cursor.execute(query, args)
  File "D:\Python310\lib\site-packages\MySQLdb\cursors.py", line 179, in execute
    res = self._query(mogrified_query)
  File "D:\Python310\lib\site-packages\MySQLdb\cursors.py", line 330, in _query
    db.query(q)
  File "D:\Python310\lib\site-packages\MySQLdb\connections.py", line 255, in query
    _mysql.connection.query(self, query)
django.db.utils.IntegrityError: (1062, "Duplicate entry 'daguo' for key 'tb_users.username'")
ERROR 2023-08-31 15:14:06,579 basehttp 161 "POST /register/ HTTP/1.1" 500 196112
INFO 2023-08-31 15:16:49,056 basehttp 161 "POST /register/ HTTP/1.1" 200 27
INFO 2023-08-31 15:17:04,908 autoreload 636 Watching for file changes with StatReloader
INFO 2023-08-31 15:17:30,179 autoreload 636 Watching for file changes with StatReloader
INFO 2023-08-31 15:17:45,302 basehttp 161 "POST /register/ HTTP/1.1" 200 27
INFO 2023-08-31 15:18:37,430 autoreload 250 E:\PythonProject\meiduo_project\meiduo_mall\apps\users\views.py changed, reloading.
INFO 2023-08-31 15:18:37,996 autoreload 636 Watching for file changes with StatReloader
INFO 2023-08-31 15:18:53,904 basehttp 161 "POST /register/ HTTP/1.1" 200 27
INFO 2023-08-31 15:19:38,027 autoreload 250 E:\PythonProject\meiduo_project\meiduo_mall\apps\users\views.py changed, reloading.
INFO 2023-08-31 15:19:38,593 autoreload 636 Watching for file changes with StatReloader
INFO 2023-08-31 15:19:40,624 basehttp 161 "POST /register/ HTTP/1.1" 200 81
ERROR 2023-08-31 15:19:50,418 log 224 Internal Server Error: /register/
Traceback (most recent call last):
  File "D:\Python310\lib\site-packages\django\db\backends\utils.py", line 84, in _execute
    return self.cursor.execute(sql, params)
  File "D:\Python310\lib\site-packages\django\db\backends\mysql\base.py", line 73, in execute
    return self.cursor.execute(query, args)
  File "D:\Python310\lib\site-packages\MySQLdb\cursors.py", line 179, in execute
    res = self._query(mogrified_query)
  File "D:\Python310\lib\site-packages\MySQLdb\cursors.py", line 330, in _query
    db.query(q)
  File "D:\Python310\lib\site-packages\MySQLdb\connections.py", line 255, in query
    _mysql.connection.query(self, query)
MySQLdb.IntegrityError: (1062, "Duplicate entry 'daguo' for key 'tb_users.username'")

The above exception was the direct cause of the following exception:

Traceback (most recent call last):
  File "D:\Python310\lib\site-packages\django\core\handlers\exception.py", line 47, in inner
    response = get_response(request)
  File "D:\Python310\lib\site-packages\django\core\handlers\base.py", line 181, in _get_response
    response = wrapped_callback(request, *callback_args, **callback_kwargs)
  File "D:\Python310\lib\site-packages\django\views\generic\base.py", line 70, in view
    return self.dispatch(request, *args, **kwargs)
  File "D:\Python310\lib\site-packages\django\views\generic\base.py", line 98, in dispatch
    return handler(request, *args, **kwargs)
  File "E:\PythonProject\meiduo_project\meiduo_mall\apps\users\views.py", line 66, in post
    User.objects.create(username=username, password=password, mobile=mobile)
  File "D:\Python310\lib\site-packages\django\db\models\manager.py", line 85, in manager_method
    return getattr(self.get_queryset(), name)(*args, **kwargs)
  File "D:\Python310\lib\site-packages\django\db\models\query.py", line 453, in create
    obj.save(force_insert=True, using=self.db)
  File "D:\Python310\lib\site-packages\django\contrib\auth\base_user.py", line 67, in save
    super().save(*args, **kwargs)
  File "D:\Python310\lib\site-packages\django\db\models\base.py", line 726, in save
    self.save_base(using=using, force_insert=force_insert,
  File "D:\Python310\lib\site-packages\django\db\models\base.py", line 763, in save_base
    updated = self._save_table(
  File "D:\Python310\lib\site-packages\django\db\models\base.py", line 868, in _save_table
    results = self._do_insert(cls._base_manager, using, fields, returning_fields, raw)
  File "D:\Python310\lib\site-packages\django\db\models\base.py", line 906, in _do_insert
    return manager._insert(
  File "D:\Python310\lib\site-packages\django\db\models\manager.py", line 85, in manager_method
    return getattr(self.get_queryset(), name)(*args, **kwargs)
  File "D:\Python310\lib\site-packages\django\db\models\query.py", line 1270, in _insert
    return query.get_compiler(using=using).execute_sql(returning_fields)
  File "D:\Python310\lib\site-packages\django\db\models\sql\compiler.py", line 1410, in execute_sql
    cursor.execute(sql, params)
  File "D:\Python310\lib\site-packages\django\db\backends\utils.py", line 98, in execute
    return super().execute(sql, params)
  File "D:\Python310\lib\site-packages\django\db\backends\utils.py", line 66, in execute
    return self._execute_with_wrappers(sql, params, many=False, executor=self._execute)
  File "D:\Python310\lib\site-packages\django\db\backends\utils.py", line 75, in _execute_with_wrappers
    return executor(sql, params, many, context)
  File "D:\Python310\lib\site-packages\django\db\backends\utils.py", line 79, in _execute
    with self.db.wrap_database_errors:
  File "D:\Python310\lib\site-packages\django\db\utils.py", line 90, in __exit__
    raise dj_exc_value.with_traceback(traceback) from exc_value
  File "D:\Python310\lib\site-packages\django\db\backends\utils.py", line 84, in _execute
    return self.cursor.execute(sql, params)
  File "D:\Python310\lib\site-packages\django\db\backends\mysql\base.py", line 73, in execute
    return self.cursor.execute(query, args)
  File "D:\Python310\lib\site-packages\MySQLdb\cursors.py", line 179, in execute
    res = self._query(mogrified_query)
  File "D:\Python310\lib\site-packages\MySQLdb\cursors.py", line 330, in _query
    db.query(q)
  File "D:\Python310\lib\site-packages\MySQLdb\connections.py", line 255, in query
    _mysql.connection.query(self, query)
django.db.utils.IntegrityError: (1062, "Duplicate entry 'daguo' for key 'tb_users.username'")
ERROR 2023-08-31 15:19:50,429 basehttp 161 "POST /register/ HTTP/1.1" 500 196119
INFO 2023-08-31 15:23:56,878 autoreload 250 E:\PythonProject\meiduo_project\meiduo_mall\apps\users\views.py changed, reloading.
INFO 2023-08-31 15:23:57,452 autoreload 636 Watching for file changes with StatReloader
INFO 2023-08-31 15:23:59,819 basehttp 161 "POST /register/ HTTP/1.1" 200 51
INFO 2023-08-31 15:24:21,108 basehttp 161 "POST /register/ HTTP/1.1" 200 27
INFO 2023-08-31 15:24:32,845 autoreload 250 E:\PythonProject\meiduo_project\meiduo_mall\apps\users\views.py changed, reloading.
INFO 2023-08-31 15:24:33,453 autoreload 636 Watching for file changes with StatReloader
INFO 2023-08-31 15:24:33,722 basehttp 161 "POST /register/ HTTP/1.1" 200 81
INFO 2023-08-31 15:24:46,197 autoreload 250 E:\PythonProject\meiduo_project\meiduo_mall\apps\users\views.py changed, reloading.
INFO 2023-08-31 15:24:46,785 autoreload 636 Watching for file changes with StatReloader
INFO 2023-08-31 15:24:49,394 basehttp 161 "POST /register/ HTTP/1.1" 200 27
INFO 2023-08-31 15:24:55,692 basehttp 161 "POST /register/ HTTP/1.1" 200 51
INFO 2023-08-31 15:25:34,533 autoreload 250 E:\PythonProject\meiduo_project\meiduo_mall\apps\users\views.py changed, reloading.
INFO 2023-08-31 15:25:35,163 autoreload 636 Watching for file changes with StatReloader
INFO 2023-08-31 15:25:35,890 basehttp 161 "POST /register/ HTTP/1.1" 200 51
INFO 2023-08-31 15:26:04,309 autoreload 250 E:\PythonProject\meiduo_project\meiduo_mall\apps\users\views.py changed, reloading.
INFO 2023-08-31 15:26:04,916 autoreload 636 Watching for file changes with StatReloader
INFO 2023-08-31 15:26:06,358 basehttp 161 "POST /register/ HTTP/1.1" 200 81
INFO 2023-08-31 15:29:47,340 autoreload 636 Watching for file changes with StatReloader
ERROR 2023-08-31 15:29:59,880 log 224 Internal Server Error: /register/
Traceback (most recent call last):
  File "D:\Python310\lib\site-packages\django\db\backends\utils.py", line 84, in _execute
    return self.cursor.execute(sql, params)
  File "D:\Python310\lib\site-packages\django\db\backends\mysql\base.py", line 73, in execute
    return self.cursor.execute(query, args)
  File "D:\Python310\lib\site-packages\MySQLdb\cursors.py", line 179, in execute
    res = self._query(mogrified_query)
  File "D:\Python310\lib\site-packages\MySQLdb\cursors.py", line 330, in _query
    db.query(q)
  File "D:\Python310\lib\site-packages\MySQLdb\connections.py", line 255, in query
    _mysql.connection.query(self, query)
MySQLdb.IntegrityError: (1062, "Duplicate entry 'daguo' for key 'tb_users.username'")

The above exception was the direct cause of the following exception:

Traceback (most recent call last):
  File "D:\Python310\lib\site-packages\django\core\handlers\exception.py", line 47, in inner
    response = get_response(request)
  File "D:\Python310\lib\site-packages\django\core\handlers\base.py", line 181, in _get_response
    response = wrapped_callback(request, *callback_args, **callback_kwargs)
  File "D:\Python310\lib\site-packages\django\views\generic\base.py", line 70, in view
    return self.dispatch(request, *args, **kwargs)
  File "D:\Python310\lib\site-packages\django\views\generic\base.py", line 98, in dispatch
    return handler(request, *args, **kwargs)
  File "E:\PythonProject\meiduo_project\meiduo_mall\apps\users\views.py", line 69, in post
    User.objects.create_user(username=username, password=password, mobile=mobile)
  File "D:\Python310\lib\site-packages\django\contrib\auth\models.py", line 152, in create_user
    return self._create_user(username, email, password, **extra_fields)
  File "D:\Python310\lib\site-packages\django\contrib\auth\models.py", line 146, in _create_user
    user.save(using=self._db)
  File "D:\Python310\lib\site-packages\django\contrib\auth\base_user.py", line 67, in save
    super().save(*args, **kwargs)
  File "D:\Python310\lib\site-packages\django\db\models\base.py", line 726, in save
    self.save_base(using=using, force_insert=force_insert,
  File "D:\Python310\lib\site-packages\django\db\models\base.py", line 763, in save_base
    updated = self._save_table(
  File "D:\Python310\lib\site-packages\django\db\models\base.py", line 868, in _save_table
    results = self._do_insert(cls._base_manager, using, fields, returning_fields, raw)
  File "D:\Python310\lib\site-packages\django\db\models\base.py", line 906, in _do_insert
    return manager._insert(
  File "D:\Python310\lib\site-packages\django\db\models\manager.py", line 85, in manager_method
    return getattr(self.get_queryset(), name)(*args, **kwargs)
  File "D:\Python310\lib\site-packages\django\db\models\query.py", line 1270, in _insert
    return query.get_compiler(using=using).execute_sql(returning_fields)
  File "D:\Python310\lib\site-packages\django\db\models\sql\compiler.py", line 1410, in execute_sql
    cursor.execute(sql, params)
  File "D:\Python310\lib\site-packages\django\db\backends\utils.py", line 98, in execute
    return super().execute(sql, params)
  File "D:\Python310\lib\site-packages\django\db\backends\utils.py", line 66, in execute
    return self._execute_with_wrappers(sql, params, many=False, executor=self._execute)
  File "D:\Python310\lib\site-packages\django\db\backends\utils.py", line 75, in _execute_with_wrappers
    return executor(sql, params, many, context)
  File "D:\Python310\lib\site-packages\django\db\backends\utils.py", line 79, in _execute
    with self.db.wrap_database_errors:
  File "D:\Python310\lib\site-packages\django\db\utils.py", line 90, in __exit__
    raise dj_exc_value.with_traceback(traceback) from exc_value
  File "D:\Python310\lib\site-packages\django\db\backends\utils.py", line 84, in _execute
    return self.cursor.execute(sql, params)
  File "D:\Python310\lib\site-packages\django\db\backends\mysql\base.py", line 73, in execute
    return self.cursor.execute(query, args)
  File "D:\Python310\lib\site-packages\MySQLdb\cursors.py", line 179, in execute
    res = self._query(mogrified_query)
  File "D:\Python310\lib\site-packages\MySQLdb\cursors.py", line 330, in _query
    db.query(q)
  File "D:\Python310\lib\site-packages\MySQLdb\connections.py", line 255, in query
    _mysql.connection.query(self, query)
django.db.utils.IntegrityError: (1062, "Duplicate entry 'daguo' for key 'tb_users.username'")
ERROR 2023-08-31 15:29:59,887 basehttp 161 "POST /register/ HTTP/1.1" 500 198760
ERROR 2023-08-31 15:30:41,296 log 224 Internal Server Error: /register/
Traceback (most recent call last):
  File "D:\Python310\lib\site-packages\django\db\backends\utils.py", line 84, in _execute
    return self.cursor.execute(sql, params)
  File "D:\Python310\lib\site-packages\django\db\backends\mysql\base.py", line 73, in execute
    return self.cursor.execute(query, args)
  File "D:\Python310\lib\site-packages\MySQLdb\cursors.py", line 179, in execute
    res = self._query(mogrified_query)
  File "D:\Python310\lib\site-packages\MySQLdb\cursors.py", line 330, in _query
    db.query(q)
  File "D:\Python310\lib\site-packages\MySQLdb\connections.py", line 255, in query
    _mysql.connection.query(self, query)
MySQLdb.IntegrityError: (1062, "Duplicate entry 'daguo' for key 'tb_users.username'")

The above exception was the direct cause of the following exception:

Traceback (most recent call last):
  File "D:\Python310\lib\site-packages\django\core\handlers\exception.py", line 47, in inner
    response = get_response(request)
  File "D:\Python310\lib\site-packages\django\core\handlers\base.py", line 181, in _get_response
    response = wrapped_callback(request, *callback_args, **callback_kwargs)
  File "D:\Python310\lib\site-packages\django\views\generic\base.py", line 70, in view
    return self.dispatch(request, *args, **kwargs)
  File "D:\Python310\lib\site-packages\django\views\generic\base.py", line 98, in dispatch
    return handler(request, *args, **kwargs)
  File "E:\PythonProject\meiduo_project\meiduo_mall\apps\users\views.py", line 69, in post
    User.objects.create_user(username=username, password=password, mobile=mobile)
  File "D:\Python310\lib\site-packages\django\contrib\auth\models.py", line 152, in create_user
    return self._create_user(username, email, password, **extra_fields)
  File "D:\Python310\lib\site-packages\django\contrib\auth\models.py", line 146, in _create_user
    user.save(using=self._db)
  File "D:\Python310\lib\site-packages\django\contrib\auth\base_user.py", line 67, in save
    super().save(*args, **kwargs)
  File "D:\Python310\lib\site-packages\django\db\models\base.py", line 726, in save
    self.save_base(using=using, force_insert=force_insert,
  File "D:\Python310\lib\site-packages\django\db\models\base.py", line 763, in save_base
    updated = self._save_table(
  File "D:\Python310\lib\site-packages\django\db\models\base.py", line 868, in _save_table
    results = self._do_insert(cls._base_manager, using, fields, returning_fields, raw)
  File "D:\Python310\lib\site-packages\django\db\models\base.py", line 906, in _do_insert
    return manager._insert(
  File "D:\Python310\lib\site-packages\django\db\models\manager.py", line 85, in manager_method
    return getattr(self.get_queryset(), name)(*args, **kwargs)
  File "D:\Python310\lib\site-packages\django\db\models\query.py", line 1270, in _insert
    return query.get_compiler(using=using).execute_sql(returning_fields)
  File "D:\Python310\lib\site-packages\django\db\models\sql\compiler.py", line 1410, in execute_sql
    cursor.execute(sql, params)
  File "D:\Python310\lib\site-packages\django\db\backends\utils.py", line 98, in execute
    return super().execute(sql, params)
  File "D:\Python310\lib\site-packages\django\db\backends\utils.py", line 66, in execute
    return self._execute_with_wrappers(sql, params, many=False, executor=self._execute)
  File "D:\Python310\lib\site-packages\django\db\backends\utils.py", line 75, in _execute_with_wrappers
    return executor(sql, params, many, context)
  File "D:\Python310\lib\site-packages\django\db\backends\utils.py", line 79, in _execute
    with self.db.wrap_database_errors:
  File "D:\Python310\lib\site-packages\django\db\utils.py", line 90, in __exit__
    raise dj_exc_value.with_traceback(traceback) from exc_value
  File "D:\Python310\lib\site-packages\django\db\backends\utils.py", line 84, in _execute
    return self.cursor.execute(sql, params)
  File "D:\Python310\lib\site-packages\django\db\backends\mysql\base.py", line 73, in execute
    return self.cursor.execute(query, args)
  File "D:\Python310\lib\site-packages\MySQLdb\cursors.py", line 179, in execute
    res = self._query(mogrified_query)
  File "D:\Python310\lib\site-packages\MySQLdb\cursors.py", line 330, in _query
    db.query(q)
  File "D:\Python310\lib\site-packages\MySQLdb\connections.py", line 255, in query
    _mysql.connection.query(self, query)
django.db.utils.IntegrityError: (1062, "Duplicate entry 'daguo' for key 'tb_users.username'")
ERROR 2023-08-31 15:30:41,314 basehttp 161 "POST /register/ HTTP/1.1" 500 198760
INFO 2023-08-31 15:31:19,882 autoreload 636 Watching for file changes with StatReloader
INFO 2023-08-31 15:31:26,387 autoreload 250 E:\PythonProject\meiduo_project\meiduo_mall\apps\users\views.py changed, reloading.
INFO 2023-08-31 15:31:27,021 autoreload 636 Watching for file changes with StatReloader
INFO 2023-08-31 15:31:29,675 basehttp 161 "POST /register/ HTTP/1.1" 200 27
INFO 2023-08-31 15:40:23,543 basehttp 161 "GET /usernames/daguo01/count/ HTTP/1.1" 200 39
INFO 2023-08-31 15:40:42,201 basehttp 161 "GET /mobiles/18211111111/count/ HTTP/1.1" 200 39
INFO 2023-08-31 15:40:49,212 basehttp 161 "OPTIONS /register/ HTTP/1.1" 200 0
INFO 2023-08-31 15:40:49,215 basehttp 161 "GET /usernames/daguo01/count/ HTTP/1.1" 200 39
INFO 2023-08-31 15:40:49,218 basehttp 161 "GET /mobiles/18211111111/count/ HTTP/1.1" 200 39
INFO 2023-08-31 15:40:49,388 basehttp 161 "POST /register/ HTTP/1.1" 200 27
WARNING 2023-08-31 15:40:49,843 log 224 Not Found: /carts/simple/
WARNING 2023-08-31 15:40:49,844 basehttp 161 "GET /carts/simple/ HTTP/1.1" 404 2540
INFO 2023-08-31 15:56:19,432 autoreload 636 Watching for file changes with StatReloader
INFO 2023-08-31 15:56:25,579 basehttp 161 "GET /usernames/daguo02/count/ HTTP/1.1" 200 39
INFO 2023-08-31 15:56:34,458 basehttp 161 "GET /mobiles/18211111112/count/ HTTP/1.1" 200 39
INFO 2023-08-31 15:56:37,309 basehttp 161 "GET /usernames/daguo02/count/ HTTP/1.1" 200 39
INFO 2023-08-31 15:56:37,311 basehttp 161 "GET /mobiles/18211111112/count/ HTTP/1.1" 200 39
INFO 2023-08-31 15:56:37,466 basehttp 161 "POST /register/ HTTP/1.1" 200 27
WARNING 2023-08-31 15:56:37,690 log 224 Not Found: /carts/simple/
WARNING 2023-08-31 15:56:37,690 basehttp 161 "GET /carts/simple/ HTTP/1.1" 404 2540
INFO 2023-08-31 22:41:20,155 autoreload 668 Watching for file changes with StatReloader
INFO 2023-08-31 22:41:21,661 basehttp 212 "GET /image_code/123/ HTTP/1.1" 200 3017
INFO 2023-08-31 22:41:29,910 basehttp 212 "GET /image_code/123 HTTP/1.1" 301 0
WARNING 2023-08-31 22:41:33,461 log 241 Not Found: /
WARNING 2023-08-31 22:41:33,461 basehttp 212 "GET / HTTP/1.1" 404 2769
WARNING 2023-08-31 22:41:42,828 log 241 Not Found: /carts/simple/
WARNING 2023-08-31 22:41:42,829 basehttp 212 "GET /carts/simple/ HTTP/1.1" 404 2826
WARNING 2023-08-31 22:41:44,381 log 241 Not Found: /image_codes/9c485cc1-98f8-4e90-a01e-52943b1e2775/
WARNING 2023-08-31 22:41:44,381 basehttp 212 "GET /image_codes/9c485cc1-98f8-4e90-a01e-52943b1e2775/ HTTP/1.1" 404 2934
WARNING 2023-08-31 22:41:46,611 log 241 Not Found: /image_codes/21a0c0e6-34d8-4abe-83e9-092eb2f64df9/
WARNING 2023-08-31 22:41:46,611 basehttp 212 "GET /image_codes/21a0c0e6-34d8-4abe-83e9-092eb2f64df9/ HTTP/1.1" 404 2934
WARNING 2023-08-31 22:41:47,136 log 241 Not Found: /image_codes/cd33c963-7de8-4ccd-9cc9-b70041b9e481/
WARNING 2023-08-31 22:41:47,136 basehttp 212 "GET /image_codes/cd33c963-7de8-4ccd-9cc9-b70041b9e481/ HTTP/1.1" 404 2934
WARNING 2023-08-31 22:41:47,306 log 241 Not Found: /image_codes/4f752b5b-355c-4014-a84c-d00e1914a67d/
WARNING 2023-08-31 22:41:47,306 basehttp 212 "GET /image_codes/4f752b5b-355c-4014-a84c-d00e1914a67d/ HTTP/1.1" 404 2934
WARNING 2023-08-31 22:41:47,557 log 241 Not Found: /image_codes/283c6a2b-06d6-470d-9818-4c3b0d4b66b7/
WARNING 2023-08-31 22:41:47,558 basehttp 212 "GET /image_codes/283c6a2b-06d6-470d-9818-4c3b0d4b66b7/ HTTP/1.1" 404 2934
WARNING 2023-08-31 22:41:47,740 log 241 Not Found: /image_codes/b4e1556a-fb91-4f7c-b8cf-9ee25ca598e0/
WARNING 2023-08-31 22:41:47,741 basehttp 212 "GET /image_codes/b4e1556a-fb91-4f7c-b8cf-9ee25ca598e0/ HTTP/1.1" 404 2934
WARNING 2023-08-31 22:41:47,914 log 241 Not Found: /image_codes/395636f4-fc27-4eba-b850-ce220b30aea0/
WARNING 2023-08-31 22:41:47,915 basehttp 212 "GET /image_codes/395636f4-fc27-4eba-b850-ce220b30aea0/ HTTP/1.1" 404 2934
WARNING 2023-08-31 22:41:48,099 log 241 Not Found: /image_codes/3bebc005-15b5-4fe1-91cf-45f0d3ef2e29/
WARNING 2023-08-31 22:41:48,099 basehttp 212 "GET /image_codes/3bebc005-15b5-4fe1-91cf-45f0d3ef2e29/ HTTP/1.1" 404 2934
WARNING 2023-08-31 22:41:48,279 log 241 Not Found: /image_codes/a3644ad2-24ba-4bd7-a623-79a3a27b6091/
WARNING 2023-08-31 22:41:48,280 basehttp 212 "GET /image_codes/a3644ad2-24ba-4bd7-a623-79a3a27b6091/ HTTP/1.1" 404 2934
WARNING 2023-08-31 22:41:48,466 log 241 Not Found: /image_codes/0e3f328e-db75-4553-8316-2ca3d1a2935f/
WARNING 2023-08-31 22:41:48,466 basehttp 212 "GET /image_codes/0e3f328e-db75-4553-8316-2ca3d1a2935f/ HTTP/1.1" 404 2934
WARNING 2023-08-31 22:41:48,636 log 241 Not Found: /image_codes/c457b1c0-d959-4036-bd16-d4294821e7fe/
WARNING 2023-08-31 22:41:48,637 basehttp 212 "GET /image_codes/c457b1c0-d959-4036-bd16-d4294821e7fe/ HTTP/1.1" 404 2934
WARNING 2023-08-31 22:41:49,649 log 241 Not Found: /image_codes/b98450fe-04da-4132-9943-635423b0b19d/
WARNING 2023-08-31 22:41:49,650 basehttp 212 "GET /image_codes/b98450fe-04da-4132-9943-635423b0b19d/ HTTP/1.1" 404 2934
WARNING 2023-08-31 22:41:50,012 log 241 Not Found: /image_codes/0c34dd70-0150-4789-919c-4485fde90123/
WARNING 2023-08-31 22:41:50,012 basehttp 212 "GET /image_codes/0c34dd70-0150-4789-919c-4485fde90123/ HTTP/1.1" 404 2934
INFO 2023-08-31 22:44:50,841 autoreload 266 E:\PythonProject\meiduo_project\meiduo_mall\apps\verifications\urls.py changed, reloading.
INFO 2023-08-31 22:44:51,611 autoreload 668 Watching for file changes with StatReloader
WARNING 2023-08-31 22:46:46,852 log 241 Not Found: /carts/simple/
WARNING 2023-08-31 22:46:46,853 basehttp 212 "GET /carts/simple/ HTTP/1.1" 404 2827
INFO 2023-08-31 22:46:58,489 basehttp 212 "GET /image_codes/1f58ae9d-2a94-4d23-8ccf-29276c3f4af6/ HTTP/1.1" 200 3525
INFO 2023-08-31 22:46:59,501 basehttp 212 "GET /image_codes/35cdef94-80ef-4bd8-a102-b6f03fcb006e/ HTTP/1.1" 200 3198
INFO 2023-08-31 22:47:00,431 basehttp 212 "GET /image_codes/7753d6a5-b3ce-4d0f-80f5-d7d8e2686df2/ HTTP/1.1" 200 3378
INFO 2023-08-31 22:47:01,174 basehttp 212 "GET /image_codes/5d2fe9b1-f699-4dec-afda-87e53d11fc49/ HTTP/1.1" 200 3088
INFO 2023-08-31 22:47:01,672 basehttp 212 "GET /image_codes/9c9624e5-2ba3-42b5-9bcf-bee5c175e8ae/ HTTP/1.1" 200 3473
INFO 2023-08-31 22:47:02,057 basehttp 212 "GET /image_codes/8b46e022-bb35-4d49-82a9-c8a19f0e5160/ HTTP/1.1" 200 3362
INFO 2023-08-31 22:47:02,345 basehttp 212 "GET /image_codes/44491154-daf7-44b4-93ee-cd3bc3c1cd17/ HTTP/1.1" 200 3291
INFO 2023-08-31 22:47:02,713 basehttp 212 "GET /image_codes/c7947e93-ad8a-4684-9e45-ef22742d6190/ HTTP/1.1" 200 3405
INFO 2023-08-31 22:47:03,003 basehttp 212 "GET /image_codes/c6d79bb5-532c-4926-b91c-97a33ada95a8/ HTTP/1.1" 200 3734
INFO 2023-08-31 22:47:03,176 basehttp 212 "GET /image_codes/479ba78b-9ef3-4511-9345-ec2738f03abf/ HTTP/1.1" 200 3263
INFO 2023-08-31 22:47:03,340 basehttp 212 "GET /image_codes/4808eda4-ce4c-4f05-b1d5-506277515de4/ HTTP/1.1" 200 3369
INFO 2023-08-31 22:47:03,510 basehttp 212 "GET /image_codes/2bfaef6b-890a-42e0-a18a-24a1f7edd7bc/ HTTP/1.1" 200 2866
INFO 2023-08-31 22:56:30,185 autoreload 668 Watching for file changes with StatReloader
INFO 2023-08-31 22:56:35,551 basehttp 212 "GET /image_codes/3886ce15-cb39-4175-b3d7-c800c3c1dbfe/ HTTP/1.1" 200 3222
INFO 2023-08-31 22:56:36,686 basehttp 212 "GET /image_codes/11fbd4af-9409-46fa-931d-337530d7ef90/ HTTP/1.1" 200 3159
INFO 2023-08-31 22:56:37,543 basehttp 212 "GET /image_codes/235ad0b4-bf31-4604-a45f-ebe0f5b4660c/ HTTP/1.1" 200 2880
INFO 2023-08-31 22:56:37,711 basehttp 212 "GET /image_codes/1357fc23-e497-438d-8370-2d58e28184ce/ HTTP/1.1" 200 2854
INFO 2023-08-31 22:56:37,857 basehttp 212 "GET /image_codes/868724a6-5812-40a3-80bb-96a272c8343b/ HTTP/1.1" 200 3468
INFO 2023-08-31 22:56:38,013 basehttp 212 "GET /image_codes/b4f90d46-a4b3-445f-8473-dcf0527f4597/ HTTP/1.1" 200 3323
INFO 2023-08-31 22:56:38,315 basehttp 212 "GET /image_codes/f6a9c866-0342-4b71-8284-f414ea7918df/ HTTP/1.1" 200 3310
INFO 2023-08-31 22:56:38,474 basehttp 212 "GET /image_codes/4d6c46e1-1995-4d4e-9f69-94c7c5b28328/ HTTP/1.1" 200 3516
INFO 2023-08-31 22:56:38,604 basehttp 212 "GET /image_codes/adcdbae2-4511-4827-9746-1d57d58d0027/ HTTP/1.1" 200 3069
INFO 2023-08-31 22:56:38,766 basehttp 212 "GET /image_codes/f186cb1f-ee55-436e-b187-38affc6e9fad/ HTTP/1.1" 200 3314
INFO 2023-08-31 22:56:38,918 basehttp 212 "GET /image_codes/3c3d4841-153b-4651-b7e5-4ecc2b40bd42/ HTTP/1.1" 200 3432
INFO 2023-08-31 22:56:39,093 basehttp 212 "GET /image_codes/1232b25d-4ac4-49f0-80e6-1fc1c140d42b/ HTTP/1.1" 200 3631
INFO 2023-08-31 22:56:39,256 basehttp 212 "GET /image_codes/6a048bec-4e83-4190-88f2-027d5e421420/ HTTP/1.1" 200 3425
INFO 2023-08-31 22:56:39,406 basehttp 212 "GET /image_codes/4e097c43-1d34-41d2-a639-b2ecbb3fb5e7/ HTTP/1.1" 200 3289
INFO 2023-08-31 22:56:39,558 basehttp 212 "GET /image_codes/2fa09686-7427-4464-a03a-9066e6ddd39e/ HTTP/1.1" 200 3164
INFO 2023-08-31 22:56:39,709 basehttp 212 "GET /image_codes/4fd42c72-23e0-488e-b893-7433c8409e74/ HTTP/1.1" 200 3319
INFO 2023-08-31 22:56:39,881 basehttp 212 "GET /image_codes/380936b9-6449-4f5a-a863-15591a2bd7a0/ HTTP/1.1" 200 3049
INFO 2023-08-31 23:08:19,112 autoreload 668 Watching for file changes with StatReloader
INFO 2023-08-31 23:08:24,651 basehttp 212 "GET /image_codes/e6893eed-aff4-4bc7-97ff-399a3506b582/ HTTP/1.1" 200 2939
INFO 2023-08-31 23:08:46,042 basehttp 212 "GET /usernames/admin/count/ HTTP/1.1" 200 39
INFO 2023-08-31 23:08:57,475 basehttp 212 "GET /mobiles/18211111113/count/ HTTP/1.1" 200 39
INFO 2023-08-31 23:09:00,546 basehttp 212 "OPTIONS /register/ HTTP/1.1" 200 0
INFO 2023-08-31 23:09:00,548 basehttp 212 "GET /usernames/admin/count/ HTTP/1.1" 200 39
INFO 2023-08-31 23:09:00,550 basehttp 212 "GET /mobiles/18211111113/count/ HTTP/1.1" 200 39
INFO 2023-08-31 23:09:00,901 basehttp 212 "POST /register/ HTTP/1.1" 200 27
WARNING 2023-08-31 23:09:01,106 log 241 Not Found: /carts/simple/
WARNING 2023-08-31 23:09:01,108 basehttp 212 "GET /carts/simple/ HTTP/1.1" 404 2832
INFO 2023-09-01 14:42:34,958 autoreload 668 Watching for file changes with StatReloader
INFO 2023-09-01 14:42:41,664 basehttp 212 "GET /image_codes/1b2cc23b-c933-4fe7-9a6b-92874c855e0a/ HTTP/1.1" 200 2755
INFO 2023-09-01 14:42:48,974 basehttp 212 "GET /mobiles/18211111112/count/ HTTP/1.1" 200 39
INFO 2023-09-01 14:43:12,062 basehttp 212 "GET /mobiles/18283906566/count/ HTTP/1.1" 200 39
INFO 2023-09-01 14:43:20,505 basehttp 212 "GET /mobiles/18283906566/count/ HTTP/1.1" 200 39
ERROR 2023-09-01 14:43:20,674 log 241 Internal Server Error: /sms_codes/18283906566/
Traceback (most recent call last):
  File "D:\Python310\lib\site-packages\django\core\handlers\exception.py", line 55, in inner
    response = get_response(request)
  File "D:\Python310\lib\site-packages\django\core\handlers\base.py", line 204, in _get_response
    self.check_response(response, callback)
  File "D:\Python310\lib\site-packages\django\core\handlers\base.py", line 332, in check_response
    raise ValueError(
ValueError: The view apps.verifications.views.view didn't return an HttpResponse object. It returned None instead.
ERROR 2023-09-01 14:43:20,675 basehttp 212 "GET /sms_codes/18283906566/?image_code=JLLV&image_code_id=1b2cc23b-c933-4fe7-9a6b-92874c855e0a HTTP/1.1" 500 67347
INFO 2023-09-01 14:43:25,333 basehttp 212 "GET /mobiles/18283906566/count/ HTTP/1.1" 200 39
ERROR 2023-09-01 14:43:25,350 log 241 Internal Server Error: /sms_codes/18283906566/
Traceback (most recent call last):
  File "D:\Python310\lib\site-packages\django\core\handlers\exception.py", line 55, in inner
    response = get_response(request)
  File "D:\Python310\lib\site-packages\django\core\handlers\base.py", line 204, in _get_response
    self.check_response(response, callback)
  File "D:\Python310\lib\site-packages\django\core\handlers\base.py", line 332, in check_response
    raise ValueError(
ValueError: The view apps.verifications.views.view didn't return an HttpResponse object. It returned None instead.
ERROR 2023-09-01 14:43:25,351 basehttp 212 "GET /sms_codes/18283906566/?image_code=JLLV&image_code_id=1b2cc23b-c933-4fe7-9a6b-92874c855e0a HTTP/1.1" 500 67347
INFO 2023-09-01 14:43:27,739 basehttp 212 "GET /mobiles/18283906566/count/ HTTP/1.1" 200 39
ERROR 2023-09-01 14:43:27,766 log 241 Internal Server Error: /sms_codes/18283906566/
Traceback (most recent call last):
  File "D:\Python310\lib\site-packages\django\core\handlers\exception.py", line 55, in inner
    response = get_response(request)
  File "D:\Python310\lib\site-packages\django\core\handlers\base.py", line 204, in _get_response
    self.check_response(response, callback)
  File "D:\Python310\lib\site-packages\django\core\handlers\base.py", line 332, in check_response
    raise ValueError(
ValueError: The view apps.verifications.views.view didn't return an HttpResponse object. It returned None instead.
ERROR 2023-09-01 14:43:27,767 basehttp 212 "GET /sms_codes/18283906566/?image_code=JLLV&image_code_id=1b2cc23b-c933-4fe7-9a6b-92874c855e0a HTTP/1.1" 500 67347
INFO 2023-09-01 14:43:28,535 basehttp 212 "GET /mobiles/18283906566/count/ HTTP/1.1" 200 39
ERROR 2023-09-01 14:43:28,554 log 241 Internal Server Error: /sms_codes/18283906566/
Traceback (most recent call last):
  File "D:\Python310\lib\site-packages\django\core\handlers\exception.py", line 55, in inner
    response = get_response(request)
  File "D:\Python310\lib\site-packages\django\core\handlers\base.py", line 204, in _get_response
    self.check_response(response, callback)
  File "D:\Python310\lib\site-packages\django\core\handlers\base.py", line 332, in check_response
    raise ValueError(
ValueError: The view apps.verifications.views.view didn't return an HttpResponse object. It returned None instead.
ERROR 2023-09-01 14:43:28,556 basehttp 212 "GET /sms_codes/18283906566/?image_code=JLLV&image_code_id=1b2cc23b-c933-4fe7-9a6b-92874c855e0a HTTP/1.1" 500 67347
INFO 2023-09-01 14:43:28,700 basehttp 212 "GET /mobiles/18283906566/count/ HTTP/1.1" 200 39
ERROR 2023-09-01 14:43:28,719 log 241 Internal Server Error: /sms_codes/18283906566/
Traceback (most recent call last):
  File "D:\Python310\lib\site-packages\django\core\handlers\exception.py", line 55, in inner
    response = get_response(request)
  File "D:\Python310\lib\site-packages\django\core\handlers\base.py", line 204, in _get_response
    self.check_response(response, callback)
  File "D:\Python310\lib\site-packages\django\core\handlers\base.py", line 332, in check_response
    raise ValueError(
ValueError: The view apps.verifications.views.view didn't return an HttpResponse object. It returned None instead.
ERROR 2023-09-01 14:43:28,720 basehttp 212 "GET /sms_codes/18283906566/?image_code=JLLV&image_code_id=1b2cc23b-c933-4fe7-9a6b-92874c855e0a HTTP/1.1" 500 67347
INFO 2023-09-01 14:43:28,877 basehttp 212 "GET /mobiles/18283906566/count/ HTTP/1.1" 200 39
ERROR 2023-09-01 14:43:28,895 log 241 Internal Server Error: /sms_codes/18283906566/
Traceback (most recent call last):
  File "D:\Python310\lib\site-packages\django\core\handlers\exception.py", line 55, in inner
    response = get_response(request)
  File "D:\Python310\lib\site-packages\django\core\handlers\base.py", line 204, in _get_response
    self.check_response(response, callback)
  File "D:\Python310\lib\site-packages\django\core\handlers\base.py", line 332, in check_response
    raise ValueError(
ValueError: The view apps.verifications.views.view didn't return an HttpResponse object. It returned None instead.
ERROR 2023-09-01 14:43:28,895 basehttp 212 "GET /sms_codes/18283906566/?image_code=JLLV&image_code_id=1b2cc23b-c933-4fe7-9a6b-92874c855e0a HTTP/1.1" 500 67347
INFO 2023-09-01 14:43:34,475 basehttp 212 "GET /image_codes/c53accbf-4956-4e65-a75e-c599d63d909c/ HTTP/1.1" 200 3377
INFO 2023-09-01 14:43:37,383 basehttp 212 "GET /mobiles/18283906566/count/ HTTP/1.1" 200 39
INFO 2023-09-01 14:43:43,627 basehttp 212 "GET /mobiles/18283906566/count/ HTTP/1.1" 200 39
ERROR 2023-09-01 14:43:43,643 log 241 Internal Server Error: /sms_codes/18283906566/
Traceback (most recent call last):
  File "D:\Python310\lib\site-packages\django\core\handlers\exception.py", line 55, in inner
    response = get_response(request)
  File "D:\Python310\lib\site-packages\django\core\handlers\base.py", line 204, in _get_response
    self.check_response(response, callback)
  File "D:\Python310\lib\site-packages\django\core\handlers\base.py", line 332, in check_response
    raise ValueError(
ValueError: The view apps.verifications.views.view didn't return an HttpResponse object. It returned None instead.
ERROR 2023-09-01 14:43:43,644 basehttp 212 "GET /sms_codes/18283906566/?image_code=CSS8&image_code_id=c53accbf-4956-4e65-a75e-c599d63d909c HTTP/1.1" 500 67347
INFO 2023-09-01 14:43:45,936 basehttp 212 "GET /mobiles/18283906566/count/ HTTP/1.1" 200 39
ERROR 2023-09-01 14:43:45,953 log 241 Internal Server Error: /sms_codes/18283906566/
Traceback (most recent call last):
  File "D:\Python310\lib\site-packages\django\core\handlers\exception.py", line 55, in inner
    response = get_response(request)
  File "D:\Python310\lib\site-packages\django\core\handlers\base.py", line 204, in _get_response
    self.check_response(response, callback)
  File "D:\Python310\lib\site-packages\django\core\handlers\base.py", line 332, in check_response
    raise ValueError(
ValueError: The view apps.verifications.views.view didn't return an HttpResponse object. It returned None instead.
ERROR 2023-09-01 14:43:45,955 basehttp 212 "GET /sms_codes/18283906566/?image_code=CSS8&image_code_id=c53accbf-4956-4e65-a75e-c599d63d909c HTTP/1.1" 500 67347
INFO 2023-09-01 14:43:46,108 basehttp 212 "GET /mobiles/18283906566/count/ HTTP/1.1" 200 39
ERROR 2023-09-01 14:43:46,125 log 241 Internal Server Error: /sms_codes/18283906566/
Traceback (most recent call last):
  File "D:\Python310\lib\site-packages\django\core\handlers\exception.py", line 55, in inner
    response = get_response(request)
  File "D:\Python310\lib\site-packages\django\core\handlers\base.py", line 204, in _get_response
    self.check_response(response, callback)
  File "D:\Python310\lib\site-packages\django\core\handlers\base.py", line 332, in check_response
    raise ValueError(
ValueError: The view apps.verifications.views.view didn't return an HttpResponse object. It returned None instead.
ERROR 2023-09-01 14:43:46,126 basehttp 212 "GET /sms_codes/18283906566/?image_code=CSS8&image_code_id=c53accbf-4956-4e65-a75e-c599d63d909c HTTP/1.1" 500 67347
INFO 2023-09-01 14:43:46,266 basehttp 212 "GET /mobiles/18283906566/count/ HTTP/1.1" 200 39
ERROR 2023-09-01 14:43:46,284 log 241 Internal Server Error: /sms_codes/18283906566/
Traceback (most recent call last):
  File "D:\Python310\lib\site-packages\django\core\handlers\exception.py", line 55, in inner
    response = get_response(request)
  File "D:\Python310\lib\site-packages\django\core\handlers\base.py", line 204, in _get_response
    self.check_response(response, callback)
  File "D:\Python310\lib\site-packages\django\core\handlers\base.py", line 332, in check_response
    raise ValueError(
ValueError: The view apps.verifications.views.view didn't return an HttpResponse object. It returned None instead.
ERROR 2023-09-01 14:43:46,285 basehttp 212 "GET /sms_codes/18283906566/?image_code=CSS8&image_code_id=c53accbf-4956-4e65-a75e-c599d63d909c HTTP/1.1" 500 67347
INFO 2023-09-01 14:43:46,436 basehttp 212 "GET /mobiles/18283906566/count/ HTTP/1.1" 200 39
ERROR 2023-09-01 14:43:46,453 log 241 Internal Server Error: /sms_codes/18283906566/
Traceback (most recent call last):
  File "D:\Python310\lib\site-packages\django\core\handlers\exception.py", line 55, in inner
    response = get_response(request)
  File "D:\Python310\lib\site-packages\django\core\handlers\base.py", line 204, in _get_response
    self.check_response(response, callback)
  File "D:\Python310\lib\site-packages\django\core\handlers\base.py", line 332, in check_response
    raise ValueError(
ValueError: The view apps.verifications.views.view didn't return an HttpResponse object. It returned None instead.
ERROR 2023-09-01 14:43:46,454 basehttp 212 "GET /sms_codes/18283906566/?image_code=CSS8&image_code_id=c53accbf-4956-4e65-a75e-c599d63d909c HTTP/1.1" 500 67347
INFO 2023-09-01 14:43:46,597 basehttp 212 "GET /mobiles/18283906566/count/ HTTP/1.1" 200 39
ERROR 2023-09-01 14:43:46,614 log 241 Internal Server Error: /sms_codes/18283906566/
Traceback (most recent call last):
  File "D:\Python310\lib\site-packages\django\core\handlers\exception.py", line 55, in inner
    response = get_response(request)
  File "D:\Python310\lib\site-packages\django\core\handlers\base.py", line 204, in _get_response
    self.check_response(response, callback)
  File "D:\Python310\lib\site-packages\django\core\handlers\base.py", line 332, in check_response
    raise ValueError(
ValueError: The view apps.verifications.views.view didn't return an HttpResponse object. It returned None instead.
ERROR 2023-09-01 14:43:46,615 basehttp 212 "GET /sms_codes/18283906566/?image_code=CSS8&image_code_id=c53accbf-4956-4e65-a75e-c599d63d909c HTTP/1.1" 500 67347
INFO 2023-09-01 14:43:46,784 basehttp 212 "GET /mobiles/18283906566/count/ HTTP/1.1" 200 39
ERROR 2023-09-01 14:43:46,799 log 241 Internal Server Error: /sms_codes/18283906566/
Traceback (most recent call last):
  File "D:\Python310\lib\site-packages\django\core\handlers\exception.py", line 55, in inner
    response = get_response(request)
  File "D:\Python310\lib\site-packages\django\core\handlers\base.py", line 204, in _get_response
    self.check_response(response, callback)
  File "D:\Python310\lib\site-packages\django\core\handlers\base.py", line 332, in check_response
    raise ValueError(
ValueError: The view apps.verifications.views.view didn't return an HttpResponse object. It returned None instead.
ERROR 2023-09-01 14:43:46,800 basehttp 212 "GET /sms_codes/18283906566/?image_code=CSS8&image_code_id=c53accbf-4956-4e65-a75e-c599d63d909c HTTP/1.1" 500 67347
INFO 2023-09-01 14:43:46,961 basehttp 212 "GET /mobiles/18283906566/count/ HTTP/1.1" 200 39
ERROR 2023-09-01 14:43:46,979 log 241 Internal Server Error: /sms_codes/18283906566/
Traceback (most recent call last):
  File "D:\Python310\lib\site-packages\django\core\handlers\exception.py", line 55, in inner
    response = get_response(request)
  File "D:\Python310\lib\site-packages\django\core\handlers\base.py", line 204, in _get_response
    self.check_response(response, callback)
  File "D:\Python310\lib\site-packages\django\core\handlers\base.py", line 332, in check_response
    raise ValueError(
ValueError: The view apps.verifications.views.view didn't return an HttpResponse object. It returned None instead.
ERROR 2023-09-01 14:43:46,980 basehttp 212 "GET /sms_codes/18283906566/?image_code=CSS8&image_code_id=c53accbf-4956-4e65-a75e-c599d63d909c HTTP/1.1" 500 67347
INFO 2023-09-01 14:43:47,135 basehttp 212 "GET /mobiles/18283906566/count/ HTTP/1.1" 200 39
ERROR 2023-09-01 14:43:47,155 log 241 Internal Server Error: /sms_codes/18283906566/
Traceback (most recent call last):
  File "D:\Python310\lib\site-packages\django\core\handlers\exception.py", line 55, in inner
    response = get_response(request)
  File "D:\Python310\lib\site-packages\django\core\handlers\base.py", line 204, in _get_response
    self.check_response(response, callback)
  File "D:\Python310\lib\site-packages\django\core\handlers\base.py", line 332, in check_response
    raise ValueError(
ValueError: The view apps.verifications.views.view didn't return an HttpResponse object. It returned None instead.
ERROR 2023-09-01 14:43:47,156 basehttp 212 "GET /sms_codes/18283906566/?image_code=CSS8&image_code_id=c53accbf-4956-4e65-a75e-c599d63d909c HTTP/1.1" 500 67347
INFO 2023-09-01 14:43:47,270 basehttp 212 "GET /mobiles/18283906566/count/ HTTP/1.1" 200 39
ERROR 2023-09-01 14:43:47,289 log 241 Internal Server Error: /sms_codes/18283906566/
Traceback (most recent call last):
  File "D:\Python310\lib\site-packages\django\core\handlers\exception.py", line 55, in inner
    response = get_response(request)
  File "D:\Python310\lib\site-packages\django\core\handlers\base.py", line 204, in _get_response
    self.check_response(response, callback)
  File "D:\Python310\lib\site-packages\django\core\handlers\base.py", line 332, in check_response
    raise ValueError(
ValueError: The view apps.verifications.views.view didn't return an HttpResponse object. It returned None instead.
ERROR 2023-09-01 14:43:47,290 basehttp 212 "GET /sms_codes/18283906566/?image_code=CSS8&image_code_id=c53accbf-4956-4e65-a75e-c599d63d909c HTTP/1.1" 500 67347
INFO 2023-09-01 14:43:47,472 basehttp 212 "GET /mobiles/18283906566/count/ HTTP/1.1" 200 39
ERROR 2023-09-01 14:43:47,491 log 241 Internal Server Error: /sms_codes/18283906566/
Traceback (most recent call last):
  File "D:\Python310\lib\site-packages\django\core\handlers\exception.py", line 55, in inner
    response = get_response(request)
  File "D:\Python310\lib\site-packages\django\core\handlers\base.py", line 204, in _get_response
    self.check_response(response, callback)
  File "D:\Python310\lib\site-packages\django\core\handlers\base.py", line 332, in check_response
    raise ValueError(
ValueError: The view apps.verifications.views.view didn't return an HttpResponse object. It returned None instead.
ERROR 2023-09-01 14:43:47,492 basehttp 212 "GET /sms_codes/18283906566/?image_code=CSS8&image_code_id=c53accbf-4956-4e65-a75e-c599d63d909c HTTP/1.1" 500 67347
INFO 2023-09-01 14:43:47,578 basehttp 212 "GET /mobiles/18283906566/count/ HTTP/1.1" 200 39
ERROR 2023-09-01 14:43:47,595 log 241 Internal Server Error: /sms_codes/18283906566/
Traceback (most recent call last):
  File "D:\Python310\lib\site-packages\django\core\handlers\exception.py", line 55, in inner
    response = get_response(request)
  File "D:\Python310\lib\site-packages\django\core\handlers\base.py", line 204, in _get_response
    self.check_response(response, callback)
  File "D:\Python310\lib\site-packages\django\core\handlers\base.py", line 332, in check_response
    raise ValueError(
ValueError: The view apps.verifications.views.view didn't return an HttpResponse object. It returned None instead.
ERROR 2023-09-01 14:43:47,596 basehttp 212 "GET /sms_codes/18283906566/?image_code=CSS8&image_code_id=c53accbf-4956-4e65-a75e-c599d63d909c HTTP/1.1" 500 67347
INFO 2023-09-01 14:43:47,762 basehttp 212 "GET /mobiles/18283906566/count/ HTTP/1.1" 200 39
ERROR 2023-09-01 14:43:47,782 log 241 Internal Server Error: /sms_codes/18283906566/
Traceback (most recent call last):
  File "D:\Python310\lib\site-packages\django\core\handlers\exception.py", line 55, in inner
    response = get_response(request)
  File "D:\Python310\lib\site-packages\django\core\handlers\base.py", line 204, in _get_response
    self.check_response(response, callback)
  File "D:\Python310\lib\site-packages\django\core\handlers\base.py", line 332, in check_response
    raise ValueError(
ValueError: The view apps.verifications.views.view didn't return an HttpResponse object. It returned None instead.
ERROR 2023-09-01 14:43:47,783 basehttp 212 "GET /sms_codes/18283906566/?image_code=CSS8&image_code_id=c53accbf-4956-4e65-a75e-c599d63d909c HTTP/1.1" 500 67347
INFO 2023-09-01 14:43:48,029 basehttp 212 "GET /mobiles/18283906566/count/ HTTP/1.1" 200 39
ERROR 2023-09-01 14:43:48,044 log 241 Internal Server Error: /sms_codes/18283906566/
Traceback (most recent call last):
  File "D:\Python310\lib\site-packages\django\core\handlers\exception.py", line 55, in inner
    response = get_response(request)
  File "D:\Python310\lib\site-packages\django\core\handlers\base.py", line 204, in _get_response
    self.check_response(response, callback)
  File "D:\Python310\lib\site-packages\django\core\handlers\base.py", line 332, in check_response
    raise ValueError(
ValueError: The view apps.verifications.views.view didn't return an HttpResponse object. It returned None instead.
ERROR 2023-09-01 14:43:48,045 basehttp 212 "GET /sms_codes/18283906566/?image_code=CSS8&image_code_id=c53accbf-4956-4e65-a75e-c599d63d909c HTTP/1.1" 500 67347
INFO 2023-09-01 14:43:48,210 basehttp 212 "GET /mobiles/18283906566/count/ HTTP/1.1" 200 39
ERROR 2023-09-01 14:43:48,231 log 241 Internal Server Error: /sms_codes/18283906566/
Traceback (most recent call last):
  File "D:\Python310\lib\site-packages\django\core\handlers\exception.py", line 55, in inner
    response = get_response(request)
  File "D:\Python310\lib\site-packages\django\core\handlers\base.py", line 204, in _get_response
    self.check_response(response, callback)
  File "D:\Python310\lib\site-packages\django\core\handlers\base.py", line 332, in check_response
    raise ValueError(
ValueError: The view apps.verifications.views.view didn't return an HttpResponse object. It returned None instead.
ERROR 2023-09-01 14:43:48,231 basehttp 212 "GET /sms_codes/18283906566/?image_code=CSS8&image_code_id=c53accbf-4956-4e65-a75e-c599d63d909c HTTP/1.1" 500 67347
INFO 2023-09-01 14:51:24,965 autoreload 266 E:\PythonProject\meiduo_project\meiduo_mall\apps\verifications\views.py changed, reloading.
INFO 2023-09-01 14:51:25,958 autoreload 668 Watching for file changes with StatReloader
INFO 2023-09-01 14:54:24,737 autoreload 266 E:\PythonProject\meiduo_project\meiduo_mall\apps\verifications\views.py changed, reloading.
INFO 2023-09-01 14:54:25,626 autoreload 668 Watching for file changes with StatReloader
INFO 2023-09-01 15:00:58,705 autoreload 266 E:\PythonProject\meiduo_project\meiduo_mall\apps\verifications\views.py changed, reloading.
INFO 2023-09-01 15:00:59,542 autoreload 668 Watching for file changes with StatReloader
INFO 2023-09-01 15:01:12,167 autoreload 668 Watching for file changes with StatReloader
INFO 2023-09-01 15:01:25,455 basehttp 212 "GET /image_codes/26a227f4-878b-44fe-8a95-ef808fbae4a7/ HTTP/1.1" 200 3047
INFO 2023-09-01 15:01:32,570 basehttp 212 "GET /mobiles/18283906566/count/ HTTP/1.1" 200 39
INFO 2023-09-01 15:01:45,241 basehttp 212 "GET /sms_codes/18283906566/?image_code=SZ4S&image_code_id=26a227f4-878b-44fe-8a95-ef808fbae4a7 HTTP/1.1" 200 69
INFO 2023-09-01 15:01:45,243 basehttp 212 "GET /mobiles/18283906566/count/ HTTP/1.1" 200 39
INFO 2023-09-01 15:07:21,772 autoreload 668 Watching for file changes with StatReloader
INFO 2023-09-01 15:07:29,337 basehttp 212 "GET /image_codes/3b04a57c-3280-487b-9a69-a1e02efa8834/ HTTP/1.1" 200 2644
INFO 2023-09-01 15:07:32,182 basehttp 212 "GET /mobiles/18283906566/count/ HTTP/1.1" 200 39
INFO 2023-09-01 15:07:34,136 basehttp 212 "GET /image_codes/c061326f-401b-442f-a89f-0b99048d3602/ HTTP/1.1" 200 3282
INFO 2023-09-01 15:07:40,624 basehttp 212 "GET /mobiles/18283906566/count/ HTTP/1.1" 200 39
INFO 2023-09-01 15:08:10,469 basehttp 212 "GET /sms_codes/18283906566/?image_code=CZTB&image_code_id=c061326f-401b-442f-a89f-0b99048d3602 HTTP/1.1" 200 69
INFO 2023-09-01 15:09:47,277 autoreload 668 Watching for file changes with StatReloader
INFO 2023-09-01 15:10:51,181 basehttp 212 "GET /image_codes/d009b07b-d747-475b-ac5f-2671cb3d828e/ HTTP/1.1" 200 3045
INFO 2023-09-01 15:10:52,157 basehttp 212 "GET /image_codes/1d2d9053-dbfa-434f-ade4-0ea8affb5c56/ HTTP/1.1" 200 3361
INFO 2023-09-01 15:10:54,530 basehttp 212 "GET /mobiles/18283906566/count/ HTTP/1.1" 200 39
INFO 2023-09-01 15:11:00,286 basehttp 212 "GET /mobiles/18283906566/count/ HTTP/1.1" 200 39
INFO 2023-09-01 15:14:25,639 autoreload 266 E:\PythonProject\meiduo_project\meiduo_mall\apps\verifications\views.py changed, reloading.
INFO 2023-09-01 15:14:27,290 autoreload 668 Watching for file changes with StatReloader
INFO 2023-09-01 15:16:40,824 autoreload 668 Watching for file changes with StatReloader
INFO 2023-09-01 15:16:45,315 basehttp 212 "GET /image_codes/4cbc31bf-ddb3-4808-9e4e-f4c05755cbbf/ HTTP/1.1" 200 3026
INFO 2023-09-01 15:16:49,310 basehttp 212 "GET /mobiles/18283906566/count/ HTTP/1.1" 200 39
INFO 2023-09-01 15:16:49,335 basehttp 212 "GET /image_codes/ee9989f6-0aa5-41ae-b259-c4126af72140/ HTTP/1.1" 200 3420
INFO 2023-09-01 15:16:56,278 basehttp 212 "GET /mobiles/18283906566/count/ HTTP/1.1" 200 39
INFO 2023-09-01 15:16:56,800 basehttp 212 "GET /sms_codes/18283906566/?image_code=MZ6A&image_code_id=ee9989f6-0aa5-41ae-b259-c4126af72140 HTTP/1.1" 200 27
INFO 2023-09-01 15:42:06,090 autoreload 668 Watching for file changes with StatReloader
INFO 2023-09-01 15:42:09,265 basehttp 212 "GET /image_codes/d69dfefc-77e9-4816-9df2-b62bf472fdbc/ HTTP/1.1" 200 3257
INFO 2023-09-01 15:42:12,630 basehttp 212 "GET /mobiles/18283906566/count/ HTTP/1.1" 200 39
INFO 2023-09-01 15:42:18,480 basehttp 212 "GET /mobiles/18283906566/count/ HTTP/1.1" 200 39
INFO 2023-09-01 15:42:18,917 basehttp 212 "GET /sms_codes/18283906566/?image_code=YKP6&image_code_id=d69dfefc-77e9-4816-9df2-b62bf472fdbc HTTP/1.1" 200 27
INFO 2023-09-01 15:45:31,198 autoreload 266 E:\PythonProject\meiduo_project\meiduo_mall\apps\verifications\views.py changed, reloading.
INFO 2023-09-01 15:45:32,081 autoreload 668 Watching for file changes with StatReloader
INFO 2023-09-01 16:01:57,583 basehttp 212 "GET /image_codes/1fb2ec76-c843-451f-8138-0b0ad2e9a74c/ HTTP/1.1" 200 3017
INFO 2023-09-01 16:04:12,319 basehttp 212 "GET /image_codes/ffdd9909-eda2-427b-9fb4-934e7d2eecf4/ HTTP/1.1" 200 3363
INFO 2023-09-01 16:04:57,370 basehttp 212 "GET /image_codes/bace2d35-5585-46b8-a8e7-b308d5b605e2/ HTTP/1.1" 200 3058
INFO 2023-09-01 16:05:03,300 basehttp 212 "GET /mobiles/18283906565/count/ HTTP/1.1" 200 39
INFO 2023-09-01 16:05:09,761 basehttp 212 "GET /mobiles/18283906565/count/ HTTP/1.1" 200 39
INFO 2023-09-01 16:05:09,764 basehttp 212 "GET /sms_codes/18283906565/?image_code=Hqvm&image_code_id=bace2d35-5585-46b8-a8e7-b308d5b605e2 HTTP/1.1" 200 69
INFO 2023-09-01 16:05:11,562 basehttp 212 "GET /image_codes/84899319-5b6e-46a0-a147-16f0a5cc8279/ HTTP/1.1" 200 3022
INFO 2023-09-01 16:05:20,038 basehttp 212 "GET /image_codes/7ac2be94-34f4-4e2a-98fb-7746b2b22aeb/ HTTP/1.1" 200 2947
INFO 2023-09-01 16:05:26,527 basehttp 212 "GET /mobiles/18283906565/count/ HTTP/1.1" 200 39
INFO 2023-09-01 16:05:31,737 basehttp 212 "GET /mobiles/18283906565/count/ HTTP/1.1" 200 39
INFO 2023-09-01 16:05:32,136 basehttp 212 "GET /sms_codes/18283906565/?image_code=4ZNE&image_code_id=7ac2be94-34f4-4e2a-98fb-7746b2b22aeb HTTP/1.1" 200 27
INFO 2023-09-01 16:05:39,496 basehttp 212 "GET /image_codes/dea418bf-17b3-4363-a161-ff5831aff940/ HTTP/1.1" 200 3074
INFO 2023-09-01 16:05:41,473 basehttp 212 "GET /mobiles/18283906565/count/ HTTP/1.1" 200 39
INFO 2023-09-01 16:05:45,722 basehttp 212 "GET /sms_codes/18283906565/?image_code=zvus&image_code_id=dea418bf-17b3-4363-a161-ff5831aff940 HTTP/1.1" 200 75
INFO 2023-09-01 16:05:45,724 basehttp 212 "GET /mobiles/18283906565/count/ HTTP/1.1" 200 39
INFO 2023-09-01 16:25:05,228 autoreload 668 Watching for file changes with StatReloader
INFO 2023-09-01 16:25:12,004 basehttp 212 "GET /image_codes/80d14368-f1af-4ee9-95e7-48102750dc21/ HTTP/1.1" 200 3364
INFO 2023-09-01 16:25:17,446 basehttp 212 "GET /usernames/daguo03/count/ HTTP/1.1" 200 39
INFO 2023-09-01 16:25:30,236 basehttp 212 "GET /mobiles/18211111113/count/ HTTP/1.1" 200 39
INFO 2023-09-01 16:25:46,385 basehttp 212 "GET /mobiles/18283901112/count/ HTTP/1.1" 200 39
INFO 2023-09-01 16:25:48,185 basehttp 212 "GET /image_codes/07b72587-06b2-4c17-b0ec-9d7b690287c6/ HTTP/1.1" 200 3312
INFO 2023-09-01 16:25:57,326 basehttp 212 "GET /mobiles/18283901112/count/ HTTP/1.1" 200 39
INFO 2023-09-01 16:25:57,881 basehttp 212 "GET /sms_codes/18283901112/?image_code=FKDR&image_code_id=07b72587-06b2-4c17-b0ec-9d7b690287c6 HTTP/1.1" 200 27
INFO 2023-09-01 16:26:03,610 basehttp 212 "OPTIONS /register/ HTTP/1.1" 200 0
INFO 2023-09-01 16:26:03,616 basehttp 212 "GET /usernames/daguo03/count/ HTTP/1.1" 200 39
INFO 2023-09-01 16:26:03,616 basehttp 212 "GET /mobiles/18283901112/count/ HTTP/1.1" 200 39
ERROR 2023-09-01 16:26:03,854 log 241 Internal Server Error: /register/
Traceback (most recent call last):
  File "D:\Python310\lib\site-packages\django\utils\connection.py", line 58, in __getitem__
    return getattr(self._connections, alias)
  File "D:\Python310\lib\site-packages\asgiref\local.py", line 105, in __getattr__
    raise AttributeError(f"{self!r} object has no attribute {key!r}")
AttributeError: <asgiref.local.Local object at 0x0000026144844850> object has no attribute 'verify_code'

During handling of the above exception, another exception occurred:

Traceback (most recent call last):
  File "D:\Python310\lib\site-packages\django\core\handlers\exception.py", line 55, in inner
    response = get_response(request)
  File "D:\Python310\lib\site-packages\django\core\handlers\base.py", line 197, in _get_response
    response = wrapped_callback(request, *callback_args, **callback_kwargs)
  File "D:\Python310\lib\site-packages\django\views\generic\base.py", line 104, in view
    return self.dispatch(request, *args, **kwargs)
  File "D:\Python310\lib\site-packages\django\views\generic\base.py", line 143, in dispatch
    return handler(request, *args, **kwargs)
  File "E:\PythonProject\meiduo_project\meiduo_mall\apps\users\views.py", line 69, in post
    redis_cli = get_redis_connection('verify_code')
  File "D:\Python310\lib\site-packages\django_redis\__init__.py", line 12, in get_redis_connection
    cache = caches[alias]
  File "D:\Python310\lib\site-packages\django\utils\connection.py", line 61, in __getitem__
    raise self.exception_class(f"The connection '{alias}' doesn't exist.")
django.core.cache.backends.base.InvalidCacheBackendError: The connection 'verify_code' doesn't exist.
ERROR 2023-09-01 16:26:03,867 basehttp 212 "POST /register/ HTTP/1.1" 500 98154
INFO 2023-09-01 16:26:08,217 basehttp 212 "GET /usernames/daguo03/count/ HTTP/1.1" 200 39
INFO 2023-09-01 16:26:08,222 basehttp 212 "GET /mobiles/18283901112/count/ HTTP/1.1" 200 39
ERROR 2023-09-01 16:26:08,320 log 241 Internal Server Error: /register/
Traceback (most recent call last):
  File "D:\Python310\lib\site-packages\django\utils\connection.py", line 58, in __getitem__
    return getattr(self._connections, alias)
  File "D:\Python310\lib\site-packages\asgiref\local.py", line 105, in __getattr__
    raise AttributeError(f"{self!r} object has no attribute {key!r}")
AttributeError: <asgiref.local.Local object at 0x0000026144844850> object has no attribute 'verify_code'

During handling of the above exception, another exception occurred:

Traceback (most recent call last):
  File "D:\Python310\lib\site-packages\django\core\handlers\exception.py", line 55, in inner
    response = get_response(request)
  File "D:\Python310\lib\site-packages\django\core\handlers\base.py", line 197, in _get_response
    response = wrapped_callback(request, *callback_args, **callback_kwargs)
  File "D:\Python310\lib\site-packages\django\views\generic\base.py", line 104, in view
    return self.dispatch(request, *args, **kwargs)
  File "D:\Python310\lib\site-packages\django\views\generic\base.py", line 143, in dispatch
    return handler(request, *args, **kwargs)
  File "E:\PythonProject\meiduo_project\meiduo_mall\apps\users\views.py", line 69, in post
    redis_cli = get_redis_connection('verify_code')
  File "D:\Python310\lib\site-packages\django_redis\__init__.py", line 12, in get_redis_connection
    cache = caches[alias]
  File "D:\Python310\lib\site-packages\django\utils\connection.py", line 61, in __getitem__
    raise self.exception_class(f"The connection '{alias}' doesn't exist.")
django.core.cache.backends.base.InvalidCacheBackendError: The connection 'verify_code' doesn't exist.
ERROR 2023-09-01 16:26:08,322 basehttp 212 "POST /register/ HTTP/1.1" 500 98154
INFO 2023-09-01 16:26:08,626 basehttp 212 "GET /usernames/daguo03/count/ HTTP/1.1" 200 39
INFO 2023-09-01 16:26:08,626 basehttp 212 "GET /mobiles/18283901112/count/ HTTP/1.1" 200 39
ERROR 2023-09-01 16:26:08,730 log 241 Internal Server Error: /register/
Traceback (most recent call last):
  File "D:\Python310\lib\site-packages\django\utils\connection.py", line 58, in __getitem__
    return getattr(self._connections, alias)
  File "D:\Python310\lib\site-packages\asgiref\local.py", line 105, in __getattr__
    raise AttributeError(f"{self!r} object has no attribute {key!r}")
AttributeError: <asgiref.local.Local object at 0x0000026144844850> object has no attribute 'verify_code'

During handling of the above exception, another exception occurred:

Traceback (most recent call last):
  File "D:\Python310\lib\site-packages\django\core\handlers\exception.py", line 55, in inner
    response = get_response(request)
  File "D:\Python310\lib\site-packages\django\core\handlers\base.py", line 197, in _get_response
    response = wrapped_callback(request, *callback_args, **callback_kwargs)
  File "D:\Python310\lib\site-packages\django\views\generic\base.py", line 104, in view
    return self.dispatch(request, *args, **kwargs)
  File "D:\Python310\lib\site-packages\django\views\generic\base.py", line 143, in dispatch
    return handler(request, *args, **kwargs)
  File "E:\PythonProject\meiduo_project\meiduo_mall\apps\users\views.py", line 69, in post
    redis_cli = get_redis_connection('verify_code')
  File "D:\Python310\lib\site-packages\django_redis\__init__.py", line 12, in get_redis_connection
    cache = caches[alias]
  File "D:\Python310\lib\site-packages\django\utils\connection.py", line 61, in __getitem__
    raise self.exception_class(f"The connection '{alias}' doesn't exist.")
django.core.cache.backends.base.InvalidCacheBackendError: The connection 'verify_code' doesn't exist.
ERROR 2023-09-01 16:26:08,732 basehttp 212 "POST /register/ HTTP/1.1" 500 98154
INFO 2023-09-01 16:26:08,788 basehttp 212 "GET /usernames/daguo03/count/ HTTP/1.1" 200 39
INFO 2023-09-01 16:26:08,789 basehttp 212 "GET /mobiles/18283901112/count/ HTTP/1.1" 200 39
ERROR 2023-09-01 16:26:08,894 log 241 Internal Server Error: /register/
Traceback (most recent call last):
  File "D:\Python310\lib\site-packages\django\utils\connection.py", line 58, in __getitem__
    return getattr(self._connections, alias)
  File "D:\Python310\lib\site-packages\asgiref\local.py", line 105, in __getattr__
    raise AttributeError(f"{self!r} object has no attribute {key!r}")
AttributeError: <asgiref.local.Local object at 0x0000026144844850> object has no attribute 'verify_code'

During handling of the above exception, another exception occurred:

Traceback (most recent call last):
  File "D:\Python310\lib\site-packages\django\core\handlers\exception.py", line 55, in inner
    response = get_response(request)
  File "D:\Python310\lib\site-packages\django\core\handlers\base.py", line 197, in _get_response
    response = wrapped_callback(request, *callback_args, **callback_kwargs)
  File "D:\Python310\lib\site-packages\django\views\generic\base.py", line 104, in view
    return self.dispatch(request, *args, **kwargs)
  File "D:\Python310\lib\site-packages\django\views\generic\base.py", line 143, in dispatch
    return handler(request, *args, **kwargs)
  File "E:\PythonProject\meiduo_project\meiduo_mall\apps\users\views.py", line 69, in post
    redis_cli = get_redis_connection('verify_code')
  File "D:\Python310\lib\site-packages\django_redis\__init__.py", line 12, in get_redis_connection
    cache = caches[alias]
  File "D:\Python310\lib\site-packages\django\utils\connection.py", line 61, in __getitem__
    raise self.exception_class(f"The connection '{alias}' doesn't exist.")
django.core.cache.backends.base.InvalidCacheBackendError: The connection 'verify_code' doesn't exist.
ERROR 2023-09-01 16:26:08,896 basehttp 212 "POST /register/ HTTP/1.1" 500 98241
INFO 2023-09-01 16:26:08,942 basehttp 212 "GET /usernames/daguo03/count/ HTTP/1.1" 200 39
INFO 2023-09-01 16:26:08,947 basehttp 212 "GET /mobiles/18283901112/count/ HTTP/1.1" 200 39
ERROR 2023-09-01 16:26:09,043 log 241 Internal Server Error: /register/
Traceback (most recent call last):
  File "D:\Python310\lib\site-packages\django\utils\connection.py", line 58, in __getitem__
    return getattr(self._connections, alias)
  File "D:\Python310\lib\site-packages\asgiref\local.py", line 105, in __getattr__
    raise AttributeError(f"{self!r} object has no attribute {key!r}")
AttributeError: <asgiref.local.Local object at 0x0000026144844850> object has no attribute 'verify_code'

During handling of the above exception, another exception occurred:

Traceback (most recent call last):
  File "D:\Python310\lib\site-packages\django\core\handlers\exception.py", line 55, in inner
    response = get_response(request)
  File "D:\Python310\lib\site-packages\django\core\handlers\base.py", line 197, in _get_response
    response = wrapped_callback(request, *callback_args, **callback_kwargs)
  File "D:\Python310\lib\site-packages\django\views\generic\base.py", line 104, in view
    return self.dispatch(request, *args, **kwargs)
  File "D:\Python310\lib\site-packages\django\views\generic\base.py", line 143, in dispatch
    return handler(request, *args, **kwargs)
  File "E:\PythonProject\meiduo_project\meiduo_mall\apps\users\views.py", line 69, in post
    redis_cli = get_redis_connection('verify_code')
  File "D:\Python310\lib\site-packages\django_redis\__init__.py", line 12, in get_redis_connection
    cache = caches[alias]
  File "D:\Python310\lib\site-packages\django\utils\connection.py", line 61, in __getitem__
    raise self.exception_class(f"The connection '{alias}' doesn't exist.")
django.core.cache.backends.base.InvalidCacheBackendError: The connection 'verify_code' doesn't exist.
ERROR 2023-09-01 16:26:09,045 basehttp 212 "POST /register/ HTTP/1.1" 500 98154
INFO 2023-09-01 16:26:09,108 basehttp 212 "GET /usernames/daguo03/count/ HTTP/1.1" 200 39
INFO 2023-09-01 16:26:09,108 basehttp 212 "GET /mobiles/18283901112/count/ HTTP/1.1" 200 39
ERROR 2023-09-01 16:26:09,209 log 241 Internal Server Error: /register/
Traceback (most recent call last):
  File "D:\Python310\lib\site-packages\django\utils\connection.py", line 58, in __getitem__
    return getattr(self._connections, alias)
  File "D:\Python310\lib\site-packages\asgiref\local.py", line 105, in __getattr__
    raise AttributeError(f"{self!r} object has no attribute {key!r}")
AttributeError: <asgiref.local.Local object at 0x0000026144844850> object has no attribute 'verify_code'

During handling of the above exception, another exception occurred:

Traceback (most recent call last):
  File "D:\Python310\lib\site-packages\django\core\handlers\exception.py", line 55, in inner
    response = get_response(request)
  File "D:\Python310\lib\site-packages\django\core\handlers\base.py", line 197, in _get_response
    response = wrapped_callback(request, *callback_args, **callback_kwargs)
  File "D:\Python310\lib\site-packages\django\views\generic\base.py", line 104, in view
    return self.dispatch(request, *args, **kwargs)
  File "D:\Python310\lib\site-packages\django\views\generic\base.py", line 143, in dispatch
    return handler(request, *args, **kwargs)
  File "E:\PythonProject\meiduo_project\meiduo_mall\apps\users\views.py", line 69, in post
    redis_cli = get_redis_connection('verify_code')
  File "D:\Python310\lib\site-packages\django_redis\__init__.py", line 12, in get_redis_connection
    cache = caches[alias]
  File "D:\Python310\lib\site-packages\django\utils\connection.py", line 61, in __getitem__
    raise self.exception_class(f"The connection '{alias}' doesn't exist.")
django.core.cache.backends.base.InvalidCacheBackendError: The connection 'verify_code' doesn't exist.
ERROR 2023-09-01 16:26:09,211 basehttp 212 "POST /register/ HTTP/1.1" 500 98154
INFO 2023-09-01 16:26:09,743 basehttp 212 "GET /mobiles/18283901112/count/ HTTP/1.1" 200 39
INFO 2023-09-01 16:26:09,745 basehttp 212 "GET /usernames/daguo03/count/ HTTP/1.1" 200 39
ERROR 2023-09-01 16:26:09,844 log 241 Internal Server Error: /register/
Traceback (most recent call last):
  File "D:\Python310\lib\site-packages\django\utils\connection.py", line 58, in __getitem__
    return getattr(self._connections, alias)
  File "D:\Python310\lib\site-packages\asgiref\local.py", line 105, in __getattr__
    raise AttributeError(f"{self!r} object has no attribute {key!r}")
AttributeError: <asgiref.local.Local object at 0x0000026144844850> object has no attribute 'verify_code'

During handling of the above exception, another exception occurred:

Traceback (most recent call last):
  File "D:\Python310\lib\site-packages\django\core\handlers\exception.py", line 55, in inner
    response = get_response(request)
  File "D:\Python310\lib\site-packages\django\core\handlers\base.py", line 197, in _get_response
    response = wrapped_callback(request, *callback_args, **callback_kwargs)
  File "D:\Python310\lib\site-packages\django\views\generic\base.py", line 104, in view
    return self.dispatch(request, *args, **kwargs)
  File "D:\Python310\lib\site-packages\django\views\generic\base.py", line 143, in dispatch
    return handler(request, *args, **kwargs)
  File "E:\PythonProject\meiduo_project\meiduo_mall\apps\users\views.py", line 69, in post
    redis_cli = get_redis_connection('verify_code')
  File "D:\Python310\lib\site-packages\django_redis\__init__.py", line 12, in get_redis_connection
    cache = caches[alias]
  File "D:\Python310\lib\site-packages\django\utils\connection.py", line 61, in __getitem__
    raise self.exception_class(f"The connection '{alias}' doesn't exist.")
django.core.cache.backends.base.InvalidCacheBackendError: The connection 'verify_code' doesn't exist.
ERROR 2023-09-01 16:26:09,846 basehttp 212 "POST /register/ HTTP/1.1" 500 98154
INFO 2023-09-01 16:26:09,956 basehttp 212 "GET /usernames/daguo03/count/ HTTP/1.1" 200 39
INFO 2023-09-01 16:26:09,960 basehttp 212 "GET /mobiles/18283901112/count/ HTTP/1.1" 200 39
ERROR 2023-09-01 16:26:10,057 log 241 Internal Server Error: /register/
Traceback (most recent call last):
  File "D:\Python310\lib\site-packages\django\utils\connection.py", line 58, in __getitem__
    return getattr(self._connections, alias)
  File "D:\Python310\lib\site-packages\asgiref\local.py", line 105, in __getattr__
    raise AttributeError(f"{self!r} object has no attribute {key!r}")
AttributeError: <asgiref.local.Local object at 0x0000026144844850> object has no attribute 'verify_code'

During handling of the above exception, another exception occurred:

Traceback (most recent call last):
  File "D:\Python310\lib\site-packages\django\core\handlers\exception.py", line 55, in inner
    response = get_response(request)
  File "D:\Python310\lib\site-packages\django\core\handlers\base.py", line 197, in _get_response
    response = wrapped_callback(request, *callback_args, **callback_kwargs)
  File "D:\Python310\lib\site-packages\django\views\generic\base.py", line 104, in view
    return self.dispatch(request, *args, **kwargs)
  File "D:\Python310\lib\site-packages\django\views\generic\base.py", line 143, in dispatch
    return handler(request, *args, **kwargs)
  File "E:\PythonProject\meiduo_project\meiduo_mall\apps\users\views.py", line 69, in post
    redis_cli = get_redis_connection('verify_code')
  File "D:\Python310\lib\site-packages\django_redis\__init__.py", line 12, in get_redis_connection
    cache = caches[alias]
  File "D:\Python310\lib\site-packages\django\utils\connection.py", line 61, in __getitem__
    raise self.exception_class(f"The connection '{alias}' doesn't exist.")
django.core.cache.backends.base.InvalidCacheBackendError: The connection 'verify_code' doesn't exist.
ERROR 2023-09-01 16:26:10,059 basehttp 212 "POST /register/ HTTP/1.1" 500 98154
INFO 2023-09-01 16:26:10,153 basehttp 212 "GET /usernames/daguo03/count/ HTTP/1.1" 200 39
INFO 2023-09-01 16:26:10,155 basehttp 212 "GET /mobiles/18283901112/count/ HTTP/1.1" 200 39
ERROR 2023-09-01 16:26:10,250 log 241 Internal Server Error: /register/
Traceback (most recent call last):
  File "D:\Python310\lib\site-packages\django\utils\connection.py", line 58, in __getitem__
    return getattr(self._connections, alias)
  File "D:\Python310\lib\site-packages\asgiref\local.py", line 105, in __getattr__
    raise AttributeError(f"{self!r} object has no attribute {key!r}")
AttributeError: <asgiref.local.Local object at 0x0000026144844850> object has no attribute 'verify_code'

During handling of the above exception, another exception occurred:

Traceback (most recent call last):
  File "D:\Python310\lib\site-packages\django\core\handlers\exception.py", line 55, in inner
    response = get_response(request)
  File "D:\Python310\lib\site-packages\django\core\handlers\base.py", line 197, in _get_response
    response = wrapped_callback(request, *callback_args, **callback_kwargs)
  File "D:\Python310\lib\site-packages\django\views\generic\base.py", line 104, in view
    return self.dispatch(request, *args, **kwargs)
  File "D:\Python310\lib\site-packages\django\views\generic\base.py", line 143, in dispatch
    return handler(request, *args, **kwargs)
  File "E:\PythonProject\meiduo_project\meiduo_mall\apps\users\views.py", line 69, in post
    redis_cli = get_redis_connection('verify_code')
  File "D:\Python310\lib\site-packages\django_redis\__init__.py", line 12, in get_redis_connection
    cache = caches[alias]
  File "D:\Python310\lib\site-packages\django\utils\connection.py", line 61, in __getitem__
    raise self.exception_class(f"The connection '{alias}' doesn't exist.")
django.core.cache.backends.base.InvalidCacheBackendError: The connection 'verify_code' doesn't exist.
ERROR 2023-09-01 16:26:10,252 basehttp 212 "POST /register/ HTTP/1.1" 500 98154
INFO 2023-09-01 16:26:11,940 basehttp 212 "GET /usernames/daguo03/count/ HTTP/1.1" 200 39
INFO 2023-09-01 16:26:11,941 basehttp 212 "GET /mobiles/18283901112/count/ HTTP/1.1" 200 39
ERROR 2023-09-01 16:26:12,040 log 241 Internal Server Error: /register/
Traceback (most recent call last):
  File "D:\Python310\lib\site-packages\django\utils\connection.py", line 58, in __getitem__
    return getattr(self._connections, alias)
  File "D:\Python310\lib\site-packages\asgiref\local.py", line 105, in __getattr__
    raise AttributeError(f"{self!r} object has no attribute {key!r}")
AttributeError: <asgiref.local.Local object at 0x0000026144844850> object has no attribute 'verify_code'

During handling of the above exception, another exception occurred:

Traceback (most recent call last):
  File "D:\Python310\lib\site-packages\django\core\handlers\exception.py", line 55, in inner
    response = get_response(request)
  File "D:\Python310\lib\site-packages\django\core\handlers\base.py", line 197, in _get_response
    response = wrapped_callback(request, *callback_args, **callback_kwargs)
  File "D:\Python310\lib\site-packages\django\views\generic\base.py", line 104, in view
    return self.dispatch(request, *args, **kwargs)
  File "D:\Python310\lib\site-packages\django\views\generic\base.py", line 143, in dispatch
    return handler(request, *args, **kwargs)
  File "E:\PythonProject\meiduo_project\meiduo_mall\apps\users\views.py", line 69, in post
    redis_cli = get_redis_connection('verify_code')
  File "D:\Python310\lib\site-packages\django_redis\__init__.py", line 12, in get_redis_connection
    cache = caches[alias]
  File "D:\Python310\lib\site-packages\django\utils\connection.py", line 61, in __getitem__
    raise self.exception_class(f"The connection '{alias}' doesn't exist.")
django.core.cache.backends.base.InvalidCacheBackendError: The connection 'verify_code' doesn't exist.
ERROR 2023-09-01 16:26:12,043 basehttp 212 "POST /register/ HTTP/1.1" 500 98154
INFO 2023-09-01 16:26:12,236 basehttp 212 "GET /mobiles/18283901112/count/ HTTP/1.1" 200 39
INFO 2023-09-01 16:26:12,239 basehttp 212 "GET /usernames/daguo03/count/ HTTP/1.1" 200 39
ERROR 2023-09-01 16:26:12,339 log 241 Internal Server Error: /register/
Traceback (most recent call last):
  File "D:\Python310\lib\site-packages\django\utils\connection.py", line 58, in __getitem__
    return getattr(self._connections, alias)
  File "D:\Python310\lib\site-packages\asgiref\local.py", line 105, in __getattr__
    raise AttributeError(f"{self!r} object has no attribute {key!r}")
AttributeError: <asgiref.local.Local object at 0x0000026144844850> object has no attribute 'verify_code'

During handling of the above exception, another exception occurred:

Traceback (most recent call last):
  File "D:\Python310\lib\site-packages\django\core\handlers\exception.py", line 55, in inner
    response = get_response(request)
  File "D:\Python310\lib\site-packages\django\core\handlers\base.py", line 197, in _get_response
    response = wrapped_callback(request, *callback_args, **callback_kwargs)
  File "D:\Python310\lib\site-packages\django\views\generic\base.py", line 104, in view
    return self.dispatch(request, *args, **kwargs)
  File "D:\Python310\lib\site-packages\django\views\generic\base.py", line 143, in dispatch
    return handler(request, *args, **kwargs)
  File "E:\PythonProject\meiduo_project\meiduo_mall\apps\users\views.py", line 69, in post
    redis_cli = get_redis_connection('verify_code')
  File "D:\Python310\lib\site-packages\django_redis\__init__.py", line 12, in get_redis_connection
    cache = caches[alias]
  File "D:\Python310\lib\site-packages\django\utils\connection.py", line 61, in __getitem__
    raise self.exception_class(f"The connection '{alias}' doesn't exist.")
django.core.cache.backends.base.InvalidCacheBackendError: The connection 'verify_code' doesn't exist.
ERROR 2023-09-01 16:26:12,341 basehttp 212 "POST /register/ HTTP/1.1" 500 98154
INFO 2023-09-01 16:26:12,404 basehttp 212 "GET /usernames/daguo03/count/ HTTP/1.1" 200 39
INFO 2023-09-01 16:26:12,407 basehttp 212 "GET /mobiles/18283901112/count/ HTTP/1.1" 200 39
ERROR 2023-09-01 16:26:12,506 log 241 Internal Server Error: /register/
Traceback (most recent call last):
  File "D:\Python310\lib\site-packages\django\utils\connection.py", line 58, in __getitem__
    return getattr(self._connections, alias)
  File "D:\Python310\lib\site-packages\asgiref\local.py", line 105, in __getattr__
    raise AttributeError(f"{self!r} object has no attribute {key!r}")
AttributeError: <asgiref.local.Local object at 0x0000026144844850> object has no attribute 'verify_code'

During handling of the above exception, another exception occurred:

Traceback (most recent call last):
  File "D:\Python310\lib\site-packages\django\core\handlers\exception.py", line 55, in inner
    response = get_response(request)
  File "D:\Python310\lib\site-packages\django\core\handlers\base.py", line 197, in _get_response
    response = wrapped_callback(request, *callback_args, **callback_kwargs)
  File "D:\Python310\lib\site-packages\django\views\generic\base.py", line 104, in view
    return self.dispatch(request, *args, **kwargs)
  File "D:\Python310\lib\site-packages\django\views\generic\base.py", line 143, in dispatch
    return handler(request, *args, **kwargs)
  File "E:\PythonProject\meiduo_project\meiduo_mall\apps\users\views.py", line 69, in post
    redis_cli = get_redis_connection('verify_code')
  File "D:\Python310\lib\site-packages\django_redis\__init__.py", line 12, in get_redis_connection
    cache = caches[alias]
  File "D:\Python310\lib\site-packages\django\utils\connection.py", line 61, in __getitem__
    raise self.exception_class(f"The connection '{alias}' doesn't exist.")
django.core.cache.backends.base.InvalidCacheBackendError: The connection 'verify_code' doesn't exist.
ERROR 2023-09-01 16:26:12,508 basehttp 212 "POST /register/ HTTP/1.1" 500 98154
INFO 2023-09-01 16:26:12,576 basehttp 212 "GET /usernames/daguo03/count/ HTTP/1.1" 200 39
INFO 2023-09-01 16:26:12,577 basehttp 212 "GET /mobiles/18283901112/count/ HTTP/1.1" 200 39
ERROR 2023-09-01 16:26:12,678 log 241 Internal Server Error: /register/
Traceback (most recent call last):
  File "D:\Python310\lib\site-packages\django\utils\connection.py", line 58, in __getitem__
    return getattr(self._connections, alias)
  File "D:\Python310\lib\site-packages\asgiref\local.py", line 105, in __getattr__
    raise AttributeError(f"{self!r} object has no attribute {key!r}")
AttributeError: <asgiref.local.Local object at 0x0000026144844850> object has no attribute 'verify_code'

During handling of the above exception, another exception occurred:

Traceback (most recent call last):
  File "D:\Python310\lib\site-packages\django\core\handlers\exception.py", line 55, in inner
    response = get_response(request)
  File "D:\Python310\lib\site-packages\django\core\handlers\base.py", line 197, in _get_response
    response = wrapped_callback(request, *callback_args, **callback_kwargs)
  File "D:\Python310\lib\site-packages\django\views\generic\base.py", line 104, in view
    return self.dispatch(request, *args, **kwargs)
  File "D:\Python310\lib\site-packages\django\views\generic\base.py", line 143, in dispatch
    return handler(request, *args, **kwargs)
  File "E:\PythonProject\meiduo_project\meiduo_mall\apps\users\views.py", line 69, in post
    redis_cli = get_redis_connection('verify_code')
  File "D:\Python310\lib\site-packages\django_redis\__init__.py", line 12, in get_redis_connection
    cache = caches[alias]
  File "D:\Python310\lib\site-packages\django\utils\connection.py", line 61, in __getitem__
    raise self.exception_class(f"The connection '{alias}' doesn't exist.")
django.core.cache.backends.base.InvalidCacheBackendError: The connection 'verify_code' doesn't exist.
ERROR 2023-09-01 16:26:12,680 basehttp 212 "POST /register/ HTTP/1.1" 500 98154
INFO 2023-09-01 16:26:12,755 basehttp 212 "GET /mobiles/18283901112/count/ HTTP/1.1" 200 39
INFO 2023-09-01 16:26:12,760 basehttp 212 "GET /usernames/daguo03/count/ HTTP/1.1" 200 39
ERROR 2023-09-01 16:26:12,868 log 241 Internal Server Error: /register/
Traceback (most recent call last):
  File "D:\Python310\lib\site-packages\django\utils\connection.py", line 58, in __getitem__
    return getattr(self._connections, alias)
  File "D:\Python310\lib\site-packages\asgiref\local.py", line 105, in __getattr__
    raise AttributeError(f"{self!r} object has no attribute {key!r}")
AttributeError: <asgiref.local.Local object at 0x0000026144844850> object has no attribute 'verify_code'

During handling of the above exception, another exception occurred:

Traceback (most recent call last):
  File "D:\Python310\lib\site-packages\django\core\handlers\exception.py", line 55, in inner
    response = get_response(request)
  File "D:\Python310\lib\site-packages\django\core\handlers\base.py", line 197, in _get_response
    response = wrapped_callback(request, *callback_args, **callback_kwargs)
  File "D:\Python310\lib\site-packages\django\views\generic\base.py", line 104, in view
    return self.dispatch(request, *args, **kwargs)
  File "D:\Python310\lib\site-packages\django\views\generic\base.py", line 143, in dispatch
    return handler(request, *args, **kwargs)
  File "E:\PythonProject\meiduo_project\meiduo_mall\apps\users\views.py", line 69, in post
    redis_cli = get_redis_connection('verify_code')
  File "D:\Python310\lib\site-packages\django_redis\__init__.py", line 12, in get_redis_connection
    cache = caches[alias]
  File "D:\Python310\lib\site-packages\django\utils\connection.py", line 61, in __getitem__
    raise self.exception_class(f"The connection '{alias}' doesn't exist.")
django.core.cache.backends.base.InvalidCacheBackendError: The connection 'verify_code' doesn't exist.
ERROR 2023-09-01 16:26:12,872 basehttp 212 "POST /register/ HTTP/1.1" 500 98154
INFO 2023-09-01 16:26:12,961 basehttp 212 "GET /usernames/daguo03/count/ HTTP/1.1" 200 39
INFO 2023-09-01 16:26:12,963 basehttp 212 "GET /mobiles/18283901112/count/ HTTP/1.1" 200 39
ERROR 2023-09-01 16:26:13,069 log 241 Internal Server Error: /register/
Traceback (most recent call last):
  File "D:\Python310\lib\site-packages\django\utils\connection.py", line 58, in __getitem__
    return getattr(self._connections, alias)
  File "D:\Python310\lib\site-packages\asgiref\local.py", line 105, in __getattr__
    raise AttributeError(f"{self!r} object has no attribute {key!r}")
AttributeError: <asgiref.local.Local object at 0x0000026144844850> object has no attribute 'verify_code'

During handling of the above exception, another exception occurred:

Traceback (most recent call last):
  File "D:\Python310\lib\site-packages\django\core\handlers\exception.py", line 55, in inner
    response = get_response(request)
  File "D:\Python310\lib\site-packages\django\core\handlers\base.py", line 197, in _get_response
    response = wrapped_callback(request, *callback_args, **callback_kwargs)
  File "D:\Python310\lib\site-packages\django\views\generic\base.py", line 104, in view
    return self.dispatch(request, *args, **kwargs)
  File "D:\Python310\lib\site-packages\django\views\generic\base.py", line 143, in dispatch
    return handler(request, *args, **kwargs)
  File "E:\PythonProject\meiduo_project\meiduo_mall\apps\users\views.py", line 69, in post
    redis_cli = get_redis_connection('verify_code')
  File "D:\Python310\lib\site-packages\django_redis\__init__.py", line 12, in get_redis_connection
    cache = caches[alias]
  File "D:\Python310\lib\site-packages\django\utils\connection.py", line 61, in __getitem__
    raise self.exception_class(f"The connection '{alias}' doesn't exist.")
django.core.cache.backends.base.InvalidCacheBackendError: The connection 'verify_code' doesn't exist.
ERROR 2023-09-01 16:26:13,071 basehttp 212 "POST /register/ HTTP/1.1" 500 98154
INFO 2023-09-01 16:26:13,606 basehttp 212 "GET /usernames/daguo03/count/ HTTP/1.1" 200 39
INFO 2023-09-01 16:26:13,610 basehttp 212 "GET /mobiles/18283901112/count/ HTTP/1.1" 200 39
ERROR 2023-09-01 16:26:13,710 log 241 Internal Server Error: /register/
Traceback (most recent call last):
  File "D:\Python310\lib\site-packages\django\utils\connection.py", line 58, in __getitem__
    return getattr(self._connections, alias)
  File "D:\Python310\lib\site-packages\asgiref\local.py", line 105, in __getattr__
    raise AttributeError(f"{self!r} object has no attribute {key!r}")
AttributeError: <asgiref.local.Local object at 0x0000026144844850> object has no attribute 'verify_code'

During handling of the above exception, another exception occurred:

Traceback (most recent call last):
  File "D:\Python310\lib\site-packages\django\core\handlers\exception.py", line 55, in inner
    response = get_response(request)
  File "D:\Python310\lib\site-packages\django\core\handlers\base.py", line 197, in _get_response
    response = wrapped_callback(request, *callback_args, **callback_kwargs)
  File "D:\Python310\lib\site-packages\django\views\generic\base.py", line 104, in view
    return self.dispatch(request, *args, **kwargs)
  File "D:\Python310\lib\site-packages\django\views\generic\base.py", line 143, in dispatch
    return handler(request, *args, **kwargs)
  File "E:\PythonProject\meiduo_project\meiduo_mall\apps\users\views.py", line 69, in post
    redis_cli = get_redis_connection('verify_code')
  File "D:\Python310\lib\site-packages\django_redis\__init__.py", line 12, in get_redis_connection
    cache = caches[alias]
  File "D:\Python310\lib\site-packages\django\utils\connection.py", line 61, in __getitem__
    raise self.exception_class(f"The connection '{alias}' doesn't exist.")
django.core.cache.backends.base.InvalidCacheBackendError: The connection 'verify_code' doesn't exist.
ERROR 2023-09-01 16:26:13,712 basehttp 212 "POST /register/ HTTP/1.1" 500 98154
INFO 2023-09-01 16:26:19,906 basehttp 212 "OPTIONS /register/ HTTP/1.1" 200 0
INFO 2023-09-01 16:26:19,911 basehttp 212 "GET /mobiles/18283901112/count/ HTTP/1.1" 200 39
INFO 2023-09-01 16:26:19,911 basehttp 212 "GET /usernames/daguo03/count/ HTTP/1.1" 200 39
ERROR 2023-09-01 16:26:20,090 log 241 Internal Server Error: /register/
Traceback (most recent call last):
  File "D:\Python310\lib\site-packages\django\utils\connection.py", line 58, in __getitem__
    return getattr(self._connections, alias)
  File "D:\Python310\lib\site-packages\asgiref\local.py", line 105, in __getattr__
    raise AttributeError(f"{self!r} object has no attribute {key!r}")
AttributeError: <asgiref.local.Local object at 0x0000026144844850> object has no attribute 'verify_code'

During handling of the above exception, another exception occurred:

Traceback (most recent call last):
  File "D:\Python310\lib\site-packages\django\core\handlers\exception.py", line 55, in inner
    response = get_response(request)
  File "D:\Python310\lib\site-packages\django\core\handlers\base.py", line 197, in _get_response
    response = wrapped_callback(request, *callback_args, **callback_kwargs)
  File "D:\Python310\lib\site-packages\django\views\generic\base.py", line 104, in view
    return self.dispatch(request, *args, **kwargs)
  File "D:\Python310\lib\site-packages\django\views\generic\base.py", line 143, in dispatch
    return handler(request, *args, **kwargs)
  File "E:\PythonProject\meiduo_project\meiduo_mall\apps\users\views.py", line 69, in post
    redis_cli = get_redis_connection('verify_code')
  File "D:\Python310\lib\site-packages\django_redis\__init__.py", line 12, in get_redis_connection
    cache = caches[alias]
  File "D:\Python310\lib\site-packages\django\utils\connection.py", line 61, in __getitem__
    raise self.exception_class(f"The connection '{alias}' doesn't exist.")
django.core.cache.backends.base.InvalidCacheBackendError: The connection 'verify_code' doesn't exist.
ERROR 2023-09-01 16:26:20,092 basehttp 212 "POST /register/ HTTP/1.1" 500 98419
INFO 2023-09-01 16:26:48,231 autoreload 668 Watching for file changes with StatReloader
INFO 2023-09-01 16:27:03,630 autoreload 668 Watching for file changes with StatReloader
INFO 2023-09-01 16:31:42,779 autoreload 668 Watching for file changes with StatReloader
INFO 2023-09-01 16:31:51,833 basehttp 212 "OPTIONS /register/ HTTP/1.1" 200 0
INFO 2023-09-01 16:31:51,844 basehttp 212 "GET /usernames/daguo03/count/ HTTP/1.1" 200 39
INFO 2023-09-01 16:31:51,847 basehttp 212 "GET /mobiles/18283901112/count/ HTTP/1.1" 200 39
INFO 2023-09-01 16:31:51,907 basehttp 212 "POST /register/ HTTP/1.1" 200 69
INFO 2023-09-01 16:32:19,519 basehttp 212 "GET /usernames/daguo/count/ HTTP/1.1" 200 39
INFO 2023-09-01 16:32:24,152 basehttp 212 "GET /mobiles/18283906566/count/ HTTP/1.1" 200 39
INFO 2023-09-01 16:32:24,226 basehttp 212 "GET /image_codes/51d6de73-bbb1-49be-8f81-dcc1d61ad5c1/ HTTP/1.1" 200 3409
INFO 2023-09-01 16:32:30,784 basehttp 212 "GET /mobiles/18283906566/count/ HTTP/1.1" 200 39
INFO 2023-09-01 16:32:31,258 basehttp 212 "GET /sms_codes/18283906566/?image_code=renb&image_code_id=51d6de73-bbb1-49be-8f81-dcc1d61ad5c1 HTTP/1.1" 200 27
INFO 2023-09-01 16:32:43,707 basehttp 212 "OPTIONS /register/ HTTP/1.1" 200 0
INFO 2023-09-01 16:32:43,710 basehttp 212 "GET /usernames/daguo/count/ HTTP/1.1" 200 39
INFO 2023-09-01 16:32:43,710 basehttp 212 "GET /mobiles/18283906566/count/ HTTP/1.1" 200 39
INFO 2023-09-01 16:32:43,772 basehttp 212 "POST /register/ HTTP/1.1" 200 69
INFO 2023-09-01 16:32:57,281 basehttp 212 "OPTIONS /register/ HTTP/1.1" 200 0
INFO 2023-09-01 16:32:57,283 basehttp 212 "GET /usernames/daguo/count/ HTTP/1.1" 200 39
INFO 2023-09-01 16:32:57,285 basehttp 212 "GET /mobiles/18283906566/count/ HTTP/1.1" 200 39
INFO 2023-09-01 16:32:57,341 basehttp 212 "POST /register/ HTTP/1.1" 200 69
INFO 2023-09-01 16:32:59,273 basehttp 212 "OPTIONS /register/ HTTP/1.1" 200 0
INFO 2023-09-01 16:32:59,276 basehttp 212 "GET /mobiles/18283906566/count/ HTTP/1.1" 200 39
INFO 2023-09-01 16:32:59,276 basehttp 212 "GET /usernames/daguo/count/ HTTP/1.1" 200 39
INFO 2023-09-01 16:32:59,353 basehttp 212 "POST /register/ HTTP/1.1" 200 69
INFO 2023-09-01 16:33:55,764 autoreload 266 E:\PythonProject\meiduo_project\meiduo_mall\apps\verifications\views.py changed, reloading.
INFO 2023-09-01 16:33:56,541 autoreload 668 Watching for file changes with StatReloader
INFO 2023-09-01 16:36:11,955 autoreload 266 E:\PythonProject\meiduo_project\meiduo_mall\apps\verifications\views.py changed, reloading.
INFO 2023-09-01 16:36:12,867 autoreload 668 Watching for file changes with StatReloader
INFO 2023-09-01 16:36:15,234 basehttp 212 "GET /image_codes/2474d414-1a02-4e64-9756-7150b7b282f3/ HTTP/1.1" 200 3229
INFO 2023-09-01 16:36:18,744 basehttp 212 "GET /usernames/daguo/count/ HTTP/1.1" 200 39
INFO 2023-09-01 16:36:32,770 basehttp 212 "GET /mobiles/18283906566/count/ HTTP/1.1" 200 39
INFO 2023-09-01 16:36:34,222 basehttp 212 "GET /image_codes/14da8089-8936-4465-8559-5b0075b7e72a/ HTTP/1.1" 200 3653
INFO 2023-09-01 16:36:40,674 basehttp 212 "GET /mobiles/18283906566/count/ HTTP/1.1" 200 39
INFO 2023-09-01 16:36:41,117 basehttp 212 "GET /sms_codes/18283906566/?image_code=DIQV&image_code_id=14da8089-8936-4465-8559-5b0075b7e72a HTTP/1.1" 200 27
INFO 2023-09-01 16:36:50,288 basehttp 212 "OPTIONS /register/ HTTP/1.1" 200 0
INFO 2023-09-01 16:36:50,291 basehttp 212 "GET /mobiles/18283906566/count/ HTTP/1.1" 200 39
INFO 2023-09-01 16:36:50,292 basehttp 212 "GET /usernames/daguo/count/ HTTP/1.1" 200 39
INFO 2023-09-01 16:36:50,356 basehttp 212 "POST /register/ HTTP/1.1" 200 69
INFO 2023-09-01 16:36:58,287 basehttp 212 "OPTIONS /register/ HTTP/1.1" 200 0
INFO 2023-09-01 16:36:58,288 basehttp 212 "GET /usernames/daguo/count/ HTTP/1.1" 200 39
INFO 2023-09-01 16:36:58,290 basehttp 212 "GET /mobiles/18283906566/count/ HTTP/1.1" 200 39
INFO 2023-09-01 16:36:58,347 basehttp 212 "POST /register/ HTTP/1.1" 200 69
INFO 2023-09-01 16:37:19,755 autoreload 668 Watching for file changes with StatReloader
INFO 2023-09-01 16:37:23,239 basehttp 212 "OPTIONS /register/ HTTP/1.1" 200 0
INFO 2023-09-01 16:37:23,293 basehttp 212 "GET /mobiles/18283906566/count/ HTTP/1.1" 200 39
INFO 2023-09-01 16:37:23,295 basehttp 212 "GET /usernames/daguo/count/ HTTP/1.1" 200 39
INFO 2023-09-01 16:37:25,951 basehttp 212 "OPTIONS /register/ HTTP/1.1" 200 0
INFO 2023-09-01 16:37:25,956 basehttp 212 "GET /usernames/daguo/count/ HTTP/1.1" 200 39
INFO 2023-09-01 16:37:25,960 basehttp 212 "GET /mobiles/18283906566/count/ HTTP/1.1" 200 39
INFO 2023-09-01 16:39:11,611 basehttp 212 "POST /register/ HTTP/1.1" 200 69
INFO 2023-09-01 16:39:11,611 basehttp 212 "POST /register/ HTTP/1.1" 200 69
INFO 2023-09-01 16:39:19,099 basehttp 212 "GET /image_codes/978eccaa-5a92-4df4-a2b0-3ef5703d0df3/ HTTP/1.1" 200 3147
INFO 2023-09-01 16:39:27,391 basehttp 212 "GET /usernames/daguo/count/ HTTP/1.1" 200 39
INFO 2023-09-01 16:39:37,608 basehttp 212 "GET /mobiles/18283906566/count/ HTTP/1.1" 200 39
INFO 2023-09-01 16:39:37,665 basehttp 212 "GET /image_codes/3eb6556e-3925-4ce4-8f9e-070bfd322d8a/ HTTP/1.1" 200 2929
INFO 2023-09-01 16:39:44,212 basehttp 212 "GET /mobiles/18283906566/count/ HTTP/1.1" 200 39
INFO 2023-09-01 16:39:44,773 basehttp 212 "GET /sms_codes/18283906566/?image_code=KR43&image_code_id=3eb6556e-3925-4ce4-8f9e-070bfd322d8a HTTP/1.1" 200 27
INFO 2023-09-01 16:40:00,914 basehttp 212 "GET /usernames/daguo/count/ HTTP/1.1" 200 39
INFO 2023-09-01 16:40:00,917 basehttp 212 "GET /mobiles/18283906566/count/ HTTP/1.1" 200 39
INFO 2023-09-01 16:41:31,787 basehttp 212 "POST /register/ HTTP/1.1" 200 69
INFO 2023-09-01 16:41:36,698 autoreload 668 Watching for file changes with StatReloader
INFO 2023-09-01 16:41:54,074 basehttp 212 "GET /image_codes/52f97aaa-e061-4452-8f67-694731b30875/ HTTP/1.1" 200 3254
INFO 2023-09-01 16:42:00,187 basehttp 212 "GET /image_codes/76a1625d-ce71-4887-8ac9-a9fb2357cccc/ HTTP/1.1" 200 2918
INFO 2023-09-01 16:42:16,756 basehttp 212 "GET /image_codes/b5d40b28-0b42-4379-bdc4-027bfda84ccc/ HTTP/1.1" 200 3665
INFO 2023-09-01 16:42:18,668 basehttp 212 "GET /usernames/daguo/count/ HTTP/1.1" 200 39
INFO 2023-09-01 16:42:31,245 basehttp 212 "GET /mobiles/18283906566/count/ HTTP/1.1" 200 39
INFO 2023-09-01 16:42:31,661 basehttp 212 "GET /image_codes/22a35580-7b24-4fe4-9313-9915f744a36c/ HTTP/1.1" 200 2890
INFO 2023-09-01 16:42:33,777 basehttp 212 "GET /image_codes/43fd625c-21d5-41ae-8c80-15d5b0ff1d4f/ HTTP/1.1" 200 3053
INFO 2023-09-01 16:42:39,458 basehttp 212 "GET /mobiles/18283906566/count/ HTTP/1.1" 200 39
INFO 2023-09-01 16:42:40,030 basehttp 212 "GET /sms_codes/18283906566/?image_code=EGAV&image_code_id=43fd625c-21d5-41ae-8c80-15d5b0ff1d4f HTTP/1.1" 200 27
INFO 2023-09-01 16:42:51,016 basehttp 212 "GET /usernames/daguo/count/ HTTP/1.1" 200 39
INFO 2023-09-01 16:42:51,019 basehttp 212 "GET /mobiles/18283906566/count/ HTTP/1.1" 200 39
INFO 2023-09-01 16:43:11,435 basehttp 212 "POST /register/ HTTP/1.1" 200 27
WARNING 2023-09-01 16:43:11,882 log 241 Not Found: /carts/simple/
WARNING 2023-09-01 16:43:11,883 basehttp 212 "GET /carts/simple/ HTTP/1.1" 404 3011
INFO 2023-09-01 16:44:12,952 basehttp 212 "GET /image_codes/1b55f0d1-d716-47d6-b94e-abd1ff89f5aa/ HTTP/1.1" 200 2942
INFO 2023-09-01 16:44:36,623 basehttp 212 "GET /usernames/daguo01/count/ HTTP/1.1" 200 39
INFO 2023-09-01 16:44:46,411 basehttp 212 "GET /mobiles/18211111112/count/ HTTP/1.1" 200 39
INFO 2023-09-01 16:44:46,955 basehttp 212 "GET /image_codes/254b9d46-4248-4784-906a-08bee1382f7a/ HTTP/1.1" 200 3115
INFO 2023-09-01 16:44:51,652 basehttp 212 "GET /mobiles/18211111112/count/ HTTP/1.1" 200 39
INFO 2023-09-01 16:44:51,973 basehttp 212 "GET /sms_codes/18211111112/?image_code=otfl&image_code_id=254b9d46-4248-4784-906a-08bee1382f7a HTTP/1.1" 200 27
INFO 2023-09-01 16:45:00,172 basehttp 212 "GET /usernames/daguo01/count/ HTTP/1.1" 200 39
INFO 2023-09-01 16:45:00,174 basehttp 212 "GET /mobiles/18211111112/count/ HTTP/1.1" 200 39
INFO 2023-09-01 16:45:17,203 basehttp 212 "POST /register/ HTTP/1.1" 200 69
INFO 2023-09-01 16:45:27,682 basehttp 212 "GET /usernames/daguo01/count/ HTTP/1.1" 200 39
INFO 2023-09-01 16:45:27,685 basehttp 212 "GET /mobiles/18211111112/count/ HTTP/1.1" 200 39
INFO 2023-09-01 16:45:32,683 basehttp 212 "POST /register/ HTTP/1.1" 200 27
WARNING 2023-09-01 16:45:33,063 log 241 Not Found: /carts/simple/
WARNING 2023-09-01 16:45:33,064 basehttp 212 "GET /carts/simple/ HTTP/1.1" 404 3011
INFO 2023-09-01 16:48:02,894 autoreload 266 E:\PythonProject\meiduo_project\meiduo_mall\meiduo_mall\settings.py changed, reloading.
INFO 2023-09-01 16:48:04,497 autoreload 668 Watching for file changes with StatReloader
INFO 2023-09-01 17:04:21,072 autoreload 668 Watching for file changes with StatReloader
INFO 2023-09-01 17:04:24,164 basehttp 212 "GET /image_codes/69e59ef6-ea85-427f-9384-989f469504b3/ HTTP/1.1" 200 3319
INFO 2023-09-01 17:04:28,334 basehttp 212 "GET /mobiles/18211111111/count/ HTTP/1.1" 200 39
INFO 2023-09-01 17:04:29,522 basehttp 212 "GET /image_codes/57d88958-75a5-407a-8021-e26eaaab8a34/ HTTP/1.1" 200 3141
INFO 2023-09-01 17:04:30,861 basehttp 212 "GET /image_codes/b1312c58-144b-4222-ab0b-1b02641d7eef/ HTTP/1.1" 200 2964
INFO 2023-09-01 17:04:38,618 basehttp 212 "GET /mobiles/18211111111/count/ HTTP/1.1" 200 39
ERROR 2023-09-01 17:04:38,708 log 241 Internal Server Error: /sms_codes/18211111111/
Traceback (most recent call last):
  File "D:\Python310\lib\site-packages\django\core\handlers\exception.py", line 55, in inner
    response = get_response(request)
  File "D:\Python310\lib\site-packages\django\core\handlers\base.py", line 197, in _get_response
    response = wrapped_callback(request, *callback_args, **callback_kwargs)
  File "D:\Python310\lib\site-packages\django\views\generic\base.py", line 104, in view
    return self.dispatch(request, *args, **kwargs)
  File "D:\Python310\lib\site-packages\django\views\generic\base.py", line 143, in dispatch
    return handler(request, *args, **kwargs)
  File "E:\PythonProject\meiduo_project\meiduo_mall\apps\verifications\views.py", line 102, in get
    redis_cli.select('verify_code')
  File "D:\Python310\lib\site-packages\redis\commands\core.py", line 974, in select
    return self.execute_command("SELECT", index, **kwargs)
  File "D:\Python310\lib\site-packages\redis\client.py", line 1269, in execute_command
    return conn.retry.call_with_retry(
  File "D:\Python310\lib\site-packages\redis\retry.py", line 46, in call_with_retry
    return do()
  File "D:\Python310\lib\site-packages\redis\client.py", line 1270, in <lambda>
    lambda: self._send_command_parse_response(
  File "D:\Python310\lib\site-packages\redis\client.py", line 1246, in _send_command_parse_response
    return self.parse_response(conn, command_name, **options)
  File "D:\Python310\lib\site-packages\redis\client.py", line 1286, in parse_response
    response = connection.read_response()
  File "D:\Python310\lib\site-packages\redis\connection.py", line 905, in read_response
    raise response
redis.exceptions.ResponseError: invalid DB index
ERROR 2023-09-01 17:04:38,711 basehttp 212 "GET /sms_codes/18211111111/?image_code=COPT&image_code_id=b1312c58-144b-4222-ab0b-1b02641d7eef HTTP/1.1" 500 107265
INFO 2023-09-01 17:04:43,032 basehttp 212 "GET /mobiles/18211111111/count/ HTTP/1.1" 200 39
ERROR 2023-09-01 17:04:43,059 log 241 Internal Server Error: /sms_codes/18211111111/
Traceback (most recent call last):
  File "D:\Python310\lib\site-packages\django\core\handlers\exception.py", line 55, in inner
    response = get_response(request)
  File "D:\Python310\lib\site-packages\django\core\handlers\base.py", line 197, in _get_response
    response = wrapped_callback(request, *callback_args, **callback_kwargs)
  File "D:\Python310\lib\site-packages\django\views\generic\base.py", line 104, in view
    return self.dispatch(request, *args, **kwargs)
  File "D:\Python310\lib\site-packages\django\views\generic\base.py", line 143, in dispatch
    return handler(request, *args, **kwargs)
  File "E:\PythonProject\meiduo_project\meiduo_mall\apps\verifications\views.py", line 102, in get
    redis_cli.select('verify_code')
  File "D:\Python310\lib\site-packages\redis\commands\core.py", line 974, in select
    return self.execute_command("SELECT", index, **kwargs)
  File "D:\Python310\lib\site-packages\redis\client.py", line 1269, in execute_command
    return conn.retry.call_with_retry(
  File "D:\Python310\lib\site-packages\redis\retry.py", line 46, in call_with_retry
    return do()
  File "D:\Python310\lib\site-packages\redis\client.py", line 1270, in <lambda>
    lambda: self._send_command_parse_response(
  File "D:\Python310\lib\site-packages\redis\client.py", line 1246, in _send_command_parse_response
    return self.parse_response(conn, command_name, **options)
  File "D:\Python310\lib\site-packages\redis\client.py", line 1286, in parse_response
    response = connection.read_response()
  File "D:\Python310\lib\site-packages\redis\connection.py", line 905, in read_response
    raise response
redis.exceptions.ResponseError: invalid DB index
ERROR 2023-09-01 17:04:43,060 basehttp 212 "GET /sms_codes/18211111111/?image_code=COPT&image_code_id=b1312c58-144b-4222-ab0b-1b02641d7eef HTTP/1.1" 500 107265
INFO 2023-09-01 17:05:27,596 autoreload 668 Watching for file changes with StatReloader
INFO 2023-09-01 17:05:32,228 basehttp 212 "GET /image_codes/5daa53e3-c146-4490-8413-048915895b91/ HTTP/1.1" 200 3137
INFO 2023-09-01 17:05:34,591 basehttp 212 "GET /mobiles/18211111111/count/ HTTP/1.1" 200 39
INFO 2023-09-01 17:05:39,130 basehttp 212 "GET /mobiles/18211111111/count/ HTTP/1.1" 200 39
INFO 2023-09-01 17:05:39,572 basehttp 212 "GET /sms_codes/18211111111/?image_code=pomf&image_code_id=5daa53e3-c146-4490-8413-048915895b91 HTTP/1.1" 200 27
INFO 2023-09-01 17:06:33,447 autoreload 266 E:\PythonProject\meiduo_project\meiduo_mall\apps\verifications\views.py changed, reloading.
INFO 2023-09-01 17:06:34,207 autoreload 668 Watching for file changes with StatReloader
INFO 2023-09-01 22:48:55,907 autoreload 266 E:\PythonProject\meiduo_project\meiduo_mall\apps\verifications\views.py changed, reloading.
INFO 2023-09-01 22:48:57,031 autoreload 668 Watching for file changes with StatReloader
INFO 2023-09-01 22:52:36,965 autoreload 266 E:\PythonProject\meiduo_project\meiduo_mall\apps\verifications\views.py changed, reloading.
INFO 2023-09-01 22:52:37,736 autoreload 668 Watching for file changes with StatReloader
INFO 2023-09-02 08:57:25,794 autoreload 668 Watching for file changes with StatReloader
INFO 2023-09-02 08:57:44,127 basehttp 212 "OPTIONS /login/ HTTP/1.1" 200 0
WARNING 2023-09-02 08:57:44,203 log 241 Not Found: /login/
WARNING 2023-09-02 08:57:44,205 basehttp 212 "POST /login/ HTTP/1.1" 404 2991
WARNING 2023-09-02 08:57:52,353 log 241 Not Found: /login/
WARNING 2023-09-02 08:57:52,354 basehttp 212 "POST /login/ HTTP/1.1" 404 2991
WARNING 2023-09-02 08:57:52,872 log 241 Not Found: /login/
WARNING 2023-09-02 08:57:52,873 basehttp 212 "POST /login/ HTTP/1.1" 404 2991
WARNING 2023-09-02 08:57:53,309 log 241 Not Found: /login/
WARNING 2023-09-02 08:57:53,310 basehttp 212 "POST /login/ HTTP/1.1" 404 2991
WARNING 2023-09-02 08:57:53,485 log 241 Not Found: /login/
WARNING 2023-09-02 08:57:53,486 basehttp 212 "POST /login/ HTTP/1.1" 404 2991
WARNING 2023-09-02 08:57:53,664 log 241 Not Found: /login/
WARNING 2023-09-02 08:57:53,665 basehttp 212 "POST /login/ HTTP/1.1" 404 2991
WARNING 2023-09-02 08:58:03,543 log 241 Not Found: /login/
WARNING 2023-09-02 08:58:03,544 basehttp 212 "POST /login/ HTTP/1.1" 404 2991
WARNING 2023-09-02 08:58:05,289 log 241 Not Found: /login/
WARNING 2023-09-02 08:58:05,290 basehttp 212 "POST /login/ HTTP/1.1" 404 2991
INFO 2023-09-02 08:58:50,501 autoreload 266 E:\PythonProject\meiduo_project\meiduo_mall\apps\users\urls.py changed, reloading.
INFO 2023-09-02 08:58:51,960 autoreload 668 Watching for file changes with StatReloader
INFO 2023-09-02 08:59:48,530 basehttp 212 "POST /login/ HTTP/1.1" 200 69
INFO 2023-09-02 09:01:59,645 basehttp 212 "POST /login/ HTTP/1.1" 200 69
INFO 2023-09-02 09:02:03,194 autoreload 266 E:\PythonProject\meiduo_project\meiduo_mall\apps\users\views.py changed, reloading.
INFO 2023-09-02 09:02:04,698 autoreload 668 Watching for file changes with StatReloader
INFO 2023-09-02 09:02:47,339 basehttp 212 "POST /login/ HTTP/1.1" 200 27
WARNING 2023-09-02 09:02:47,532 log 241 Not Found: /carts/simple/
WARNING 2023-09-02 09:02:47,534 basehttp 212 "GET /carts/simple/ HTTP/1.1" 404 3164
INFO 2023-09-02 09:21:53,968 autoreload 668 Watching for file changes with StatReloader
INFO 2023-09-02 09:24:47,909 basehttp 212 "POST /login/ HTTP/1.1" 200 27
WARNING 2023-09-02 09:24:48,144 log 241 Not Found: /carts/simple/
WARNING 2023-09-02 09:24:48,146 basehttp 212 "GET /carts/simple/ HTTP/1.1" 404 3164
INFO 2023-09-02 09:32:15,035 autoreload 668 Watching for file changes with StatReloader
INFO 2023-09-02 09:32:32,758 basehttp 212 "POST /login/ HTTP/1.1" 200 27
WARNING 2023-09-02 09:32:32,931 log 241 Not Found: /carts/simple/
WARNING 2023-09-02 09:32:32,932 basehttp 212 "GET /carts/simple/ HTTP/1.1" 404 3164
INFO 2023-09-02 09:33:29,711 autoreload 266 E:\PythonProject\meiduo_project\meiduo_mall\apps\users\views.py changed, reloading.
INFO 2023-09-02 09:33:30,583 autoreload 668 Watching for file changes with StatReloader
WARNING 2023-09-02 09:33:48,068 log 241 Not Found: /browse_histories/
WARNING 2023-09-02 09:33:48,070 log 241 Not Found: /info/
WARNING 2023-09-02 09:33:48,071 basehttp 212 "GET /browse_histories/ HTTP/1.1" 404 3176
WARNING 2023-09-02 09:33:48,071 basehttp 212 "GET /info/ HTTP/1.1" 404 3140
WARNING 2023-09-02 09:33:54,909 log 241 Not Found: /browse_histories/
WARNING 2023-09-02 09:33:54,911 log 241 Not Found: /info/
WARNING 2023-09-02 09:33:54,912 basehttp 212 "GET /browse_histories/ HTTP/1.1" 404 3176
WARNING 2023-09-02 09:33:54,912 basehttp 212 "GET /info/ HTTP/1.1" 404 3140
WARNING 2023-09-02 09:34:07,869 log 241 Not Found: /carts/simple/
WARNING 2023-09-02 09:34:07,870 basehttp 212 "GET /carts/simple/ HTTP/1.1" 404 3164
WARNING 2023-09-02 09:34:08,847 log 241 Not Found: /carts/simple/
WARNING 2023-09-02 09:34:08,849 basehttp 212 "GET /carts/simple/ HTTP/1.1" 404 3164
INFO 2023-09-02 09:41:22,234 autoreload 668 Watching for file changes with StatReloader
INFO 2023-09-02 09:41:26,097 basehttp 212 "OPTIONS /logout/ HTTP/1.1" 200 0
INFO 2023-09-02 09:41:39,871 basehttp 212 "DELETE /logout/ HTTP/1.1" 200 27
WARNING 2023-09-02 09:41:55,508 log 241 Not Found: /carts/simple/
WARNING 2023-09-02 09:41:55,510 basehttp 212 "GET /carts/simple/ HTTP/1.1" 404 3318
INFO 2023-09-02 09:44:36,556 autoreload 266 E:\PythonProject\meiduo_project\meiduo_mall\apps\users\views.py changed, reloading.
INFO 2023-09-02 09:44:38,194 autoreload 668 Watching for file changes with StatReloader
INFO 2023-09-02 09:47:01,007 basehttp 212 "DELETE /logout/ HTTP/1.1" 200 27
WARNING 2023-09-02 09:47:03,644 log 241 Not Found: /carts/simple/
WARNING 2023-09-02 09:47:03,645 basehttp 212 "GET /carts/simple/ HTTP/1.1" 404 3318
INFO 2023-09-02 09:57:40,323 autoreload 266 E:\PythonProject\meiduo_project\meiduo_mall\apps\users\views.py changed, reloading.
INFO 2023-09-02 09:57:41,958 autoreload 668 Watching for file changes with StatReloader
INFO 2023-09-02 10:07:32,304 autoreload 266 E:\PythonProject\meiduo_project\meiduo_mall\apps\users\urls.py changed, reloading.
INFO 2023-09-02 10:07:34,055 autoreload 668 Watching for file changes with StatReloader
INFO 2023-09-02 10:14:11,139 autoreload 266 E:\PythonProject\meiduo_project\meiduo_mall\apps\users\views.py changed, reloading.
INFO 2023-09-02 10:14:12,771 autoreload 668 Watching for file changes with StatReloader
INFO 2023-09-02 10:14:41,234 basehttp 212 "GET /center/ HTTP/1.1" 200 51
WARNING 2023-09-02 10:14:41,376 log 241 Not Found: /favicon.ico
WARNING 2023-09-02 10:14:41,377 basehttp 212 "GET /favicon.ico HTTP/1.1" 404 3466
INFO 2023-09-02 16:28:27,833 autoreload 668 Watching for file changes with StatReloader
WARNING 2023-09-02 16:28:31,101 log 241 Not Found: /carts/simple/
WARNING 2023-09-02 16:28:31,102 basehttp 212 "GET /carts/simple/ HTTP/1.1" 404 3636
INFO 2023-09-02 16:28:35,329 basehttp 212 "GET /qq/authorization/?next=/ HTTP/1.1" 200 204
WARNING 2023-09-02 16:32:54,422 log 241 Not Found: /oauth_callback/
WARNING 2023-09-02 16:32:54,423 basehttp 212 "GET /oauth_callback/?code=76891FFDD285204A36E185C8238BDA53 HTTP/1.1" 404 3680
INFO 2023-09-02 16:38:11,499 autoreload 266 E:\PythonProject\meiduo_project\meiduo_mall\apps\oauth\views.py changed, reloading.
INFO 2023-09-02 16:38:13,144 autoreload 668 Watching for file changes with StatReloader
INFO 2023-09-02 16:58:43,350 autoreload 266 E:\PythonProject\meiduo_project\meiduo_mall\apps\oauth\views.py changed, reloading.
INFO 2023-09-02 16:58:44,937 autoreload 668 Watching for file changes with StatReloader
INFO 2023-09-02 17:01:25,392 autoreload 266 E:\PythonProject\meiduo_project\meiduo_mall\apps\oauth\views.py changed, reloading.
INFO 2023-09-02 17:01:26,871 autoreload 668 Watching for file changes with StatReloader
ERROR 2023-09-02 17:01:28,030 log 241 Internal Server Error: /oauth_callback/
Traceback (most recent call last):
  File "D:\Python310\lib\site-packages\django\core\handlers\exception.py", line 55, in inner
    response = get_response(request)
  File "D:\Python310\lib\site-packages\django\core\handlers\base.py", line 197, in _get_response
    response = wrapped_callback(request, *callback_args, **callback_kwargs)
  File "D:\Python310\lib\site-packages\django\views\generic\base.py", line 104, in view
    return self.dispatch(request, *args, **kwargs)
  File "D:\Python310\lib\site-packages\django\views\generic\base.py", line 143, in dispatch
    return handler(request, *args, **kwargs)
  File "E:\PythonProject\meiduo_project\meiduo_mall\apps\oauth\views.py", line 86, in get
    token = qq.get_access_token(code)
  File "D:\Python310\lib\site-packages\QQLoginTool\QQtool.py", line 63, in get_access_token
    raise Exception('access_token')
Exception: access_token
ERROR 2023-09-02 17:01:28,036 basehttp 212 "GET /oauth_callback/?code=76891FFDD285204A36E185C8238BDA53 HTTP/1.1" 500 85669
INFO 2023-09-02 17:01:35,230 basehttp 212 "GET /qq/authorization/?next=/ HTTP/1.1" 200 204
INFO 2023-09-02 17:01:46,541 basehttp 212 "GET /oauth_callback/?code=CCB7F0777C71643BDD311E01E3F723B0 HTTP/1.1" 200 65
INFO 2023-09-02 17:01:46,704 basehttp 212 "GET /image_codes/2da21bde-e5e9-492b-9067-425a33042130/ HTTP/1.1" 200 3310
INFO 2023-09-02 17:26:18,697 autoreload 266 E:\PythonProject\meiduo_project\meiduo_mall\apps\oauth\views.py changed, reloading.
INFO 2023-09-02 17:26:20,273 autoreload 668 Watching for file changes with StatReloader
INFO 2023-09-02 17:28:17,413 autoreload 266 E:\PythonProject\meiduo_project\meiduo_mall\apps\oauth\views.py changed, reloading.
INFO 2023-09-02 17:28:18,920 autoreload 668 Watching for file changes with StatReloader
INFO 2023-09-02 17:30:13,828 autoreload 266 E:\PythonProject\meiduo_project\meiduo_mall\apps\oauth\views.py changed, reloading.
INFO 2023-09-02 17:30:15,415 autoreload 668 Watching for file changes with StatReloader
INFO 2023-09-02 17:39:21,003 autoreload 266 E:\PythonProject\meiduo_project\meiduo_mall\apps\oauth\views.py changed, reloading.
INFO 2023-09-02 17:39:22,604 autoreload 668 Watching for file changes with StatReloader
INFO 2023-09-02 17:39:31,334 autoreload 668 Watching for file changes with StatReloader
INFO 2023-09-02 17:40:05,644 basehttp 212 "GET /qq/authorization/?next=/ HTTP/1.1" 200 204
INFO 2023-09-02 17:40:20,218 basehttp 212 "GET /oauth_callback/?code=95354B80FF420FFB3881B0FA2BD8CDAC HTTP/1.1" 200 65
INFO 2023-09-02 17:40:20,264 basehttp 212 "GET /image_codes/6c45ea65-d39e-4a2f-a7e7-a4cdee65e9b7/ HTTP/1.1" 200 3607
ERROR 2023-09-02 17:40:46,340 log 241 Internal Server Error: /sms_codes/18283906566/
Traceback (most recent call last):
  File "D:\Python310\lib\site-packages\celery\local.py", line 292, in _get_current_object
    return object.__getattribute__(self, '__thing')
AttributeError: 'PromiseProxy' object has no attribute '__thing'

During handling of the above exception, another exception occurred:

Traceback (most recent call last):
  File "D:\Python310\lib\site-packages\celery\loaders\base.py", line 142, in _smart_import
    return imp(path)
  File "D:\Python310\lib\site-packages\celery\loaders\base.py", line 91, in import_from_cwd
    return import_from_cwd(
  File "D:\Python310\lib\site-packages\celery\utils\imports.py", line 104, in import_from_cwd
    return imp(module, package=package)
  File "D:\Python310\lib\site-packages\celery\loaders\base.py", line 88, in import_module
    return importlib.import_module(module, package=package)
  File "D:\Python310\lib\importlib\__init__.py", line 126, in import_module
    return _bootstrap._gcd_import(name[level:], package, level)
  File "<frozen importlib._bootstrap>", line 1050, in _gcd_import
  File "<frozen importlib._bootstrap>", line 1027, in _find_and_load
  File "<frozen importlib._bootstrap>", line 992, in _find_and_load_unlocked
  File "<frozen importlib._bootstrap>", line 241, in _call_with_frames_removed
  File "<frozen importlib._bootstrap>", line 1050, in _gcd_import
  File "<frozen importlib._bootstrap>", line 1027, in _find_and_load
  File "<frozen importlib._bootstrap>", line 1004, in _find_and_load_unlocked
ModuleNotFoundError: No module named 'celery_task'

During handling of the above exception, another exception occurred:

Traceback (most recent call last):
  File "D:\Python310\lib\site-packages\django\core\handlers\exception.py", line 55, in inner
    response = get_response(request)
  File "D:\Python310\lib\site-packages\django\core\handlers\base.py", line 197, in _get_response
    response = wrapped_callback(request, *callback_args, **callback_kwargs)
  File "D:\Python310\lib\site-packages\django\views\generic\base.py", line 104, in view
    return self.dispatch(request, *args, **kwargs)
  File "D:\Python310\lib\site-packages\django\views\generic\base.py", line 143, in dispatch
    return handler(request, *args, **kwargs)
  File "E:\PythonProject\meiduo_project\meiduo_mall\apps\verifications\views.py", line 125, in get
    celery_send_sms_code.delay(mobile, sms_code)
  File "D:\Python310\lib\site-packages\celery\local.py", line 143, in __getattr__
    return getattr(self._get_current_object(), name)
  File "D:\Python310\lib\site-packages\celery\local.py", line 294, in _get_current_object
    return self.__evaluate__()
  File "D:\Python310\lib\site-packages\celery\local.py", line 324, in __evaluate__
    thing = Proxy._get_current_object(self)
  File "D:\Python310\lib\site-packages\celery\local.py", line 105, in _get_current_object
    return loc(*self.__args, **self.__kwargs)
  File "D:\Python310\lib\site-packages\celery\app\base.py", line 489, in _task_from_fun
    task.bind(self)  # connects task to this app
  File "D:\Python310\lib\site-packages\celery\app\task.py", line 355, in bind
    setattr(cls, attr_name, conf[config_name])
  File "D:\Python310\lib\site-packages\celery\utils\collections.py", line 391, in __getitem__
    return getitem(k)
  File "D:\Python310\lib\site-packages\celery\utils\collections.py", line 249, in __getitem__
    return mapping[_key]
  File "D:\Python310\lib\collections\__init__.py", line 1098, in __getitem__
    if key in self.data:
  File "D:\Python310\lib\site-packages\kombu\utils\objects.py", line 31, in __get__
    return super().__get__(instance, owner)
  File "D:\Python310\lib\functools.py", line 981, in __get__
    val = self.func(instance)
  File "D:\Python310\lib\site-packages\celery\app\base.py", line 134, in data
    return self.callback()
  File "D:\Python310\lib\site-packages\celery\app\base.py", line 977, in _finalize_pending_conf
    conf = self._conf = self._load_config()
  File "D:\Python310\lib\site-packages\celery\app\base.py", line 987, in _load_config
    self.loader.config_from_object(self._config_source)
  File "D:\Python310\lib\site-packages\celery\loaders\base.py", line 122, in config_from_object
    obj = self._smart_import(obj, imp=self.import_from_cwd)
  File "D:\Python310\lib\site-packages\celery\loaders\base.py", line 145, in _smart_import
    return symbol_by_name(path, imp=imp)
  File "D:\Python310\lib\site-packages\kombu\utils\imports.py", line 59, in symbol_by_name
    module = imp(module_name, package=package, **kwargs)
  File "D:\Python310\lib\site-packages\celery\loaders\base.py", line 91, in import_from_cwd
    return import_from_cwd(
  File "D:\Python310\lib\site-packages\celery\utils\imports.py", line 104, in import_from_cwd
    return imp(module, package=package)
  File "D:\Python310\lib\site-packages\celery\loaders\base.py", line 88, in import_module
    return importlib.import_module(module, package=package)
  File "D:\Python310\lib\importlib\__init__.py", line 126, in import_module
    return _bootstrap._gcd_import(name[level:], package, level)
  File "<frozen importlib._bootstrap>", line 1050, in _gcd_import
  File "<frozen importlib._bootstrap>", line 1027, in _find_and_load
  File "<frozen importlib._bootstrap>", line 1004, in _find_and_load_unlocked
ModuleNotFoundError: No module named 'celery_task'
ERROR 2023-09-02 17:40:46,350 basehttp 212 "GET /sms_codes/18283906566/?image_code=MRO5&image_code_id=6c45ea65-d39e-4a2f-a7e7-a4cdee65e9b7 HTTP/1.1" 500 208639
INFO 2023-09-02 17:45:58,864 autoreload 266 E:\PythonProject\meiduo_project\meiduo_mall\celery_tasks\main.py changed, reloading.
INFO 2023-09-02 17:46:00,420 autoreload 668 Watching for file changes with StatReloader
INFO 2023-09-02 17:46:19,525 basehttp 212 "GET /image_codes/2198e5bd-399d-4b23-9c15-e75a049cebcc/ HTTP/1.1" 200 3239
INFO 2023-09-02 17:46:20,925 basehttp 212 "GET /image_codes/42993dae-ed64-4ce0-a1ad-432c9656d853/ HTTP/1.1" 200 3150
INFO 2023-09-02 17:46:28,759 basehttp 212 "GET /sms_codes/18283906566/?image_code=GFQW&image_code_id=42993dae-ed64-4ce0-a1ad-432c9656d853 HTTP/1.1" 200 27
INFO 2023-09-02 17:49:25,773 basehttp 212 "GET /sms_codes/18283906566/?image_code=GFQW&image_code_id=42993dae-ed64-4ce0-a1ad-432c9656d853 HTTP/1.1" 200 75
WARNING 2023-09-02 17:52:36,714 log 241 Not Found: /carts/simple/
WARNING 2023-09-02 17:52:36,715 basehttp 212 "GET /carts/simple/ HTTP/1.1" 404 3798
INFO 2023-09-02 17:52:37,830 basehttp 212 "GET /image_codes/024ee6b7-8485-4c3e-b0f8-4a98363f76ff/ HTTP/1.1" 200 3210
INFO 2023-09-02 17:52:40,225 basehttp 212 "GET /mobiles/18283906566/count/ HTTP/1.1" 200 39
INFO 2023-09-02 17:52:42,326 basehttp 212 "GET /mobiles/18283906566/count/ HTTP/1.1" 200 39
INFO 2023-09-02 17:54:15,072 basehttp 212 "GET /mobiles/18283906566/count/ HTTP/1.1" 200 39
INFO 2023-09-02 17:54:16,519 basehttp 212 "GET /image_codes/c2a19eb2-090c-4c87-a8bc-0980053d8887/ HTTP/1.1" 200 2468
INFO 2023-09-02 17:54:22,227 basehttp 212 "GET /mobiles/18283906566/count/ HTTP/1.1" 200 39
INFO 2023-09-02 17:54:22,269 basehttp 212 "GET /sms_codes/18283906566/?image_code=aolz&image_code_id=c2a19eb2-090c-4c87-a8bc-0980053d8887 HTTP/1.1" 200 27
INFO 2023-09-02 17:59:25,649 basehttp 212 "GET /image_codes/af71f6fd-76db-486b-9eb0-4301ec6ddb55/ HTTP/1.1" 200 2729
INFO 2023-09-02 17:59:31,056 basehttp 212 "GET /mobiles/18283906566/count/ HTTP/1.1" 200 39
INFO 2023-09-02 17:59:31,092 basehttp 212 "GET /sms_codes/18283906566/?image_code=AKNU&image_code_id=af71f6fd-76db-486b-9eb0-4301ec6ddb55 HTTP/1.1" 200 27
INFO 2023-09-02 18:06:12,040 autoreload 266 E:\PythonProject\meiduo_project\meiduo_mall\apps\verifications\views.py changed, reloading.
INFO 2023-09-02 18:06:13,712 autoreload 668 Watching for file changes with StatReloader
INFO 2023-09-02 18:06:28,620 autoreload 668 Watching for file changes with StatReloader
INFO 2023-09-02 18:06:37,896 basehttp 212 "GET /image_codes/f168732a-d709-45e4-8d8c-bdeb62c75739/ HTTP/1.1" 200 3415
INFO 2023-09-02 18:06:40,130 basehttp 212 "GET /mobiles/18283906566/count/ HTTP/1.1" 200 39
INFO 2023-09-02 18:06:45,567 basehttp 212 "GET /mobiles/18283906566/count/ HTTP/1.1" 200 39
INFO 2023-09-02 18:06:45,871 basehttp 212 "GET /sms_codes/18283906566/?image_code=arlt&image_code_id=f168732a-d709-45e4-8d8c-bdeb62c75739 HTTP/1.1" 200 27
INFO 2023-09-02 18:07:23,632 autoreload 266 E:\PythonProject\meiduo_project\meiduo_mall\apps\verifications\views.py changed, reloading.
INFO 2023-09-02 18:07:25,164 autoreload 668 Watching for file changes with StatReloader
INFO 2023-09-02 18:11:18,433 basehttp 212 "GET /image_codes/49e45a46-18d6-49bd-8d07-0ee84a0d32bd/ HTTP/1.1" 200 3304
INFO 2023-09-02 18:11:26,042 basehttp 212 "GET /sms_codes/18283906566/?image_code=WbUT&image_code_id=49e45a46-18d6-49bd-8d07-0ee84a0d32bd HTTP/1.1" 200 69
INFO 2023-09-02 18:11:26,048 basehttp 212 "GET /mobiles/18283906566/count/ HTTP/1.1" 200 39
INFO 2023-09-02 18:11:27,734 basehttp 212 "GET /image_codes/bf898234-0185-4cbe-8f06-82fc63ea98b8/ HTTP/1.1" 200 2814
INFO 2023-09-02 18:11:40,104 basehttp 212 "GET /image_codes/362878eb-868a-4282-86cd-e2ade846ddb0/ HTTP/1.1" 200 3269
INFO 2023-09-02 18:11:40,251 basehttp 212 "GET /image_codes/831d3e10-ac52-4df0-9347-f5c865d071fb/ HTTP/1.1" 200 3700
INFO 2023-09-02 18:11:40,395 basehttp 212 "GET /image_codes/2163f845-4f72-4c52-a3b2-2bc88353ec3b/ HTTP/1.1" 200 3123
INFO 2023-09-02 18:11:53,892 autoreload 668 Watching for file changes with StatReloader
INFO 2023-09-02 18:12:01,169 basehttp 212 "GET /image_codes/e09103e3-b035-41c7-b5fb-05ee5c436699/ HTTP/1.1" 200 3444
INFO 2023-09-02 18:12:03,084 basehttp 212 "GET /mobiles/18283906566/count/ HTTP/1.1" 200 39
INFO 2023-09-02 18:12:09,638 basehttp 212 "GET /mobiles/18283906566/count/ HTTP/1.1" 200 39
INFO 2023-09-02 18:12:10,037 basehttp 212 "GET /sms_codes/18283906566/?image_code=ltkq&image_code_id=e09103e3-b035-41c7-b5fb-05ee5c436699 HTTP/1.1" 200 27
WARNING 2023-09-02 18:12:53,221 log 241 Not Found: /carts/simple/
WARNING 2023-09-02 18:12:53,223 basehttp 212 "GET /carts/simple/ HTTP/1.1" 404 3798
INFO 2023-09-02 18:12:54,953 basehttp 212 "GET /image_codes/59ae2a9f-1c24-45ed-9fc2-42eb922688e9/ HTTP/1.1" 200 3250
INFO 2023-09-02 18:12:57,278 basehttp 212 "GET /usernames/daguo/count/ HTTP/1.1" 200 39
INFO 2023-09-02 18:13:13,066 basehttp 212 "GET /mobiles/18283906566/count/ HTTP/1.1" 200 39
INFO 2023-09-02 18:13:14,739 basehttp 212 "GET /image_codes/0ab7e04c-960a-4adf-a579-3eb62fbc5a5a/ HTTP/1.1" 200 3192
INFO 2023-09-02 18:13:19,846 basehttp 212 "GET /mobiles/18283906566/count/ HTTP/1.1" 200 39
INFO 2023-09-02 18:13:19,889 basehttp 212 "GET /sms_codes/18283906566/?image_code=eab5&image_code_id=0ab7e04c-960a-4adf-a579-3eb62fbc5a5a HTTP/1.1" 200 27
INFO 2023-09-02 18:13:36,117 basehttp 212 "OPTIONS /register/ HTTP/1.1" 200 0
INFO 2023-09-02 18:13:36,121 basehttp 212 "GET /usernames/daguo/count/ HTTP/1.1" 200 39
INFO 2023-09-02 18:13:36,127 basehttp 212 "GET /mobiles/18283906566/count/ HTTP/1.1" 200 39
INFO 2023-09-02 18:13:36,491 basehttp 212 "POST /register/ HTTP/1.1" 200 27
WARNING 2023-09-02 18:13:36,746 log 241 Not Found: /carts/simple/
WARNING 2023-09-02 18:13:36,747 basehttp 212 "GET /carts/simple/ HTTP/1.1" 404 3798
INFO 2023-09-02 18:13:42,918 basehttp 212 "GET /qq/authorization/?next=/ HTTP/1.1" 200 204
INFO 2023-09-02 18:13:57,539 basehttp 212 "GET /oauth_callback/?code=7F6EEB7A4F66E4094EBA0212968BB7FD HTTP/1.1" 200 65
INFO 2023-09-02 18:13:57,565 basehttp 212 "GET /image_codes/7b2b4f37-97c1-4185-a85e-3dec1c226187/ HTTP/1.1" 200 3349
INFO 2023-09-02 18:14:11,500 basehttp 212 "GET /sms_codes/18283906566/?image_code=NX6Q&image_code_id=7b2b4f37-97c1-4185-a85e-3dec1c226187 HTTP/1.1" 200 75
INFO 2023-09-02 18:17:14,362 basehttp 212 "OPTIONS /oauth_callback/ HTTP/1.1" 200 0
ERROR 2023-09-02 18:17:58,269 log 241 Internal Server Error: /oauth_callback/
Traceback (most recent call last):
  File "D:\Python310\lib\site-packages\django\core\handlers\exception.py", line 55, in inner
    response = get_response(request)
  File "D:\Python310\lib\site-packages\django\core\handlers\base.py", line 197, in _get_response
    response = wrapped_callback(request, *callback_args, **callback_kwargs)
  File "D:\Python310\lib\site-packages\django\views\generic\base.py", line 104, in view
    return self.dispatch(request, *args, **kwargs)
  File "D:\Python310\lib\site-packages\django\views\generic\base.py", line 143, in dispatch
    return handler(request, *args, **kwargs)
  File "E:\PythonProject\meiduo_project\meiduo_mall\apps\oauth\views.py", line 141, in post
    user = User.objects.get('mobile', mobile)
  File "D:\Python310\lib\site-packages\django\db\models\manager.py", line 87, in manager_method
    return getattr(self.get_queryset(), name)(*args, **kwargs)
  File "D:\Python310\lib\site-packages\django\db\models\query.py", line 623, in get
    clone = self._chain() if self.query.combinator else self.filter(*args, **kwargs)
  File "D:\Python310\lib\site-packages\django\db\models\query.py", line 1436, in filter
    return self._filter_or_exclude(False, args, kwargs)
  File "D:\Python310\lib\site-packages\django\db\models\query.py", line 1454, in _filter_or_exclude
    clone._filter_or_exclude_inplace(negate, args, kwargs)
  File "D:\Python310\lib\site-packages\django\db\models\query.py", line 1461, in _filter_or_exclude_inplace
    self._query.add_q(Q(*args, **kwargs))
  File "D:\Python310\lib\site-packages\django\db\models\sql\query.py", line 1545, in add_q
    clause, _ = self._add_q(q_object, self.used_aliases)
  File "D:\Python310\lib\site-packages\django\db\models\sql\query.py", line 1576, in _add_q
    child_clause, needed_inner = self.build_filter(
  File "D:\Python310\lib\site-packages\django\db\models\sql\query.py", line 1423, in build_filter
    arg, value = filter_expr
ValueError: too many values to unpack (expected 2)
ERROR 2023-09-02 18:17:58,275 basehttp 212 "POST /oauth_callback/ HTTP/1.1" 500 118032
ERROR 2023-09-02 18:18:56,525 log 241 Internal Server Error: /oauth_callback/
Traceback (most recent call last):
  File "D:\Python310\lib\site-packages\django\core\handlers\exception.py", line 55, in inner
    response = get_response(request)
  File "D:\Python310\lib\site-packages\django\core\handlers\base.py", line 197, in _get_response
    response = wrapped_callback(request, *callback_args, **callback_kwargs)
  File "D:\Python310\lib\site-packages\django\views\generic\base.py", line 104, in view
    return self.dispatch(request, *args, **kwargs)
  File "D:\Python310\lib\site-packages\django\views\generic\base.py", line 143, in dispatch
    return handler(request, *args, **kwargs)
  File "E:\PythonProject\meiduo_project\meiduo_mall\apps\oauth\views.py", line 89, in get
    token = qq.get_access_token(code)
  File "D:\Python310\lib\site-packages\QQLoginTool\QQtool.py", line 63, in get_access_token
    raise Exception('access_token')
Exception: access_token
ERROR 2023-09-02 18:18:56,527 basehttp 212 "GET /oauth_callback/?code=7F6EEB7A4F66E4094EBA0212968BB7FD HTTP/1.1" 500 86170
INFO 2023-09-02 18:19:02,333 basehttp 212 "GET /qq/authorization/?next=/ HTTP/1.1" 200 204
INFO 2023-09-02 18:19:13,752 basehttp 212 "GET /oauth_callback/?code=2DBB8AAEF096441DD0677676E116ACC4 HTTP/1.1" 200 65
INFO 2023-09-02 18:19:13,770 basehttp 212 "GET /image_codes/84cb00e0-812e-4333-81f3-51a0ac845305/ HTTP/1.1" 200 3110
INFO 2023-09-02 18:19:24,248 basehttp 212 "GET /sms_codes/18283906566/?image_code=q3kf&image_code_id=84cb00e0-812e-4333-81f3-51a0ac845305 HTTP/1.1" 200 27
ERROR 2023-09-02 18:19:58,979 log 241 Internal Server Error: /oauth_callback/
Traceback (most recent call last):
  File "D:\Python310\lib\site-packages\django\core\handlers\exception.py", line 55, in inner
    response = get_response(request)
  File "D:\Python310\lib\site-packages\django\core\handlers\base.py", line 197, in _get_response
    response = wrapped_callback(request, *callback_args, **callback_kwargs)
  File "D:\Python310\lib\site-packages\django\views\generic\base.py", line 104, in view
    return self.dispatch(request, *args, **kwargs)
  File "D:\Python310\lib\site-packages\django\views\generic\base.py", line 143, in dispatch
    return handler(request, *args, **kwargs)
  File "E:\PythonProject\meiduo_project\meiduo_mall\apps\oauth\views.py", line 141, in post
    user = User.objects.get('mobile', mobile)
  File "D:\Python310\lib\site-packages\django\db\models\manager.py", line 87, in manager_method
    return getattr(self.get_queryset(), name)(*args, **kwargs)
  File "D:\Python310\lib\site-packages\django\db\models\query.py", line 623, in get
    clone = self._chain() if self.query.combinator else self.filter(*args, **kwargs)
  File "D:\Python310\lib\site-packages\django\db\models\query.py", line 1436, in filter
    return self._filter_or_exclude(False, args, kwargs)
  File "D:\Python310\lib\site-packages\django\db\models\query.py", line 1454, in _filter_or_exclude
    clone._filter_or_exclude_inplace(negate, args, kwargs)
  File "D:\Python310\lib\site-packages\django\db\models\query.py", line 1461, in _filter_or_exclude_inplace
    self._query.add_q(Q(*args, **kwargs))
  File "D:\Python310\lib\site-packages\django\db\models\sql\query.py", line 1545, in add_q
    clause, _ = self._add_q(q_object, self.used_aliases)
  File "D:\Python310\lib\site-packages\django\db\models\sql\query.py", line 1576, in _add_q
    child_clause, needed_inner = self.build_filter(
  File "D:\Python310\lib\site-packages\django\db\models\sql\query.py", line 1423, in build_filter
    arg, value = filter_expr
ValueError: too many values to unpack (expected 2)
ERROR 2023-09-02 18:20:32,075 basehttp 212 "POST /oauth_callback/ HTTP/1.1" 500 118032
INFO 2023-09-02 18:22:40,080 autoreload 266 E:\PythonProject\meiduo_project\meiduo_mall\apps\oauth\views.py changed, reloading.
INFO 2023-09-02 18:22:41,630 autoreload 668 Watching for file changes with StatReloader
INFO 2023-09-02 18:22:42,445 basehttp 212 "GET /image_codes/171adeb0-70af-45d2-ade7-f59e2ad66f03/ HTTP/1.1" 200 3285
INFO 2023-09-02 18:22:44,191 basehttp 212 "GET /image_codes/c7fba5f1-23af-4714-a20f-0a6e71bf00d9/ HTTP/1.1" 200 3782
INFO 2023-09-02 18:23:13,602 autoreload 668 Watching for file changes with StatReloader
INFO 2023-09-02 18:23:14,208 basehttp 212 "GET /image_codes/d0b2bd4c-695b-4f83-a0a5-1608e3464761/ HTTP/1.1" 200 3015
ERROR 2023-09-02 18:23:41,286 log 241 Internal Server Error: /oauth_callback/
Traceback (most recent call last):
  File "D:\Python310\lib\site-packages\django\core\handlers\exception.py", line 55, in inner
    response = get_response(request)
  File "D:\Python310\lib\site-packages\django\core\handlers\base.py", line 197, in _get_response
    response = wrapped_callback(request, *callback_args, **callback_kwargs)
  File "D:\Python310\lib\site-packages\django\views\generic\base.py", line 104, in view
    return self.dispatch(request, *args, **kwargs)
  File "D:\Python310\lib\site-packages\django\views\generic\base.py", line 143, in dispatch
    return handler(request, *args, **kwargs)
  File "E:\PythonProject\meiduo_project\meiduo_mall\apps\oauth\views.py", line 141, in post
    user = User.objects.get(monile=mobile)
  File "D:\Python310\lib\site-packages\django\db\models\manager.py", line 87, in manager_method
    return getattr(self.get_queryset(), name)(*args, **kwargs)
  File "D:\Python310\lib\site-packages\django\db\models\query.py", line 623, in get
    clone = self._chain() if self.query.combinator else self.filter(*args, **kwargs)
  File "D:\Python310\lib\site-packages\django\db\models\query.py", line 1436, in filter
    return self._filter_or_exclude(False, args, kwargs)
  File "D:\Python310\lib\site-packages\django\db\models\query.py", line 1454, in _filter_or_exclude
    clone._filter_or_exclude_inplace(negate, args, kwargs)
  File "D:\Python310\lib\site-packages\django\db\models\query.py", line 1461, in _filter_or_exclude_inplace
    self._query.add_q(Q(*args, **kwargs))
  File "D:\Python310\lib\site-packages\django\db\models\sql\query.py", line 1545, in add_q
    clause, _ = self._add_q(q_object, self.used_aliases)
  File "D:\Python310\lib\site-packages\django\db\models\sql\query.py", line 1576, in _add_q
    child_clause, needed_inner = self.build_filter(
  File "D:\Python310\lib\site-packages\django\db\models\sql\query.py", line 1426, in build_filter
    lookups, parts, reffed_expression = self.solve_lookup_type(arg, summarize)
  File "D:\Python310\lib\site-packages\django\db\models\sql\query.py", line 1236, in solve_lookup_type
    _, field, _, lookup_parts = self.names_to_path(lookup_splitted, self.get_meta())
  File "D:\Python310\lib\site-packages\django\db\models\sql\query.py", line 1724, in names_to_path
    raise FieldError(
django.core.exceptions.FieldError: Cannot resolve keyword 'monile' into field. Choices are: date_joined, email, first_name, groups, id, is_active, is_staff, is_superuser, last_login, last_name, logentry, mobile, oauthqquser, password, user_permissions, username
ERROR 2023-09-02 18:23:41,292 basehttp 212 "POST /oauth_callback/ HTTP/1.1" 500 129657
INFO 2023-09-02 18:27:41,882 autoreload 668 Watching for file changes with StatReloader
INFO 2023-09-02 18:27:42,682 basehttp 212 "GET /image_codes/2e28b11a-b424-4ceb-8e69-2fd83790a0e1/ HTTP/1.1" 200 3367
INFO 2023-09-02 18:27:43,585 basehttp 212 "GET /image_codes/39188f6b-f0b8-4095-9b49-ab35d40f0bb9/ HTTP/1.1" 200 3044
INFO 2023-09-02 18:27:49,294 basehttp 212 "GET /sms_codes/18283906566/?image_code=tvtf&image_code_id=39188f6b-f0b8-4095-9b49-ab35d40f0bb9 HTTP/1.1" 200 27
INFO 2023-09-02 18:30:15,262 autoreload 668 Watching for file changes with StatReloader
INFO 2023-09-02 18:30:17,288 basehttp 212 "GET /image_codes/54213830-9160-4222-852c-8aa96bed6278/ HTTP/1.1" 200 2958
INFO 2023-09-02 18:30:18,483 basehttp 212 "GET /image_codes/c7100942-0a7d-4cdb-b9c3-b0417dd9ac8a/ HTTP/1.1" 200 2913
INFO 2023-09-02 18:30:40,636 basehttp 212 "POST /oauth_callback/ HTTP/1.1" 200 27
WARNING 2023-09-02 18:30:40,876 log 241 Not Found: /carts/simple/
WARNING 2023-09-02 18:30:40,878 basehttp 212 "GET /carts/simple/ HTTP/1.1" 404 3798
INFO 2023-09-02 20:52:27,970 basehttp 212 "OPTIONS /logout/ HTTP/1.1" 200 0
INFO 2023-09-02 20:52:27,986 basehttp 212 "DELETE /logout/ HTTP/1.1" 200 27
INFO 2023-09-02 20:52:44,878 basehttp 212 "GET /qq/authorization/?next=/ HTTP/1.1" 200 204
INFO 2023-09-02 20:52:56,475 basehttp 212 "GET /oauth_callback/?code=68C036C3E5DBD0E6B8644C578616ED5B HTTP/1.1" 200 27
WARNING 2023-09-02 20:52:56,794 log 241 Not Found: /carts/simple/
WARNING 2023-09-02 20:52:56,796 basehttp 212 "GET /carts/simple/ HTTP/1.1" 404 3798
INFO 2023-09-02 21:11:45,172 autoreload 266 E:\PythonProject\meiduo_project\meiduo_mall\apps\oauth\views.py changed, reloading.
INFO 2023-09-02 21:11:46,798 autoreload 668 Watching for file changes with StatReloader
INFO 2023-09-02 21:15:00,860 autoreload 266 E:\PythonProject\meiduo_project\meiduo_mall\apps\oauth\views.py changed, reloading.
INFO 2023-09-02 21:15:02,384 autoreload 668 Watching for file changes with StatReloader
INFO 2023-09-02 21:32:20,299 autoreload 668 Watching for file changes with StatReloader
WARNING 2023-09-02 21:32:38,726 log 241 Not Found: /carts/simple/
WARNING 2023-09-02 21:32:38,727 basehttp 212 "GET /carts/simple/ HTTP/1.1" 404 3798
INFO 2023-09-02 21:32:40,108 basehttp 212 "DELETE /logout/ HTTP/1.1" 200 27
INFO 2023-09-02 21:32:43,398 basehttp 212 "GET /qq/authorization/?next=/ HTTP/1.1" 200 204
INFO 2023-09-02 21:32:54,916 basehttp 212 "GET /oauth_callback/?code=943650EE379AE3F90E6045E92FE823A6 HTTP/1.1" 200 27
WARNING 2023-09-02 21:32:55,209 log 241 Not Found: /carts/simple/
WARNING 2023-09-02 21:32:55,211 basehttp 212 "GET /carts/simple/ HTTP/1.1" 404 3798
INFO 2023-09-02 21:34:15,507 basehttp 212 "DELETE /logout/ HTTP/1.1" 200 27
INFO 2023-09-02 21:34:17,520 basehttp 212 "GET /qq/authorization/?next=/ HTTP/1.1" 200 204
INFO 2023-09-02 21:35:08,996 basehttp 212 "GET /oauth_callback/?code=73B33F8DA377658128569222361E944E HTTP/1.1" 200 247
INFO 2023-09-02 21:35:09,042 basehttp 212 "GET /image_codes/80f69190-f06c-4aeb-b9c9-95b2e07ae1a4/ HTTP/1.1" 200 3168
INFO 2023-09-02 21:36:00,019 basehttp 212 "GET /image_codes/b01b3bd8-f18a-41b8-8345-6b857bd51b49/ HTTP/1.1" 200 3397
INFO 2023-09-02 21:36:05,457 basehttp 212 "GET /sms_codes/18283906566/?image_code=JOIU&image_code_id=b01b3bd8-f18a-41b8-8345-6b857bd51b49 HTTP/1.1" 200 27
INFO 2023-09-02 21:36:13,674 basehttp 212 "OPTIONS /oauth_callback/ HTTP/1.1" 200 0
INFO 2023-09-02 21:36:20,627 basehttp 212 "POST /oauth_callback/ HTTP/1.1" 200 27
WARNING 2023-09-02 21:36:21,027 log 241 Not Found: /carts/simple/
WARNING 2023-09-02 21:36:21,029 basehttp 212 "GET /carts/simple/ HTTP/1.1" 404 3798
WARNING 2023-09-02 21:38:23,481 log 241 Not Found: /info/
WARNING 2023-09-02 21:38:23,486 log 241 Not Found: /browse_histories/
WARNING 2023-09-02 21:38:23,488 basehttp 212 "GET /info/ HTTP/1.1" 404 3774
WARNING 2023-09-02 21:38:23,488 basehttp 212 "GET /browse_histories/ HTTP/1.1" 404 3810
INFO 2023-09-02 21:40:42,987 autoreload 266 E:\PythonProject\meiduo_project\meiduo_mall\apps\users\models.py changed, reloading.
INFO 2023-09-02 21:40:44,610 autoreload 668 Watching for file changes with StatReloader
INFO 2023-09-02 21:41:09,189 autoreload 266 E:\PythonProject\meiduo_project\meiduo_mall\apps\users\models.py changed, reloading.
INFO 2023-09-02 21:41:10,709 autoreload 668 Watching for file changes with StatReloader
INFO 2023-09-02 21:43:26,934 autoreload 266 E:\PythonProject\meiduo_project\meiduo_mall\apps\users\urls.py changed, reloading.
INFO 2023-09-02 21:43:28,541 autoreload 668 Watching for file changes with StatReloader
INFO 2023-09-02 21:46:30,681 autoreload 266 E:\PythonProject\meiduo_project\meiduo_mall\apps\users\views.py changed, reloading.
INFO 2023-09-02 21:46:32,290 autoreload 668 Watching for file changes with StatReloader
WARNING 2023-09-02 21:46:35,607 log 241 Not Found: /browse_histories/
WARNING 2023-09-02 21:46:35,609 basehttp 212 "GET /browse_histories/ HTTP/1.1" 404 3808
INFO 2023-09-02 21:46:35,613 basehttp 212 "GET /info/ HTTP/1.1" 200 126
INFO 2023-09-02 21:46:44,943 autoreload 668 Watching for file changes with StatReloader
INFO 2023-09-02 21:46:45,710 basehttp 212 "GET /info/ HTTP/1.1" 200 126
WARNING 2023-09-02 21:46:45,718 log 241 Not Found: /browse_histories/
WARNING 2023-09-02 21:46:45,719 basehttp 212 "GET /browse_histories/ HTTP/1.1" 404 3808
INFO 2023-09-02 21:46:49,850 basehttp 212 "GET /qq/authorization/?next=/ HTTP/1.1" 200 204
INFO 2023-09-02 21:47:01,398 basehttp 212 "GET /oauth_callback/?code=612BB1E1114F2AAC6C0B193E204D707D HTTP/1.1" 200 27
WARNING 2023-09-02 21:47:01,671 log 241 Not Found: /carts/simple/
WARNING 2023-09-02 21:47:01,672 basehttp 212 "GET /carts/simple/ HTTP/1.1" 404 3796
INFO 2023-09-02 21:47:03,899 basehttp 212 "GET /info/ HTTP/1.1" 200 126
WARNING 2023-09-02 21:47:03,906 log 241 Not Found: /browse_histories/
WARNING 2023-09-02 21:47:03,908 basehttp 212 "GET /browse_histories/ HTTP/1.1" 404 3808
INFO 2023-09-02 21:49:05,610 basehttp 212 "GET /info/ HTTP/1.1" 200 126
WARNING 2023-09-02 21:49:05,621 log 241 Not Found: /browse_histories/
WARNING 2023-09-02 21:49:05,623 basehttp 212 "GET /browse_histories/ HTTP/1.1" 404 3808
INFO 2023-09-02 21:49:12,116 basehttp 212 "GET /info/ HTTP/1.1" 200 126
WARNING 2023-09-02 21:49:12,125 log 241 Not Found: /browse_histories/
WARNING 2023-09-02 21:49:12,126 basehttp 212 "GET /browse_histories/ HTTP/1.1" 404 3808
INFO 2023-09-02 21:49:25,154 autoreload 266 E:\PythonProject\meiduo_project\meiduo_mall\apps\users\views.py changed, reloading.
INFO 2023-09-02 21:49:26,695 autoreload 668 Watching for file changes with StatReloader
INFO 2023-09-02 21:49:27,283 basehttp 212 "GET /info/ HTTP/1.1" 200 124
WARNING 2023-09-02 21:49:27,321 log 241 Not Found: /browse_histories/
WARNING 2023-09-02 21:49:27,322 basehttp 212 "GET /browse_histories/ HTTP/1.1" 404 3808
INFO 2023-09-02 21:53:43,427 basehttp 212 "DELETE /logout/ HTTP/1.1" 200 27
WARNING 2023-09-02 21:53:47,092 log 241 Not Found: /carts/simple/
WARNING 2023-09-02 21:53:47,093 basehttp 212 "GET /carts/simple/ HTTP/1.1" 404 3796
INFO 2023-09-02 21:53:48,184 basehttp 212 "GET /info/ HTTP/1.1" 200 51
WARNING 2023-09-02 21:53:48,205 log 241 Not Found: /browse_histories/
WARNING 2023-09-02 21:53:48,205 basehttp 212 "GET /browse_histories/ HTTP/1.1" 404 3808
INFO 2023-09-03 10:42:05,418 basehttp 212 "OPTIONS /login/ HTTP/1.1" 200 0
INFO 2023-09-03 10:42:05,802 basehttp 212 "POST /login/ HTTP/1.1" 200 27
WARNING 2023-09-03 10:42:06,048 log 241 Not Found: /carts/simple/
WARNING 2023-09-03 10:42:06,049 basehttp 212 "GET /carts/simple/ HTTP/1.1" 404 3796
INFO 2023-09-03 10:42:07,404 basehttp 212 "GET /info/ HTTP/1.1" 200 124
WARNING 2023-09-03 10:42:07,412 log 241 Not Found: /browse_histories/
WARNING 2023-09-03 10:42:07,414 basehttp 212 "GET /browse_histories/ HTTP/1.1" 404 3808
INFO 2023-09-03 10:45:22,879 autoreload 266 E:\PythonProject\meiduo_project\meiduo_mall\apps\users\views.py changed, reloading.
INFO 2023-09-03 10:45:24,889 autoreload 668 Watching for file changes with StatReloader
INFO 2023-09-03 10:50:07,129 autoreload 266 E:\PythonProject\meiduo_project\meiduo_mall\apps\users\views.py changed, reloading.
INFO 2023-09-03 10:50:09,750 autoreload 668 Watching for file changes with StatReloader
INFO 2023-09-03 10:50:55,545 autoreload 266 E:\PythonProject\meiduo_project\meiduo_mall\apps\users\views.py changed, reloading.
INFO 2023-09-03 10:50:57,098 autoreload 668 Watching for file changes with StatReloader
INFO 2023-09-03 10:53:23,947 autoreload 266 E:\PythonProject\meiduo_project\meiduo_mall\apps\users\views.py changed, reloading.
INFO 2023-09-03 10:53:25,566 autoreload 668 Watching for file changes with StatReloader
INFO 2023-09-03 10:54:12,512 autoreload 266 E:\PythonProject\meiduo_project\meiduo_mall\apps\users\views.py changed, reloading.
INFO 2023-09-03 10:54:13,981 autoreload 668 Watching for file changes with StatReloader
INFO 2023-09-03 11:00:24,459 autoreload 668 Watching for file changes with StatReloader
INFO 2023-09-03 11:00:35,041 basehttp 212 "OPTIONS /emails/ HTTP/1.1" 200 0
INFO 2023-09-03 11:00:52,143 basehttp 212 "PUT /emails/ HTTP/1.1" 200 27
INFO 2023-09-03 11:16:15,222 autoreload 266 E:\PythonProject\meiduo_project\meiduo_mall\apps\users\views.py changed, reloading.
INFO 2023-09-03 11:16:16,899 autoreload 668 Watching for file changes with StatReloader
INFO 2023-09-03 11:24:48,909 autoreload 668 Watching for file changes with StatReloader
INFO 2023-09-03 11:24:49,602 basehttp 212 "GET /info/ HTTP/1.1" 200 141
WARNING 2023-09-03 11:24:49,728 log 241 Not Found: /browse_histories/
WARNING 2023-09-03 11:24:49,730 basehttp 212 "GET /browse_histories/ HTTP/1.1" 404 3962
INFO 2023-09-03 11:24:56,489 basehttp 212 "PUT /emails/ HTTP/1.1" 200 27
INFO 2023-09-03 11:40:04,892 autoreload 266 E:\PythonProject\meiduo_project\meiduo_mall\apps\users\views.py changed, reloading.
INFO 2023-09-03 11:40:06,707 autoreload 668 Watching for file changes with StatReloader
INFO 2023-09-03 11:44:38,143 autoreload 266 E:\PythonProject\meiduo_project\meiduo_mall\apps\users\views.py changed, reloading.
INFO 2023-09-03 11:44:39,733 autoreload 668 Watching for file changes with StatReloader
INFO 2023-09-03 11:46:16,948 autoreload 266 E:\PythonProject\meiduo_project\meiduo_mall\apps\users\views.py changed, reloading.
INFO 2023-09-03 11:46:18,559 autoreload 668 Watching for file changes with StatReloader
INFO 2023-09-03 11:48:02,935 autoreload 266 E:\PythonProject\meiduo_project\meiduo_mall\apps\users\views.py changed, reloading.
INFO 2023-09-03 11:48:04,698 autoreload 668 Watching for file changes with StatReloader
INFO 2023-09-03 11:49:23,563 autoreload 266 E:\PythonProject\meiduo_project\meiduo_mall\apps\users\views.py changed, reloading.
INFO 2023-09-03 11:49:25,124 autoreload 668 Watching for file changes with StatReloader
INFO 2023-09-03 11:50:30,142 autoreload 266 E:\PythonProject\meiduo_project\meiduo_mall\apps\users\views.py changed, reloading.
INFO 2023-09-03 11:50:31,709 autoreload 668 Watching for file changes with StatReloader
INFO 2023-09-03 11:51:50,638 autoreload 266 E:\PythonProject\meiduo_project\meiduo_mall\apps\users\views.py changed, reloading.
INFO 2023-09-03 11:51:52,183 autoreload 668 Watching for file changes with StatReloader
INFO 2023-09-03 11:52:58,150 autoreload 266 E:\PythonProject\meiduo_project\meiduo_mall\apps\users\views.py changed, reloading.
INFO 2023-09-03 11:52:59,664 autoreload 668 Watching for file changes with StatReloader
INFO 2023-09-03 11:53:47,606 autoreload 668 Watching for file changes with StatReloader
WARNING 2023-09-03 11:54:03,056 log 241 Not Found: /browse_histories/
WARNING 2023-09-03 11:54:03,058 basehttp 212 "GET /browse_histories/ HTTP/1.1" 404 3962
INFO 2023-09-03 11:54:03,061 basehttp 212 "GET /info/ HTTP/1.1" 200 141
INFO 2023-09-03 11:54:10,048 basehttp 212 "PUT /emails/ HTTP/1.1" 200 27
INFO 2023-09-03 11:54:43,998 basehttp 212 "OPTIONS /emails/verification/?token=eyJhbGciOiJIUzUxMiIsImlhdCI6MTY5MzcxMzI0OSwiZXhwIjoxNjkzNzk5NjQ5fQ.eyJ1c2VyX2lkIjoxN30.IWejOMGz8qTX-UW2YoW7oBqQwKOpecJP-J7bMO5KuuNuykYQpAf4s3UQaE7iV8_-HxFfTPzJu2uNo3Htv8_YGw HTTP/1.1" 200 0
WARNING 2023-09-03 11:54:44,034 log 241 Not Found: /emails/verification/
WARNING 2023-09-03 11:54:44,036 basehttp 212 "PUT /emails/verification/?token=eyJhbGciOiJIUzUxMiIsImlhdCI6MTY5MzcxMzI0OSwiZXhwIjoxNjkzNzk5NjQ5fQ.eyJ1c2VyX2lkIjoxN30.IWejOMGz8qTX-UW2YoW7oBqQwKOpecJP-J7bMO5KuuNuykYQpAf4s3UQaE7iV8_-HxFfTPzJu2uNo3Htv8_YGw HTTP/1.1" 404 4151
WARNING 2023-09-03 11:54:57,615 log 241 Not Found: /carts/simple/
WARNING 2023-09-03 11:54:57,616 basehttp 212 "GET /carts/simple/ HTTP/1.1" 404 3950
WARNING 2023-09-03 11:55:00,604 log 241 Not Found: /emails/verification/
WARNING 2023-09-03 11:55:00,607 basehttp 212 "PUT /emails/verification/?token=eyJhbGciOiJIUzUxMiIsImlhdCI6MTY5MzcxMzI0OSwiZXhwIjoxNjkzNzk5NjQ5fQ.eyJ1c2VyX2lkIjoxN30.IWejOMGz8qTX-UW2YoW7oBqQwKOpecJP-J7bMO5KuuNuykYQpAf4s3UQaE7iV8_-HxFfTPzJu2uNo3Htv8_YGw HTTP/1.1" 404 4151
INFO 2023-09-03 12:15:38,717 autoreload 266 E:\PythonProject\meiduo_project\meiduo_mall\apps\users\views.py changed, reloading.
INFO 2023-09-03 12:15:40,414 autoreload 668 Watching for file changes with StatReloader
INFO 2023-09-03 12:16:50,030 autoreload 668 Watching for file changes with StatReloader
INFO 2023-09-03 12:17:16,572 basehttp 212 "PUT /emails/verification/?token=eyJhbGciOiJIUzUxMiIsImlhdCI6MTY5MzcxMzI0OSwiZXhwIjoxNjkzNzk5NjQ5fQ.eyJ1c2VyX2lkIjoxN30.IWejOMGz8qTX-UW2YoW7oBqQwKOpecJP-J7bMO5KuuNuykYQpAf4s3UQaE7iV8_-HxFfTPzJu2uNo3Htv8_YGw HTTP/1.1" 200 27
INFO 2023-09-03 12:20:24,333 autoreload 266 E:\PythonProject\meiduo_project\meiduo_mall\apps\users\views.py changed, reloading.
INFO 2023-09-03 12:20:25,879 autoreload 668 Watching for file changes with StatReloader
WARNING 2023-09-03 12:24:23,953 log 241 Not Found: /carts/simple/
WARNING 2023-09-03 12:24:23,954 basehttp 212 "GET /carts/simple/ HTTP/1.1" 404 4117
WARNING 2023-09-03 12:24:25,162 log 241 Not Found: /browse_histories/
INFO 2023-09-03 12:24:25,164 basehttp 212 "GET /info/ HTTP/1.1" 200 140
WARNING 2023-09-03 12:24:25,164 basehttp 212 "GET /browse_histories/ HTTP/1.1" 404 4129
INFO 2023-09-03 12:24:30,067 basehttp 212 "GET /info/ HTTP/1.1" 200 140
WARNING 2023-09-03 12:24:30,075 log 241 Not Found: /browse_histories/
WARNING 2023-09-03 12:24:30,076 basehttp 212 "GET /browse_histories/ HTTP/1.1" 404 4129
WARNING 2023-09-03 12:24:32,224 log 241 Not Found: /addresses/
WARNING 2023-09-03 12:24:32,230 log 241 Not Found: /areas/
WARNING 2023-09-03 12:24:32,231 basehttp 212 "GET /addresses/ HTTP/1.1" 404 4108
WARNING 2023-09-03 12:24:32,233 basehttp 212 "GET /areas/ HTTP/1.1" 404 4096
INFO 2023-09-03 12:25:38,439 basehttp 212 "GET /info/ HTTP/1.1" 200 140
WARNING 2023-09-03 12:25:38,451 log 241 Not Found: /browse_histories/
WARNING 2023-09-03 12:25:38,453 basehttp 212 "GET /browse_histories/ HTTP/1.1" 404 4129
INFO 2023-09-04 08:49:38,812 autoreload 266 E:\PythonProject\meiduo_project\meiduo_mall\meiduo_mall\settings.py changed, reloading.
INFO 2023-09-04 08:49:41,323 autoreload 668 Watching for file changes with StatReloader
INFO 2023-09-04 08:50:23,090 autoreload 266 E:\PythonProject\meiduo_project\meiduo_mall\apps\areas\models.py changed, reloading.
INFO 2023-09-04 08:50:24,735 autoreload 668 Watching for file changes with StatReloader
INFO 2023-09-04 09:20:28,233 autoreload 266 E:\PythonProject\meiduo_project\meiduo_mall\apps\areas\models.py changed, reloading.
INFO 2023-09-04 09:20:29,856 autoreload 668 Watching for file changes with StatReloader
INFO 2023-09-04 09:26:51,867 autoreload 668 Watching for file changes with StatReloader
INFO 2023-09-04 09:26:54,258 basehttp 212 "GET /info/ HTTP/1.1" 200 140
WARNING 2023-09-04 09:26:54,387 log 241 Not Found: /browse_histories/
WARNING 2023-09-04 09:26:54,388 basehttp 212 "GET /browse_histories/ HTTP/1.1" 404 4282
WARNING 2023-09-04 09:26:56,195 log 241 Not Found: /addresses/
WARNING 2023-09-04 09:26:56,196 basehttp 212 "GET /addresses/ HTTP/1.1" 404 4261
ERROR 2023-09-04 09:27:08,888 log 241 Internal Server Error: /areas/
Traceback (most recent call last):
  File "D:\Python310\lib\site-packages\django\core\handlers\exception.py", line 55, in inner
    response = get_response(request)
  File "D:\Python310\lib\site-packages\django\core\handlers\base.py", line 197, in _get_response
    response = wrapped_callback(request, *callback_args, **callback_kwargs)
  File "D:\Python310\lib\site-packages\django\views\generic\base.py", line 104, in view
    return self.dispatch(request, *args, **kwargs)
  File "D:\Python310\lib\site-packages\django\views\generic\base.py", line 143, in dispatch
    return handler(request, *args, **kwargs)
  File "E:\PythonProject\meiduo_project\meiduo_mall\apps\areas\views.py", line 15, in get
    return JsonResponse({'code': 0, 'errmsg': 'ok', 'province_list': province})
  File "D:\Python310\lib\site-packages\django\http\response.py", line 731, in __init__
    data = json.dumps(data, cls=encoder, **json_dumps_params)
  File "D:\Python310\lib\json\__init__.py", line 238, in dumps
    **kw).encode(obj)
  File "D:\Python310\lib\json\encoder.py", line 199, in encode
    chunks = self.iterencode(o, _one_shot=True)
  File "D:\Python310\lib\json\encoder.py", line 257, in iterencode
    return _iterencode(o, 0)
  File "D:\Python310\lib\site-packages\django\core\serializers\json.py", line 106, in default
    return super().default(o)
  File "D:\Python310\lib\json\encoder.py", line 179, in default
    raise TypeError(f'Object of type {o.__class__.__name__} '
TypeError: Object of type QuerySet is not JSON serializable
ERROR 2023-09-04 09:27:08,893 basehttp 212 "GET /areas/ HTTP/1.1" 500 110424
INFO 2023-09-04 09:28:59,294 autoreload 668 Watching for file changes with StatReloader
WARNING 2023-09-04 09:29:05,968 log 241 Not Found: /addresses/
WARNING 2023-09-04 09:29:05,969 basehttp 212 "GET /addresses/ HTTP/1.1" 404 4261
ERROR 2023-09-04 09:29:06,094 log 241 Internal Server Error: /areas/
Traceback (most recent call last):
  File "D:\Python310\lib\site-packages\django\core\handlers\exception.py", line 55, in inner
    response = get_response(request)
  File "D:\Python310\lib\site-packages\django\core\handlers\base.py", line 197, in _get_response
    response = wrapped_callback(request, *callback_args, **callback_kwargs)
  File "D:\Python310\lib\site-packages\django\views\generic\base.py", line 104, in view
    return self.dispatch(request, *args, **kwargs)
  File "D:\Python310\lib\site-packages\django\views\generic\base.py", line 143, in dispatch
    return handler(request, *args, **kwargs)
  File "E:\PythonProject\meiduo_project\meiduo_mall\apps\areas\views.py", line 16, in get
    return JsonResponse({'code': 0, 'errmsg': 'ok', 'province_list': province_list})
  File "D:\Python310\lib\site-packages\django\http\response.py", line 731, in __init__
    data = json.dumps(data, cls=encoder, **json_dumps_params)
  File "D:\Python310\lib\json\__init__.py", line 238, in dumps
    **kw).encode(obj)
  File "D:\Python310\lib\json\encoder.py", line 199, in encode
    chunks = self.iterencode(o, _one_shot=True)
  File "D:\Python310\lib\json\encoder.py", line 257, in iterencode
    return _iterencode(o, 0)
  File "D:\Python310\lib\site-packages\django\core\serializers\json.py", line 106, in default
    return super().default(o)
  File "D:\Python310\lib\json\encoder.py", line 179, in default
    raise TypeError(f'Object of type {o.__class__.__name__} '
TypeError: Object of type Area is not JSON serializable
ERROR 2023-09-04 09:29:06,098 basehttp 212 "GET /areas/ HTTP/1.1" 500 116783
INFO 2023-09-04 09:29:46,842 autoreload 668 Watching for file changes with StatReloader
WARNING 2023-09-04 09:29:47,688 log 241 Not Found: /addresses/
WARNING 2023-09-04 09:29:47,690 basehttp 212 "GET /addresses/ HTTP/1.1" 404 4261
ERROR 2023-09-04 09:29:47,849 log 241 Internal Server Error: /areas/
Traceback (most recent call last):
  File "D:\Python310\lib\site-packages\django\core\handlers\exception.py", line 55, in inner
    response = get_response(request)
  File "D:\Python310\lib\site-packages\django\core\handlers\base.py", line 197, in _get_response
    response = wrapped_callback(request, *callback_args, **callback_kwargs)
  File "D:\Python310\lib\site-packages\django\views\generic\base.py", line 104, in view
    return self.dispatch(request, *args, **kwargs)
  File "D:\Python310\lib\site-packages\django\views\generic\base.py", line 143, in dispatch
    return handler(request, *args, **kwargs)
  File "E:\PythonProject\meiduo_project\meiduo_mall\apps\areas\views.py", line 17, in get
    return JsonResponse({'code': 0, 'errmsg': 'ok', 'province_list': province_list})
  File "D:\Python310\lib\site-packages\django\http\response.py", line 731, in __init__
    data = json.dumps(data, cls=encoder, **json_dumps_params)
  File "D:\Python310\lib\json\__init__.py", line 238, in dumps
    **kw).encode(obj)
  File "D:\Python310\lib\json\encoder.py", line 199, in encode
    chunks = self.iterencode(o, _one_shot=True)
  File "D:\Python310\lib\json\encoder.py", line 257, in iterencode
    return _iterencode(o, 0)
  File "D:\Python310\lib\site-packages\django\core\serializers\json.py", line 106, in default
    return super().default(o)
  File "D:\Python310\lib\json\encoder.py", line 179, in default
    raise TypeError(f'Object of type {o.__class__.__name__} '
TypeError: Object of type Area is not JSON serializable
ERROR 2023-09-04 09:29:47,852 basehttp 212 "GET /areas/ HTTP/1.1" 500 116791
INFO 2023-09-04 09:30:21,041 autoreload 266 E:\PythonProject\meiduo_project\meiduo_mall\apps\areas\views.py changed, reloading.
INFO 2023-09-04 09:30:22,623 autoreload 668 Watching for file changes with StatReloader
INFO 2023-09-04 09:30:27,080 autoreload 668 Watching for file changes with StatReloader
WARNING 2023-09-04 09:30:35,298 log 241 Not Found: /addresses/
WARNING 2023-09-04 09:30:35,300 basehttp 212 "GET /addresses/ HTTP/1.1" 404 4261
ERROR 2023-09-04 09:30:35,404 log 241 Internal Server Error: /areas/
Traceback (most recent call last):
  File "D:\Python310\lib\site-packages\django\core\handlers\exception.py", line 55, in inner
    response = get_response(request)
  File "D:\Python310\lib\site-packages\django\core\handlers\base.py", line 197, in _get_response
    response = wrapped_callback(request, *callback_args, **callback_kwargs)
  File "D:\Python310\lib\site-packages\django\views\generic\base.py", line 104, in view
    return self.dispatch(request, *args, **kwargs)
  File "D:\Python310\lib\site-packages\django\views\generic\base.py", line 143, in dispatch
    return handler(request, *args, **kwargs)
  File "E:\PythonProject\meiduo_project\meiduo_mall\apps\areas\views.py", line 14, in get
    province_list = [item.get('Area') for item in province]
  File "E:\PythonProject\meiduo_project\meiduo_mall\apps\areas\views.py", line 14, in <listcomp>
    province_list = [item.get('Area') for item in province]
AttributeError: 'Area' object has no attribute 'get'
ERROR 2023-09-04 09:30:35,406 basehttp 212 "GET /areas/ HTTP/1.1" 500 84820
INFO 2023-09-04 09:31:38,335 autoreload 668 Watching for file changes with StatReloader
WARNING 2023-09-04 09:31:38,964 log 241 Not Found: /addresses/
WARNING 2023-09-04 09:31:38,966 basehttp 212 "GET /addresses/ HTTP/1.1" 404 4261
ERROR 2023-09-04 09:31:39,069 log 241 Internal Server Error: /areas/
Traceback (most recent call last):
  File "D:\Python310\lib\site-packages\django\core\handlers\exception.py", line 55, in inner
    response = get_response(request)
  File "D:\Python310\lib\site-packages\django\core\handlers\base.py", line 197, in _get_response
    response = wrapped_callback(request, *callback_args, **callback_kwargs)
  File "D:\Python310\lib\site-packages\django\views\generic\base.py", line 104, in view
    return self.dispatch(request, *args, **kwargs)
  File "D:\Python310\lib\site-packages\django\views\generic\base.py", line 143, in dispatch
    return handler(request, *args, **kwargs)
  File "E:\PythonProject\meiduo_project\meiduo_mall\apps\areas\views.py", line 14, in get
    province_list = [item.Area for item in provinces]
  File "E:\PythonProject\meiduo_project\meiduo_mall\apps\areas\views.py", line 14, in <listcomp>
    province_list = [item.Area for item in provinces]
AttributeError: 'Area' object has no attribute 'Area'
ERROR 2023-09-04 09:31:39,073 basehttp 212 "GET /areas/ HTTP/1.1" 500 84763
INFO 2023-09-04 09:34:00,756 autoreload 668 Watching for file changes with StatReloader
INFO 2023-09-04 09:34:01,592 basehttp 212 "GET /areas/ HTTP/1.1" 200 1772
WARNING 2023-09-04 09:34:01,623 log 241 Not Found: /addresses/
WARNING 2023-09-04 09:34:01,625 basehttp 212 "GET /addresses/ HTTP/1.1" 404 4261
INFO 2023-09-04 09:40:15,103 autoreload 266 E:\PythonProject\meiduo_project\meiduo_mall\apps\areas\urls.py changed, reloading.
INFO 2023-09-04 09:40:16,785 autoreload 668 Watching for file changes with StatReloader
INFO 2023-09-04 09:41:19,869 autoreload 266 E:\PythonProject\meiduo_project\meiduo_mall\apps\areas\views.py changed, reloading.
INFO 2023-09-04 09:41:21,594 autoreload 668 Watching for file changes with StatReloader
INFO 2023-09-04 09:44:13,445 autoreload 668 Watching for file changes with StatReloader
INFO 2023-09-04 09:44:18,267 basehttp 212 "GET /areas/ HTTP/1.1" 200 1772
WARNING 2023-09-04 09:44:18,294 log 241 Not Found: /addresses/
WARNING 2023-09-04 09:44:18,296 basehttp 212 "GET /addresses/ HTTP/1.1" 404 4425
INFO 2023-09-04 09:44:40,622 basehttp 212 "GET /areas/510000/ HTTP/1.1" 200 1097
INFO 2023-09-04 09:45:00,633 autoreload 668 Watching for file changes with StatReloader
INFO 2023-09-04 09:45:03,540 basehttp 212 "GET /areas/150000/ HTTP/1.1" 200 671
INFO 2023-09-04 09:45:05,419 basehttp 212 "GET /areas/210000/ HTTP/1.1" 200 691
INFO 2023-09-04 09:45:07,841 basehttp 212 "GET /areas/ HTTP/1.1" 200 1772
WARNING 2023-09-04 09:45:07,862 log 241 Not Found: /addresses/
WARNING 2023-09-04 09:45:07,863 basehttp 212 "GET /addresses/ HTTP/1.1" 404 4425
INFO 2023-09-04 09:45:10,324 basehttp 212 "GET /areas/130000/ HTTP/1.1" 200 647
INFO 2023-09-04 09:45:43,638 autoreload 668 Watching for file changes with StatReloader
INFO 2023-09-04 09:45:44,430 basehttp 212 "GET /areas/120000/ HTTP/1.1" 200 97
INFO 2023-09-04 09:45:45,527 basehttp 212 "GET /areas/120100/ HTTP/1.1" 200 793
INFO 2023-09-04 09:45:48,460 basehttp 212 "GET /areas/510000/ HTTP/1.1" 200 1107
INFO 2023-09-04 09:45:51,493 basehttp 212 "GET /areas/510800/ HTTP/1.1" 200 373
INFO 2023-09-04 09:51:36,180 autoreload 668 Watching for file changes with StatReloader
INFO 2023-09-04 09:51:39,450 basehttp 212 "GET /areas/ HTTP/1.1" 200 1772
WARNING 2023-09-04 09:51:39,490 log 241 Not Found: /addresses/
WARNING 2023-09-04 09:51:39,491 basehttp 212 "GET /addresses/ HTTP/1.1" 404 4425
INFO 2023-09-04 09:51:42,104 basehttp 212 "GET /areas/220000/ HTTP/1.1" 200 495
INFO 2023-09-04 09:51:44,545 basehttp 212 "GET /areas/220100/ HTTP/1.1" 200 511
INFO 2023-09-04 10:08:39,341 autoreload 266 E:\PythonProject\meiduo_project\meiduo_mall\apps\areas\views.py changed, reloading.
INFO 2023-09-04 10:08:41,017 autoreload 668 Watching for file changes with StatReloader
INFO 2023-09-04 10:14:20,325 autoreload 266 E:\PythonProject\meiduo_project\meiduo_mall\apps\areas\views.py changed, reloading.
INFO 2023-09-04 10:14:21,807 autoreload 668 Watching for file changes with StatReloader
INFO 2023-09-04 10:19:39,101 autoreload 266 E:\PythonProject\meiduo_project\meiduo_mall\apps\areas\views.py changed, reloading.
INFO 2023-09-04 10:19:40,681 autoreload 668 Watching for file changes with StatReloader
INFO 2023-09-04 10:28:11,494 autoreload 266 E:\PythonProject\meiduo_project\meiduo_mall\apps\areas\views.py changed, reloading.
INFO 2023-09-04 10:28:13,137 autoreload 668 Watching for file changes with StatReloader
